<?xml version="1.0" encoding="UTF-8"?>
<!-- Generated by org.testng.reporters.JUnitReportReporter -->
<testsuite hostname="codespaces-e2cff2" failures="0" tests="6" name="com.automation.runners.CucumberTestRunner" time="4.053" errors="6" timestamp="2025-11-30T12:40:21 UTC" skipped="0">
  <testcase classname="com.automation.runners.CucumberTestRunner" name="runScenario" time="0.055">
    <error message="Could not start a new session. Response code 404. Message: The requested resource could not be found, or a request was received using an HTTP method that is not supported by the mapped resource. 
Host info: host: &#039;codespaces-e2cff2&#039;, ip: &#039;127.0.0.1&#039;
Build info: version: &#039;4.13.0&#039;, revision: &#039;ba948ece5b*&#039;
System info: os.name: &#039;Linux&#039;, os.arch: &#039;amd64&#039;, os.version: &#039;6.8.0-1030-azure&#039;, java.version: &#039;21.0.9&#039;
Driver info: io.appium.java_client.android.AndroidDriver
Command: [null, newSession {capabilities=[{appium:deviceType=phone, appium:locale=US, appium:language=en, appium:automationName=UiAutomator2, appium:fullReset=false, appium:platformVersion=13.0, appium:noReset=true, appium:autoGrantPermissions=true, appium:appActivity=com.saucelabs.mydemoapp.android.view.activities.SplashActivity, appium:deviceName=emulator-5554, platformName=ANDROID, appium:app=https://github.com/saucelabs/my-demo-app-android/releases/download/v2.2.0/mda-2.2.0-25.apk, appium:appPackage=com.saucelabs.mydemoapp.android}], desiredCapabilities=Capabilities {appium:app: https://github.com/saucelab..., appium:appActivity: com.saucelabs.mydemoapp.and..., appium:appPackage: com.saucelabs.mydemoapp.and..., appium:autoGrantPermissions: true, appium:automationName: UiAutomator2, appium:deviceName: emulator-5554, appium:deviceType: phone, appium:fullReset: false, appium:language: en, appium:locale: US, appium:noReset: true, appium:platformVersion: 13.0, platformName: ANDROID}}]
Capabilities {appium:app: https://github.com/saucelab..., appium:appActivity: com.saucelabs.mydemoapp.and..., appium:appPackage: com.saucelabs.mydemoapp.and..., appium:autoGrantPermissions: true, appium:automationName: UiAutomator2, appium:deviceName: emulator-5554, appium:deviceType: phone, appium:fullReset: false, appium:language: en, appium:locale: US, appium:noReset: true, appium:platformVersion: 13.0, platformName: ANDROID}" type="org.openqa.selenium.SessionNotCreatedException">
      <![CDATA[org.openqa.selenium.SessionNotCreatedException: Could not start a new session. Response code 404. Message: The requested resource could not be found, or a request was received using an HTTP method that is not supported by the mapped resource. 
Host info: host: 'codespaces-e2cff2', ip: '127.0.0.1'
Build info: version: '4.13.0', revision: 'ba948ece5b*'
System info: os.name: 'Linux', os.arch: 'amd64', os.version: '6.8.0-1030-azure', java.version: '21.0.9'
Driver info: io.appium.java_client.android.AndroidDriver
Command: [null, newSession {capabilities=[{appium:deviceType=phone, appium:locale=US, appium:language=en, appium:automationName=UiAutomator2, appium:fullReset=false, appium:platformVersion=13.0, appium:noReset=true, appium:autoGrantPermissions=true, appium:appActivity=com.saucelabs.mydemoapp.android.view.activities.SplashActivity, appium:deviceName=emulator-5554, platformName=ANDROID, appium:app=https://github.com/saucelabs/my-demo-app-android/releases/download/v2.2.0/mda-2.2.0-25.apk, appium:appPackage=com.saucelabs.mydemoapp.android}], desiredCapabilities=Capabilities {appium:app: https://github.com/saucelab..., appium:appActivity: com.saucelabs.mydemoapp.and..., appium:appPackage: com.saucelabs.mydemoapp.and..., appium:autoGrantPermissions: true, appium:automationName: UiAutomator2, appium:deviceName: emulator-5554, appium:deviceType: phone, appium:fullReset: false, appium:language: en, appium:locale: US, appium:noReset: true, appium:platformVersion: 13.0, platformName: ANDROID}}]
Capabilities {appium:app: https://github.com/saucelab..., appium:appActivity: com.saucelabs.mydemoapp.and..., appium:appPackage: com.saucelabs.mydemoapp.and..., appium:autoGrantPermissions: true, appium:automationName: UiAutomator2, appium:deviceName: emulator-5554, appium:deviceType: phone, appium:fullReset: false, appium:language: en, appium:locale: US, appium:noReset: true, appium:platformVersion: 13.0, platformName: ANDROID}
at org.openqa.selenium.remote.ProtocolHandshake.createSession(ProtocolHandshake.java:140)
at java.base/jdk.internal.reflect.DirectMethodHandleAccessor.invoke(DirectMethodHandleAccessor.java:103)
at java.base/java.lang.reflect.Method.invoke(Method.java:580)
at io.appium.java_client.remote.AppiumProtocolHandshake.createSession(AppiumProtocolHandshake.java:133)
at io.appium.java_client.remote.AppiumProtocolHandshake.createSession(AppiumProtocolHandshake.java:102)
at io.appium.java_client.remote.AppiumCommandExecutor.createSession(AppiumCommandExecutor.java:182)
at io.appium.java_client.remote.AppiumCommandExecutor.execute(AppiumCommandExecutor.java:250)
at com.zebrunner.carina.webdriver.listener.EventFiringAppiumCommandExecutor.execute(EventFiringAppiumCommandExecutor.java:109)
at org.openqa.selenium.remote.RemoteWebDriver.execute(RemoteWebDriver.java:602)
at io.appium.java_client.AppiumDriver.startSession(AppiumDriver.java:274)
at org.openqa.selenium.remote.RemoteWebDriver.<init>(RemoteWebDriver.java:163)
at io.appium.java_client.AppiumDriver.<init>(AppiumDriver.java:89)
at io.appium.java_client.android.AndroidDriver.<init>(AndroidDriver.java:103)
at com.zebrunner.carina.webdriver.core.factory.impl.MobileFactory.create(MobileFactory.java:111)
at com.zebrunner.carina.webdriver.core.factory.DriverFactory.create(DriverFactory.java:89)
at com.zebrunner.carina.webdriver.IDriverPool.createDriver(IDriverPool.java:404)
at com.zebrunner.carina.webdriver.IDriverPool.getDriver(IDriverPool.java:152)
at com.zebrunner.carina.webdriver.IDriverPool.getDriver(IDriverPool.java:116)
at com.zebrunner.carina.webdriver.IDriverPool.getDriver(IDriverPool.java:104)
at com.automation.stepdefinitions.LoginPageSteps.launchApplication(LoginPageSteps.java:33)
at ✽.I launch the EZ Bank mobile application(file:///workspaces/TestMobileCarina/mobile-automation-ez-bank/src/test/resources/features/login.feature:8)
]]>
    </error>
    <system-out>
      <![CDATA[TEST [Surefire test - runScenario [L05]] FAILED at [12:40:21 2025-11-30] - Could not start a new session. Response code 404. Message: The requested resource could not be found, or a request was received using an HTTP method that is not supported by the mapped resource. 
Host info: host: 'codespaces-e2cff2', ip: '127.0.0.1'
Build info: version: '4.13.0', revision: 'ba948ece5b*'
System info: os.name: 'Linux', os.arch: 'amd64', os.version: '6.8.0-1030-azure', java.version: '21.0.9'
Driver info: io.appium.java_client.android.AndroidDriver
Command: [null, newSession {capabilities=[{appium:deviceType=phone, appium:locale=US, appium:language=en, appium:automationName=UiAutomator2, appium:fullReset=false, appium:platformVersion=13.0, appium:noReset=true, appium:autoGrantPermissions=true, appium:appActivity=com.saucelabs.mydemoapp.android.view.activities.SplashActivity, appium:deviceName=emulator-5554, platformName=ANDROID, appium:app=https://github.com/saucelabs/my-demo-app-android/releases/download/v2.2.0/mda-2.2.0-25.apk, appium:appPackage=com.saucelabs.mydemoapp.android}], desiredCapabilities=Capabilities {appium:app: https://github.com/saucelab..., appium:appActivity: com.saucelabs.mydemoapp.and..., appium:appPackage: com.saucelabs.mydemoapp.and..., appium:autoGrantPermissions: true, appium:automationName: UiAutomator2, appium:deviceName: emulator-5554, appium:deviceType: phone, appium:fullReset: false, appium:language: en, appium:locale: US, appium:noReset: true, appium:platformVersion: 13.0, platformName: ANDROID}}]
Capabilities {appium:app: https://github.com/saucelab..., appium:appActivity: com.saucelabs.mydemoapp.and..., appium:appPackage: com.saucelabs.mydemoapp.and..., appium:autoGrantPermissions: true, appium:automationName: UiAutomator2, appium:deviceName: emulator-5554, appium:deviceType: phone, appium:fullReset: false, appium:language: en, appium:locale: US, appium:noReset: true, appium:platformVersion: 13.0, platformName: ANDROID}

org.openqa.selenium.remote.ProtocolHandshake.createSession(ProtocolHandshake.java:140)
java.base/jdk.internal.reflect.DirectMethodHandleAccessor.invoke(DirectMethodHandleAccessor.java:103)
java.base/java.lang.reflect.Method.invoke(Method.java:580)
io.appium.java_client.remote.AppiumProtocolHandshake.createSession(AppiumProtocolHandshake.java:133)
io.appium.java_client.remote.AppiumProtocolHandshake.createSession(AppiumProtocolHandshake.java:102)
io.appium.java_client.remote.AppiumCommandExecutor.createSession(AppiumCommandExecutor.java:182)
io.appium.java_client.remote.AppiumCommandExecutor.execute(AppiumCommandExecutor.java:250)
com.zebrunner.carina.webdriver.listener.EventFiringAppiumCommandExecutor.execute(EventFiringAppiumCommandExecutor.java:109)
org.openqa.selenium.remote.RemoteWebDriver.execute(RemoteWebDriver.java:602)
io.appium.java_client.AppiumDriver.startSession(AppiumDriver.java:274)
org.openqa.selenium.remote.RemoteWebDriver.<init>(RemoteWebDriver.java:163)
io.appium.java_client.AppiumDriver.<init>(AppiumDriver.java:89)
io.appium.java_client.android.AndroidDriver.<init>(AndroidDriver.java:103)
com.zebrunner.carina.webdriver.core.factory.impl.MobileFactory.create(MobileFactory.java:111)
com.zebrunner.carina.webdriver.core.factory.DriverFactory.create(DriverFactory.java:89)
com.zebrunner.carina.webdriver.IDriverPool.createDriver(IDriverPool.java:404)
com.zebrunner.carina.webdriver.IDriverPool.getDriver(IDriverPool.java:152)
com.zebrunner.carina.webdriver.IDriverPool.getDriver(IDriverPool.java:116)
com.zebrunner.carina.webdriver.IDriverPool.getDriver(IDriverPool.java:104)
com.automation.stepdefinitions.LoginPageSteps.launchApplication(LoginPageSteps.java:33)
✽.I launch the EZ Bank mobile application(file:///workspaces/TestMobileCarina/mobile-automation-ez-bank/src/test/resources/features/login.feature:8)]]>
    </system-out>
  </testcase> <!-- runScenario -->
  <testcase classname="com.automation.runners.CucumberTestRunner" name="runScenario" time="3.685">
    <error message="Could not start a new session. Response code 404. Message: The requested resource could not be found, or a request was received using an HTTP method that is not supported by the mapped resource. 
Host info: host: &#039;codespaces-e2cff2&#039;, ip: &#039;127.0.0.1&#039;
Build info: version: &#039;4.13.0&#039;, revision: &#039;ba948ece5b*&#039;
System info: os.name: &#039;Linux&#039;, os.arch: &#039;amd64&#039;, os.version: &#039;6.8.0-1030-azure&#039;, java.version: &#039;21.0.9&#039;
Driver info: io.appium.java_client.android.AndroidDriver
Command: [null, newSession {capabilities=[{appium:deviceType=phone, appium:locale=US, appium:language=en, appium:automationName=UiAutomator2, appium:fullReset=false, appium:platformVersion=13.0, appium:noReset=true, appium:autoGrantPermissions=true, appium:appActivity=com.saucelabs.mydemoapp.android.view.activities.SplashActivity, appium:deviceName=emulator-5554, platformName=ANDROID, appium:app=https://github.com/saucelabs/my-demo-app-android/releases/download/v2.2.0/mda-2.2.0-25.apk, appium:appPackage=com.saucelabs.mydemoapp.android}], desiredCapabilities=Capabilities {appium:app: https://github.com/saucelab..., appium:appActivity: com.saucelabs.mydemoapp.and..., appium:appPackage: com.saucelabs.mydemoapp.and..., appium:autoGrantPermissions: true, appium:automationName: UiAutomator2, appium:deviceName: emulator-5554, appium:deviceType: phone, appium:fullReset: false, appium:language: en, appium:locale: US, appium:noReset: true, appium:platformVersion: 13.0, platformName: ANDROID}}]
Capabilities {appium:app: https://github.com/saucelab..., appium:appActivity: com.saucelabs.mydemoapp.and..., appium:appPackage: com.saucelabs.mydemoapp.and..., appium:autoGrantPermissions: true, appium:automationName: UiAutomator2, appium:deviceName: emulator-5554, appium:deviceType: phone, appium:fullReset: false, appium:language: en, appium:locale: US, appium:noReset: true, appium:platformVersion: 13.0, platformName: ANDROID}" type="org.openqa.selenium.SessionNotCreatedException">
      <![CDATA[org.openqa.selenium.SessionNotCreatedException: Could not start a new session. Response code 404. Message: The requested resource could not be found, or a request was received using an HTTP method that is not supported by the mapped resource. 
Host info: host: 'codespaces-e2cff2', ip: '127.0.0.1'
Build info: version: '4.13.0', revision: 'ba948ece5b*'
System info: os.name: 'Linux', os.arch: 'amd64', os.version: '6.8.0-1030-azure', java.version: '21.0.9'
Driver info: io.appium.java_client.android.AndroidDriver
Command: [null, newSession {capabilities=[{appium:deviceType=phone, appium:locale=US, appium:language=en, appium:automationName=UiAutomator2, appium:fullReset=false, appium:platformVersion=13.0, appium:noReset=true, appium:autoGrantPermissions=true, appium:appActivity=com.saucelabs.mydemoapp.android.view.activities.SplashActivity, appium:deviceName=emulator-5554, platformName=ANDROID, appium:app=https://github.com/saucelabs/my-demo-app-android/releases/download/v2.2.0/mda-2.2.0-25.apk, appium:appPackage=com.saucelabs.mydemoapp.android}], desiredCapabilities=Capabilities {appium:app: https://github.com/saucelab..., appium:appActivity: com.saucelabs.mydemoapp.and..., appium:appPackage: com.saucelabs.mydemoapp.and..., appium:autoGrantPermissions: true, appium:automationName: UiAutomator2, appium:deviceName: emulator-5554, appium:deviceType: phone, appium:fullReset: false, appium:language: en, appium:locale: US, appium:noReset: true, appium:platformVersion: 13.0, platformName: ANDROID}}]
Capabilities {appium:app: https://github.com/saucelab..., appium:appActivity: com.saucelabs.mydemoapp.and..., appium:appPackage: com.saucelabs.mydemoapp.and..., appium:autoGrantPermissions: true, appium:automationName: UiAutomator2, appium:deviceName: emulator-5554, appium:deviceType: phone, appium:fullReset: false, appium:language: en, appium:locale: US, appium:noReset: true, appium:platformVersion: 13.0, platformName: ANDROID}
at org.openqa.selenium.remote.ProtocolHandshake.createSession(ProtocolHandshake.java:140)
at java.base/jdk.internal.reflect.DirectMethodHandleAccessor.invoke(DirectMethodHandleAccessor.java:103)
at java.base/java.lang.reflect.Method.invoke(Method.java:580)
at io.appium.java_client.remote.AppiumProtocolHandshake.createSession(AppiumProtocolHandshake.java:133)
at io.appium.java_client.remote.AppiumProtocolHandshake.createSession(AppiumProtocolHandshake.java:102)
at io.appium.java_client.remote.AppiumCommandExecutor.createSession(AppiumCommandExecutor.java:182)
at io.appium.java_client.remote.AppiumCommandExecutor.execute(AppiumCommandExecutor.java:250)
at com.zebrunner.carina.webdriver.listener.EventFiringAppiumCommandExecutor.execute(EventFiringAppiumCommandExecutor.java:109)
at org.openqa.selenium.remote.RemoteWebDriver.execute(RemoteWebDriver.java:602)
at io.appium.java_client.AppiumDriver.startSession(AppiumDriver.java:274)
at org.openqa.selenium.remote.RemoteWebDriver.<init>(RemoteWebDriver.java:163)
at io.appium.java_client.AppiumDriver.<init>(AppiumDriver.java:89)
at io.appium.java_client.android.AndroidDriver.<init>(AndroidDriver.java:103)
at com.zebrunner.carina.webdriver.core.factory.impl.MobileFactory.create(MobileFactory.java:111)
at com.zebrunner.carina.webdriver.core.factory.DriverFactory.create(DriverFactory.java:89)
at com.zebrunner.carina.webdriver.IDriverPool.createDriver(IDriverPool.java:404)
at com.zebrunner.carina.webdriver.IDriverPool.getDriver(IDriverPool.java:152)
at com.zebrunner.carina.webdriver.IDriverPool.getDriver(IDriverPool.java:116)
at com.zebrunner.carina.webdriver.IDriverPool.getDriver(IDriverPool.java:104)
at com.automation.stepdefinitions.HomePageSteps.iLaunchTheMobileApp(HomePageSteps.java:35)
at ✽.I launch the mobile app(file:///workspaces/TestMobileCarina/mobile-automation-ez-bank/src/test/resources/features/home_page.feature:8)
]]>
    </error>
    <system-out>
      <![CDATA[TEST [Surefire test - runScenario [L01]] FAILED at [12:40:21 2025-11-30] - Could not start a new session. Response code 404. Message: The requested resource could not be found, or a request was received using an HTTP method that is not supported by the mapped resource. 
Host info: host: 'codespaces-e2cff2', ip: '127.0.0.1'
Build info: version: '4.13.0', revision: 'ba948ece5b*'
System info: os.name: 'Linux', os.arch: 'amd64', os.version: '6.8.0-1030-azure', java.version: '21.0.9'
Driver info: io.appium.java_client.android.AndroidDriver
Command: [null, newSession {capabilities=[{appium:deviceType=phone, appium:locale=US, appium:language=en, appium:automationName=UiAutomator2, appium:fullReset=false, appium:platformVersion=13.0, appium:noReset=true, appium:autoGrantPermissions=true, appium:appActivity=com.saucelabs.mydemoapp.android.view.activities.SplashActivity, appium:deviceName=emulator-5554, platformName=ANDROID, appium:app=https://github.com/saucelabs/my-demo-app-android/releases/download/v2.2.0/mda-2.2.0-25.apk, appium:appPackage=com.saucelabs.mydemoapp.android}], desiredCapabilities=Capabilities {appium:app: https://github.com/saucelab..., appium:appActivity: com.saucelabs.mydemoapp.and..., appium:appPackage: com.saucelabs.mydemoapp.and..., appium:autoGrantPermissions: true, appium:automationName: UiAutomator2, appium:deviceName: emulator-5554, appium:deviceType: phone, appium:fullReset: false, appium:language: en, appium:locale: US, appium:noReset: true, appium:platformVersion: 13.0, platformName: ANDROID}}]
Capabilities {appium:app: https://github.com/saucelab..., appium:appActivity: com.saucelabs.mydemoapp.and..., appium:appPackage: com.saucelabs.mydemoapp.and..., appium:autoGrantPermissions: true, appium:automationName: UiAutomator2, appium:deviceName: emulator-5554, appium:deviceType: phone, appium:fullReset: false, appium:language: en, appium:locale: US, appium:noReset: true, appium:platformVersion: 13.0, platformName: ANDROID}

org.openqa.selenium.remote.ProtocolHandshake.createSession(ProtocolHandshake.java:140)
java.base/jdk.internal.reflect.DirectMethodHandleAccessor.invoke(DirectMethodHandleAccessor.java:103)
java.base/java.lang.reflect.Method.invoke(Method.java:580)
io.appium.java_client.remote.AppiumProtocolHandshake.createSession(AppiumProtocolHandshake.java:133)
io.appium.java_client.remote.AppiumProtocolHandshake.createSession(AppiumProtocolHandshake.java:102)
io.appium.java_client.remote.AppiumCommandExecutor.createSession(AppiumCommandExecutor.java:182)
io.appium.java_client.remote.AppiumCommandExecutor.execute(AppiumCommandExecutor.java:250)
com.zebrunner.carina.webdriver.listener.EventFiringAppiumCommandExecutor.execute(EventFiringAppiumCommandExecutor.java:109)
org.openqa.selenium.remote.RemoteWebDriver.execute(RemoteWebDriver.java:602)
io.appium.java_client.AppiumDriver.startSession(AppiumDriver.java:274)
org.openqa.selenium.remote.RemoteWebDriver.<init>(RemoteWebDriver.java:163)
io.appium.java_client.AppiumDriver.<init>(AppiumDriver.java:89)
io.appium.java_client.android.AndroidDriver.<init>(AndroidDriver.java:103)
com.zebrunner.carina.webdriver.core.factory.impl.MobileFactory.create(MobileFactory.java:111)
com.zebrunner.carina.webdriver.core.factory.DriverFactory.create(DriverFactory.java:89)
com.zebrunner.carina.webdriver.IDriverPool.createDriver(IDriverPool.java:404)
com.zebrunner.carina.webdriver.IDriverPool.getDriver(IDriverPool.java:152)
com.zebrunner.carina.webdriver.IDriverPool.getDriver(IDriverPool.java:116)
com.zebrunner.carina.webdriver.IDriverPool.getDriver(IDriverPool.java:104)
com.automation.stepdefinitions.HomePageSteps.iLaunchTheMobileApp(HomePageSteps.java:35)
✽.I launch the mobile app(file:///workspaces/TestMobileCarina/mobile-automation-ez-bank/src/test/resources/features/home_page.feature:8)]]>
    </system-out>
  </testcase> <!-- runScenario -->
  <testcase classname="com.automation.runners.CucumberTestRunner" name="runScenario" time="0.059">
    <error message="Could not start a new session. Response code 404. Message: The requested resource could not be found, or a request was received using an HTTP method that is not supported by the mapped resource. 
Host info: host: &#039;codespaces-e2cff2&#039;, ip: &#039;127.0.0.1&#039;
Build info: version: &#039;4.13.0&#039;, revision: &#039;ba948ece5b*&#039;
System info: os.name: &#039;Linux&#039;, os.arch: &#039;amd64&#039;, os.version: &#039;6.8.0-1030-azure&#039;, java.version: &#039;21.0.9&#039;
Driver info: io.appium.java_client.android.AndroidDriver
Command: [null, newSession {capabilities=[{appium:deviceType=phone, appium:locale=US, appium:language=en, appium:automationName=UiAutomator2, appium:fullReset=false, appium:platformVersion=13.0, appium:noReset=true, appium:autoGrantPermissions=true, appium:appActivity=com.saucelabs.mydemoapp.android.view.activities.SplashActivity, appium:deviceName=emulator-5554, platformName=ANDROID, appium:app=https://github.com/saucelabs/my-demo-app-android/releases/download/v2.2.0/mda-2.2.0-25.apk, appium:appPackage=com.saucelabs.mydemoapp.android}], desiredCapabilities=Capabilities {appium:app: https://github.com/saucelab..., appium:appActivity: com.saucelabs.mydemoapp.and..., appium:appPackage: com.saucelabs.mydemoapp.and..., appium:autoGrantPermissions: true, appium:automationName: UiAutomator2, appium:deviceName: emulator-5554, appium:deviceType: phone, appium:fullReset: false, appium:language: en, appium:locale: US, appium:noReset: true, appium:platformVersion: 13.0, platformName: ANDROID}}]
Capabilities {appium:app: https://github.com/saucelab..., appium:appActivity: com.saucelabs.mydemoapp.and..., appium:appPackage: com.saucelabs.mydemoapp.and..., appium:autoGrantPermissions: true, appium:automationName: UiAutomator2, appium:deviceName: emulator-5554, appium:deviceType: phone, appium:fullReset: false, appium:language: en, appium:locale: US, appium:noReset: true, appium:platformVersion: 13.0, platformName: ANDROID}" type="org.openqa.selenium.SessionNotCreatedException">
      <![CDATA[org.openqa.selenium.SessionNotCreatedException: Could not start a new session. Response code 404. Message: The requested resource could not be found, or a request was received using an HTTP method that is not supported by the mapped resource. 
Host info: host: 'codespaces-e2cff2', ip: '127.0.0.1'
Build info: version: '4.13.0', revision: 'ba948ece5b*'
System info: os.name: 'Linux', os.arch: 'amd64', os.version: '6.8.0-1030-azure', java.version: '21.0.9'
Driver info: io.appium.java_client.android.AndroidDriver
Command: [null, newSession {capabilities=[{appium:deviceType=phone, appium:locale=US, appium:language=en, appium:automationName=UiAutomator2, appium:fullReset=false, appium:platformVersion=13.0, appium:noReset=true, appium:autoGrantPermissions=true, appium:appActivity=com.saucelabs.mydemoapp.android.view.activities.SplashActivity, appium:deviceName=emulator-5554, platformName=ANDROID, appium:app=https://github.com/saucelabs/my-demo-app-android/releases/download/v2.2.0/mda-2.2.0-25.apk, appium:appPackage=com.saucelabs.mydemoapp.android}], desiredCapabilities=Capabilities {appium:app: https://github.com/saucelab..., appium:appActivity: com.saucelabs.mydemoapp.and..., appium:appPackage: com.saucelabs.mydemoapp.and..., appium:autoGrantPermissions: true, appium:automationName: UiAutomator2, appium:deviceName: emulator-5554, appium:deviceType: phone, appium:fullReset: false, appium:language: en, appium:locale: US, appium:noReset: true, appium:platformVersion: 13.0, platformName: ANDROID}}]
Capabilities {appium:app: https://github.com/saucelab..., appium:appActivity: com.saucelabs.mydemoapp.and..., appium:appPackage: com.saucelabs.mydemoapp.and..., appium:autoGrantPermissions: true, appium:automationName: UiAutomator2, appium:deviceName: emulator-5554, appium:deviceType: phone, appium:fullReset: false, appium:language: en, appium:locale: US, appium:noReset: true, appium:platformVersion: 13.0, platformName: ANDROID}
at org.openqa.selenium.remote.ProtocolHandshake.createSession(ProtocolHandshake.java:140)
at java.base/jdk.internal.reflect.DirectMethodHandleAccessor.invoke(DirectMethodHandleAccessor.java:103)
at java.base/java.lang.reflect.Method.invoke(Method.java:580)
at io.appium.java_client.remote.AppiumProtocolHandshake.createSession(AppiumProtocolHandshake.java:133)
at io.appium.java_client.remote.AppiumProtocolHandshake.createSession(AppiumProtocolHandshake.java:102)
at io.appium.java_client.remote.AppiumCommandExecutor.createSession(AppiumCommandExecutor.java:182)
at io.appium.java_client.remote.AppiumCommandExecutor.execute(AppiumCommandExecutor.java:250)
at com.zebrunner.carina.webdriver.listener.EventFiringAppiumCommandExecutor.execute(EventFiringAppiumCommandExecutor.java:109)
at org.openqa.selenium.remote.RemoteWebDriver.execute(RemoteWebDriver.java:602)
at io.appium.java_client.AppiumDriver.startSession(AppiumDriver.java:274)
at org.openqa.selenium.remote.RemoteWebDriver.<init>(RemoteWebDriver.java:163)
at io.appium.java_client.AppiumDriver.<init>(AppiumDriver.java:89)
at io.appium.java_client.android.AndroidDriver.<init>(AndroidDriver.java:103)
at com.zebrunner.carina.webdriver.core.factory.impl.MobileFactory.create(MobileFactory.java:111)
at com.zebrunner.carina.webdriver.core.factory.DriverFactory.create(DriverFactory.java:89)
at com.zebrunner.carina.webdriver.IDriverPool.createDriver(IDriverPool.java:404)
at com.zebrunner.carina.webdriver.IDriverPool.getDriver(IDriverPool.java:152)
at com.zebrunner.carina.webdriver.IDriverPool.getDriver(IDriverPool.java:116)
at com.zebrunner.carina.webdriver.IDriverPool.getDriver(IDriverPool.java:104)
at com.automation.stepdefinitions.LoginPageSteps.launchApplication(LoginPageSteps.java:33)
at ✽.I launch the EZ Bank mobile application(file:///workspaces/TestMobileCarina/mobile-automation-ez-bank/src/test/resources/features/login.feature:8)
]]>
    </error>
    <system-out>
      <![CDATA[TEST [Surefire test - runScenario [L03]] FAILED at [12:40:21 2025-11-30] - Could not start a new session. Response code 404. Message: The requested resource could not be found, or a request was received using an HTTP method that is not supported by the mapped resource. 
Host info: host: 'codespaces-e2cff2', ip: '127.0.0.1'
Build info: version: '4.13.0', revision: 'ba948ece5b*'
System info: os.name: 'Linux', os.arch: 'amd64', os.version: '6.8.0-1030-azure', java.version: '21.0.9'
Driver info: io.appium.java_client.android.AndroidDriver
Command: [null, newSession {capabilities=[{appium:deviceType=phone, appium:locale=US, appium:language=en, appium:automationName=UiAutomator2, appium:fullReset=false, appium:platformVersion=13.0, appium:noReset=true, appium:autoGrantPermissions=true, appium:appActivity=com.saucelabs.mydemoapp.android.view.activities.SplashActivity, appium:deviceName=emulator-5554, platformName=ANDROID, appium:app=https://github.com/saucelabs/my-demo-app-android/releases/download/v2.2.0/mda-2.2.0-25.apk, appium:appPackage=com.saucelabs.mydemoapp.android}], desiredCapabilities=Capabilities {appium:app: https://github.com/saucelab..., appium:appActivity: com.saucelabs.mydemoapp.and..., appium:appPackage: com.saucelabs.mydemoapp.and..., appium:autoGrantPermissions: true, appium:automationName: UiAutomator2, appium:deviceName: emulator-5554, appium:deviceType: phone, appium:fullReset: false, appium:language: en, appium:locale: US, appium:noReset: true, appium:platformVersion: 13.0, platformName: ANDROID}}]
Capabilities {appium:app: https://github.com/saucelab..., appium:appActivity: com.saucelabs.mydemoapp.and..., appium:appPackage: com.saucelabs.mydemoapp.and..., appium:autoGrantPermissions: true, appium:automationName: UiAutomator2, appium:deviceName: emulator-5554, appium:deviceType: phone, appium:fullReset: false, appium:language: en, appium:locale: US, appium:noReset: true, appium:platformVersion: 13.0, platformName: ANDROID}

org.openqa.selenium.remote.ProtocolHandshake.createSession(ProtocolHandshake.java:140)
java.base/jdk.internal.reflect.DirectMethodHandleAccessor.invoke(DirectMethodHandleAccessor.java:103)
java.base/java.lang.reflect.Method.invoke(Method.java:580)
io.appium.java_client.remote.AppiumProtocolHandshake.createSession(AppiumProtocolHandshake.java:133)
io.appium.java_client.remote.AppiumProtocolHandshake.createSession(AppiumProtocolHandshake.java:102)
io.appium.java_client.remote.AppiumCommandExecutor.createSession(AppiumCommandExecutor.java:182)
io.appium.java_client.remote.AppiumCommandExecutor.execute(AppiumCommandExecutor.java:250)
com.zebrunner.carina.webdriver.listener.EventFiringAppiumCommandExecutor.execute(EventFiringAppiumCommandExecutor.java:109)
org.openqa.selenium.remote.RemoteWebDriver.execute(RemoteWebDriver.java:602)
io.appium.java_client.AppiumDriver.startSession(AppiumDriver.java:274)
org.openqa.selenium.remote.RemoteWebDriver.<init>(RemoteWebDriver.java:163)
io.appium.java_client.AppiumDriver.<init>(AppiumDriver.java:89)
io.appium.java_client.android.AndroidDriver.<init>(AndroidDriver.java:103)
com.zebrunner.carina.webdriver.core.factory.impl.MobileFactory.create(MobileFactory.java:111)
com.zebrunner.carina.webdriver.core.factory.DriverFactory.create(DriverFactory.java:89)
com.zebrunner.carina.webdriver.IDriverPool.createDriver(IDriverPool.java:404)
com.zebrunner.carina.webdriver.IDriverPool.getDriver(IDriverPool.java:152)
com.zebrunner.carina.webdriver.IDriverPool.getDriver(IDriverPool.java:116)
com.zebrunner.carina.webdriver.IDriverPool.getDriver(IDriverPool.java:104)
com.automation.stepdefinitions.LoginPageSteps.launchApplication(LoginPageSteps.java:33)
✽.I launch the EZ Bank mobile application(file:///workspaces/TestMobileCarina/mobile-automation-ez-bank/src/test/resources/features/login.feature:8)]]>
    </system-out>
  </testcase> <!-- runScenario -->
  <testcase classname="com.automation.runners.CucumberTestRunner" name="runScenario" time="0.071">
    <error message="Could not start a new session. Response code 404. Message: The requested resource could not be found, or a request was received using an HTTP method that is not supported by the mapped resource. 
Host info: host: &#039;codespaces-e2cff2&#039;, ip: &#039;127.0.0.1&#039;
Build info: version: &#039;4.13.0&#039;, revision: &#039;ba948ece5b*&#039;
System info: os.name: &#039;Linux&#039;, os.arch: &#039;amd64&#039;, os.version: &#039;6.8.0-1030-azure&#039;, java.version: &#039;21.0.9&#039;
Driver info: io.appium.java_client.android.AndroidDriver
Command: [null, newSession {capabilities=[{appium:deviceType=phone, appium:locale=US, appium:language=en, appium:automationName=UiAutomator2, appium:fullReset=false, appium:platformVersion=13.0, appium:noReset=true, appium:autoGrantPermissions=true, appium:appActivity=com.saucelabs.mydemoapp.android.view.activities.SplashActivity, appium:deviceName=emulator-5554, platformName=ANDROID, appium:app=https://github.com/saucelabs/my-demo-app-android/releases/download/v2.2.0/mda-2.2.0-25.apk, appium:appPackage=com.saucelabs.mydemoapp.android}], desiredCapabilities=Capabilities {appium:app: https://github.com/saucelab..., appium:appActivity: com.saucelabs.mydemoapp.and..., appium:appPackage: com.saucelabs.mydemoapp.and..., appium:autoGrantPermissions: true, appium:automationName: UiAutomator2, appium:deviceName: emulator-5554, appium:deviceType: phone, appium:fullReset: false, appium:language: en, appium:locale: US, appium:noReset: true, appium:platformVersion: 13.0, platformName: ANDROID}}]
Capabilities {appium:app: https://github.com/saucelab..., appium:appActivity: com.saucelabs.mydemoapp.and..., appium:appPackage: com.saucelabs.mydemoapp.and..., appium:autoGrantPermissions: true, appium:automationName: UiAutomator2, appium:deviceName: emulator-5554, appium:deviceType: phone, appium:fullReset: false, appium:language: en, appium:locale: US, appium:noReset: true, appium:platformVersion: 13.0, platformName: ANDROID}" type="org.openqa.selenium.SessionNotCreatedException">
      <![CDATA[org.openqa.selenium.SessionNotCreatedException: Could not start a new session. Response code 404. Message: The requested resource could not be found, or a request was received using an HTTP method that is not supported by the mapped resource. 
Host info: host: 'codespaces-e2cff2', ip: '127.0.0.1'
Build info: version: '4.13.0', revision: 'ba948ece5b*'
System info: os.name: 'Linux', os.arch: 'amd64', os.version: '6.8.0-1030-azure', java.version: '21.0.9'
Driver info: io.appium.java_client.android.AndroidDriver
Command: [null, newSession {capabilities=[{appium:deviceType=phone, appium:locale=US, appium:language=en, appium:automationName=UiAutomator2, appium:fullReset=false, appium:platformVersion=13.0, appium:noReset=true, appium:autoGrantPermissions=true, appium:appActivity=com.saucelabs.mydemoapp.android.view.activities.SplashActivity, appium:deviceName=emulator-5554, platformName=ANDROID, appium:app=https://github.com/saucelabs/my-demo-app-android/releases/download/v2.2.0/mda-2.2.0-25.apk, appium:appPackage=com.saucelabs.mydemoapp.android}], desiredCapabilities=Capabilities {appium:app: https://github.com/saucelab..., appium:appActivity: com.saucelabs.mydemoapp.and..., appium:appPackage: com.saucelabs.mydemoapp.and..., appium:autoGrantPermissions: true, appium:automationName: UiAutomator2, appium:deviceName: emulator-5554, appium:deviceType: phone, appium:fullReset: false, appium:language: en, appium:locale: US, appium:noReset: true, appium:platformVersion: 13.0, platformName: ANDROID}}]
Capabilities {appium:app: https://github.com/saucelab..., appium:appActivity: com.saucelabs.mydemoapp.and..., appium:appPackage: com.saucelabs.mydemoapp.and..., appium:autoGrantPermissions: true, appium:automationName: UiAutomator2, appium:deviceName: emulator-5554, appium:deviceType: phone, appium:fullReset: false, appium:language: en, appium:locale: US, appium:noReset: true, appium:platformVersion: 13.0, platformName: ANDROID}
at org.openqa.selenium.remote.ProtocolHandshake.createSession(ProtocolHandshake.java:140)
at java.base/jdk.internal.reflect.DirectMethodHandleAccessor.invoke(DirectMethodHandleAccessor.java:103)
at java.base/java.lang.reflect.Method.invoke(Method.java:580)
at io.appium.java_client.remote.AppiumProtocolHandshake.createSession(AppiumProtocolHandshake.java:133)
at io.appium.java_client.remote.AppiumProtocolHandshake.createSession(AppiumProtocolHandshake.java:102)
at io.appium.java_client.remote.AppiumCommandExecutor.createSession(AppiumCommandExecutor.java:182)
at io.appium.java_client.remote.AppiumCommandExecutor.execute(AppiumCommandExecutor.java:250)
at com.zebrunner.carina.webdriver.listener.EventFiringAppiumCommandExecutor.execute(EventFiringAppiumCommandExecutor.java:109)
at org.openqa.selenium.remote.RemoteWebDriver.execute(RemoteWebDriver.java:602)
at io.appium.java_client.AppiumDriver.startSession(AppiumDriver.java:274)
at org.openqa.selenium.remote.RemoteWebDriver.<init>(RemoteWebDriver.java:163)
at io.appium.java_client.AppiumDriver.<init>(AppiumDriver.java:89)
at io.appium.java_client.android.AndroidDriver.<init>(AndroidDriver.java:103)
at com.zebrunner.carina.webdriver.core.factory.impl.MobileFactory.create(MobileFactory.java:111)
at com.zebrunner.carina.webdriver.core.factory.DriverFactory.create(DriverFactory.java:89)
at com.zebrunner.carina.webdriver.IDriverPool.createDriver(IDriverPool.java:404)
at com.zebrunner.carina.webdriver.IDriverPool.getDriver(IDriverPool.java:152)
at com.zebrunner.carina.webdriver.IDriverPool.getDriver(IDriverPool.java:116)
at com.zebrunner.carina.webdriver.IDriverPool.getDriver(IDriverPool.java:104)
at com.automation.stepdefinitions.LoginPageSteps.launchApplication(LoginPageSteps.java:33)
at ✽.I launch the EZ Bank mobile application(file:///workspaces/TestMobileCarina/mobile-automation-ez-bank/src/test/resources/features/login.feature:8)
]]>
    </error>
    <system-out>
      <![CDATA[TEST [Surefire test - runScenario [L04]] FAILED at [12:40:21 2025-11-30] - Could not start a new session. Response code 404. Message: The requested resource could not be found, or a request was received using an HTTP method that is not supported by the mapped resource. 
Host info: host: 'codespaces-e2cff2', ip: '127.0.0.1'
Build info: version: '4.13.0', revision: 'ba948ece5b*'
System info: os.name: 'Linux', os.arch: 'amd64', os.version: '6.8.0-1030-azure', java.version: '21.0.9'
Driver info: io.appium.java_client.android.AndroidDriver
Command: [null, newSession {capabilities=[{appium:deviceType=phone, appium:locale=US, appium:language=en, appium:automationName=UiAutomator2, appium:fullReset=false, appium:platformVersion=13.0, appium:noReset=true, appium:autoGrantPermissions=true, appium:appActivity=com.saucelabs.mydemoapp.android.view.activities.SplashActivity, appium:deviceName=emulator-5554, platformName=ANDROID, appium:app=https://github.com/saucelabs/my-demo-app-android/releases/download/v2.2.0/mda-2.2.0-25.apk, appium:appPackage=com.saucelabs.mydemoapp.android}], desiredCapabilities=Capabilities {appium:app: https://github.com/saucelab..., appium:appActivity: com.saucelabs.mydemoapp.and..., appium:appPackage: com.saucelabs.mydemoapp.and..., appium:autoGrantPermissions: true, appium:automationName: UiAutomator2, appium:deviceName: emulator-5554, appium:deviceType: phone, appium:fullReset: false, appium:language: en, appium:locale: US, appium:noReset: true, appium:platformVersion: 13.0, platformName: ANDROID}}]
Capabilities {appium:app: https://github.com/saucelab..., appium:appActivity: com.saucelabs.mydemoapp.and..., appium:appPackage: com.saucelabs.mydemoapp.and..., appium:autoGrantPermissions: true, appium:automationName: UiAutomator2, appium:deviceName: emulator-5554, appium:deviceType: phone, appium:fullReset: false, appium:language: en, appium:locale: US, appium:noReset: true, appium:platformVersion: 13.0, platformName: ANDROID}

org.openqa.selenium.remote.ProtocolHandshake.createSession(ProtocolHandshake.java:140)
java.base/jdk.internal.reflect.DirectMethodHandleAccessor.invoke(DirectMethodHandleAccessor.java:103)
java.base/java.lang.reflect.Method.invoke(Method.java:580)
io.appium.java_client.remote.AppiumProtocolHandshake.createSession(AppiumProtocolHandshake.java:133)
io.appium.java_client.remote.AppiumProtocolHandshake.createSession(AppiumProtocolHandshake.java:102)
io.appium.java_client.remote.AppiumCommandExecutor.createSession(AppiumCommandExecutor.java:182)
io.appium.java_client.remote.AppiumCommandExecutor.execute(AppiumCommandExecutor.java:250)
com.zebrunner.carina.webdriver.listener.EventFiringAppiumCommandExecutor.execute(EventFiringAppiumCommandExecutor.java:109)
org.openqa.selenium.remote.RemoteWebDriver.execute(RemoteWebDriver.java:602)
io.appium.java_client.AppiumDriver.startSession(AppiumDriver.java:274)
org.openqa.selenium.remote.RemoteWebDriver.<init>(RemoteWebDriver.java:163)
io.appium.java_client.AppiumDriver.<init>(AppiumDriver.java:89)
io.appium.java_client.android.AndroidDriver.<init>(AndroidDriver.java:103)
com.zebrunner.carina.webdriver.core.factory.impl.MobileFactory.create(MobileFactory.java:111)
com.zebrunner.carina.webdriver.core.factory.DriverFactory.create(DriverFactory.java:89)
com.zebrunner.carina.webdriver.IDriverPool.createDriver(IDriverPool.java:404)
com.zebrunner.carina.webdriver.IDriverPool.getDriver(IDriverPool.java:152)
com.zebrunner.carina.webdriver.IDriverPool.getDriver(IDriverPool.java:116)
com.zebrunner.carina.webdriver.IDriverPool.getDriver(IDriverPool.java:104)
com.automation.stepdefinitions.LoginPageSteps.launchApplication(LoginPageSteps.java:33)
✽.I launch the EZ Bank mobile application(file:///workspaces/TestMobileCarina/mobile-automation-ez-bank/src/test/resources/features/login.feature:8)]]>
    </system-out>
  </testcase> <!-- runScenario -->
  <testcase classname="com.automation.runners.CucumberTestRunner" name="runScenario" time="0.083">
    <error message="Could not start a new session. Response code 404. Message: The requested resource could not be found, or a request was received using an HTTP method that is not supported by the mapped resource. 
Host info: host: &#039;codespaces-e2cff2&#039;, ip: &#039;127.0.0.1&#039;
Build info: version: &#039;4.13.0&#039;, revision: &#039;ba948ece5b*&#039;
System info: os.name: &#039;Linux&#039;, os.arch: &#039;amd64&#039;, os.version: &#039;6.8.0-1030-azure&#039;, java.version: &#039;21.0.9&#039;
Driver info: io.appium.java_client.android.AndroidDriver
Command: [null, newSession {capabilities=[{appium:deviceType=phone, appium:locale=US, appium:language=en, appium:automationName=UiAutomator2, appium:fullReset=false, appium:platformVersion=13.0, appium:noReset=true, appium:autoGrantPermissions=true, appium:appActivity=com.saucelabs.mydemoapp.android.view.activities.SplashActivity, appium:deviceName=emulator-5554, platformName=ANDROID, appium:app=https://github.com/saucelabs/my-demo-app-android/releases/download/v2.2.0/mda-2.2.0-25.apk, appium:appPackage=com.saucelabs.mydemoapp.android}], desiredCapabilities=Capabilities {appium:app: https://github.com/saucelab..., appium:appActivity: com.saucelabs.mydemoapp.and..., appium:appPackage: com.saucelabs.mydemoapp.and..., appium:autoGrantPermissions: true, appium:automationName: UiAutomator2, appium:deviceName: emulator-5554, appium:deviceType: phone, appium:fullReset: false, appium:language: en, appium:locale: US, appium:noReset: true, appium:platformVersion: 13.0, platformName: ANDROID}}]
Capabilities {appium:app: https://github.com/saucelab..., appium:appActivity: com.saucelabs.mydemoapp.and..., appium:appPackage: com.saucelabs.mydemoapp.and..., appium:autoGrantPermissions: true, appium:automationName: UiAutomator2, appium:deviceName: emulator-5554, appium:deviceType: phone, appium:fullReset: false, appium:language: en, appium:locale: US, appium:noReset: true, appium:platformVersion: 13.0, platformName: ANDROID}" type="org.openqa.selenium.SessionNotCreatedException">
      <![CDATA[org.openqa.selenium.SessionNotCreatedException: Could not start a new session. Response code 404. Message: The requested resource could not be found, or a request was received using an HTTP method that is not supported by the mapped resource. 
Host info: host: 'codespaces-e2cff2', ip: '127.0.0.1'
Build info: version: '4.13.0', revision: 'ba948ece5b*'
System info: os.name: 'Linux', os.arch: 'amd64', os.version: '6.8.0-1030-azure', java.version: '21.0.9'
Driver info: io.appium.java_client.android.AndroidDriver
Command: [null, newSession {capabilities=[{appium:deviceType=phone, appium:locale=US, appium:language=en, appium:automationName=UiAutomator2, appium:fullReset=false, appium:platformVersion=13.0, appium:noReset=true, appium:autoGrantPermissions=true, appium:appActivity=com.saucelabs.mydemoapp.android.view.activities.SplashActivity, appium:deviceName=emulator-5554, platformName=ANDROID, appium:app=https://github.com/saucelabs/my-demo-app-android/releases/download/v2.2.0/mda-2.2.0-25.apk, appium:appPackage=com.saucelabs.mydemoapp.android}], desiredCapabilities=Capabilities {appium:app: https://github.com/saucelab..., appium:appActivity: com.saucelabs.mydemoapp.and..., appium:appPackage: com.saucelabs.mydemoapp.and..., appium:autoGrantPermissions: true, appium:automationName: UiAutomator2, appium:deviceName: emulator-5554, appium:deviceType: phone, appium:fullReset: false, appium:language: en, appium:locale: US, appium:noReset: true, appium:platformVersion: 13.0, platformName: ANDROID}}]
Capabilities {appium:app: https://github.com/saucelab..., appium:appActivity: com.saucelabs.mydemoapp.and..., appium:appPackage: com.saucelabs.mydemoapp.and..., appium:autoGrantPermissions: true, appium:automationName: UiAutomator2, appium:deviceName: emulator-5554, appium:deviceType: phone, appium:fullReset: false, appium:language: en, appium:locale: US, appium:noReset: true, appium:platformVersion: 13.0, platformName: ANDROID}
at org.openqa.selenium.remote.ProtocolHandshake.createSession(ProtocolHandshake.java:140)
at java.base/jdk.internal.reflect.DirectMethodHandleAccessor.invoke(DirectMethodHandleAccessor.java:103)
at java.base/java.lang.reflect.Method.invoke(Method.java:580)
at io.appium.java_client.remote.AppiumProtocolHandshake.createSession(AppiumProtocolHandshake.java:133)
at io.appium.java_client.remote.AppiumProtocolHandshake.createSession(AppiumProtocolHandshake.java:102)
at io.appium.java_client.remote.AppiumCommandExecutor.createSession(AppiumCommandExecutor.java:182)
at io.appium.java_client.remote.AppiumCommandExecutor.execute(AppiumCommandExecutor.java:250)
at com.zebrunner.carina.webdriver.listener.EventFiringAppiumCommandExecutor.execute(EventFiringAppiumCommandExecutor.java:109)
at org.openqa.selenium.remote.RemoteWebDriver.execute(RemoteWebDriver.java:602)
at io.appium.java_client.AppiumDriver.startSession(AppiumDriver.java:274)
at org.openqa.selenium.remote.RemoteWebDriver.<init>(RemoteWebDriver.java:163)
at io.appium.java_client.AppiumDriver.<init>(AppiumDriver.java:89)
at io.appium.java_client.android.AndroidDriver.<init>(AndroidDriver.java:103)
at com.zebrunner.carina.webdriver.core.factory.impl.MobileFactory.create(MobileFactory.java:111)
at com.zebrunner.carina.webdriver.core.factory.DriverFactory.create(DriverFactory.java:89)
at com.zebrunner.carina.webdriver.IDriverPool.createDriver(IDriverPool.java:404)
at com.zebrunner.carina.webdriver.IDriverPool.getDriver(IDriverPool.java:152)
at com.zebrunner.carina.webdriver.IDriverPool.getDriver(IDriverPool.java:116)
at com.zebrunner.carina.webdriver.IDriverPool.getDriver(IDriverPool.java:104)
at com.automation.stepdefinitions.HomePageSteps.iLaunchTheMobileApp(HomePageSteps.java:35)
at ✽.I launch the mobile app(file:///workspaces/TestMobileCarina/mobile-automation-ez-bank/src/test/resources/features/home_page.feature:8)
]]>
    </error>
    <system-out>
      <![CDATA[TEST [Surefire test - runScenario [L02]] FAILED at [12:40:21 2025-11-30] - Could not start a new session. Response code 404. Message: The requested resource could not be found, or a request was received using an HTTP method that is not supported by the mapped resource. 
Host info: host: 'codespaces-e2cff2', ip: '127.0.0.1'
Build info: version: '4.13.0', revision: 'ba948ece5b*'
System info: os.name: 'Linux', os.arch: 'amd64', os.version: '6.8.0-1030-azure', java.version: '21.0.9'
Driver info: io.appium.java_client.android.AndroidDriver
Command: [null, newSession {capabilities=[{appium:deviceType=phone, appium:locale=US, appium:language=en, appium:automationName=UiAutomator2, appium:fullReset=false, appium:platformVersion=13.0, appium:noReset=true, appium:autoGrantPermissions=true, appium:appActivity=com.saucelabs.mydemoapp.android.view.activities.SplashActivity, appium:deviceName=emulator-5554, platformName=ANDROID, appium:app=https://github.com/saucelabs/my-demo-app-android/releases/download/v2.2.0/mda-2.2.0-25.apk, appium:appPackage=com.saucelabs.mydemoapp.android}], desiredCapabilities=Capabilities {appium:app: https://github.com/saucelab..., appium:appActivity: com.saucelabs.mydemoapp.and..., appium:appPackage: com.saucelabs.mydemoapp.and..., appium:autoGrantPermissions: true, appium:automationName: UiAutomator2, appium:deviceName: emulator-5554, appium:deviceType: phone, appium:fullReset: false, appium:language: en, appium:locale: US, appium:noReset: true, appium:platformVersion: 13.0, platformName: ANDROID}}]
Capabilities {appium:app: https://github.com/saucelab..., appium:appActivity: com.saucelabs.mydemoapp.and..., appium:appPackage: com.saucelabs.mydemoapp.and..., appium:autoGrantPermissions: true, appium:automationName: UiAutomator2, appium:deviceName: emulator-5554, appium:deviceType: phone, appium:fullReset: false, appium:language: en, appium:locale: US, appium:noReset: true, appium:platformVersion: 13.0, platformName: ANDROID}

org.openqa.selenium.remote.ProtocolHandshake.createSession(ProtocolHandshake.java:140)
java.base/jdk.internal.reflect.DirectMethodHandleAccessor.invoke(DirectMethodHandleAccessor.java:103)
java.base/java.lang.reflect.Method.invoke(Method.java:580)
io.appium.java_client.remote.AppiumProtocolHandshake.createSession(AppiumProtocolHandshake.java:133)
io.appium.java_client.remote.AppiumProtocolHandshake.createSession(AppiumProtocolHandshake.java:102)
io.appium.java_client.remote.AppiumCommandExecutor.createSession(AppiumCommandExecutor.java:182)
io.appium.java_client.remote.AppiumCommandExecutor.execute(AppiumCommandExecutor.java:250)
com.zebrunner.carina.webdriver.listener.EventFiringAppiumCommandExecutor.execute(EventFiringAppiumCommandExecutor.java:109)
org.openqa.selenium.remote.RemoteWebDriver.execute(RemoteWebDriver.java:602)
io.appium.java_client.AppiumDriver.startSession(AppiumDriver.java:274)
org.openqa.selenium.remote.RemoteWebDriver.<init>(RemoteWebDriver.java:163)
io.appium.java_client.AppiumDriver.<init>(AppiumDriver.java:89)
io.appium.java_client.android.AndroidDriver.<init>(AndroidDriver.java:103)
com.zebrunner.carina.webdriver.core.factory.impl.MobileFactory.create(MobileFactory.java:111)
com.zebrunner.carina.webdriver.core.factory.DriverFactory.create(DriverFactory.java:89)
com.zebrunner.carina.webdriver.IDriverPool.createDriver(IDriverPool.java:404)
com.zebrunner.carina.webdriver.IDriverPool.getDriver(IDriverPool.java:152)
com.zebrunner.carina.webdriver.IDriverPool.getDriver(IDriverPool.java:116)
com.zebrunner.carina.webdriver.IDriverPool.getDriver(IDriverPool.java:104)
com.automation.stepdefinitions.HomePageSteps.iLaunchTheMobileApp(HomePageSteps.java:35)
✽.I launch the mobile app(file:///workspaces/TestMobileCarina/mobile-automation-ez-bank/src/test/resources/features/home_page.feature:8)]]>
    </system-out>
  </testcase> <!-- runScenario -->
  <testcase classname="com.automation.runners.CucumberTestRunner" name="runScenario" time="0.100">
    <error message="Could not start a new session. Response code 404. Message: The requested resource could not be found, or a request was received using an HTTP method that is not supported by the mapped resource. 
Host info: host: &#039;codespaces-e2cff2&#039;, ip: &#039;127.0.0.1&#039;
Build info: version: &#039;4.13.0&#039;, revision: &#039;ba948ece5b*&#039;
System info: os.name: &#039;Linux&#039;, os.arch: &#039;amd64&#039;, os.version: &#039;6.8.0-1030-azure&#039;, java.version: &#039;21.0.9&#039;
Driver info: io.appium.java_client.android.AndroidDriver
Command: [null, newSession {capabilities=[{appium:deviceType=phone, appium:locale=US, appium:language=en, appium:automationName=UiAutomator2, appium:fullReset=false, appium:platformVersion=13.0, appium:noReset=true, appium:autoGrantPermissions=true, appium:appActivity=com.saucelabs.mydemoapp.android.view.activities.SplashActivity, appium:deviceName=emulator-5554, platformName=ANDROID, appium:app=https://github.com/saucelabs/my-demo-app-android/releases/download/v2.2.0/mda-2.2.0-25.apk, appium:appPackage=com.saucelabs.mydemoapp.android}], desiredCapabilities=Capabilities {appium:app: https://github.com/saucelab..., appium:appActivity: com.saucelabs.mydemoapp.and..., appium:appPackage: com.saucelabs.mydemoapp.and..., appium:autoGrantPermissions: true, appium:automationName: UiAutomator2, appium:deviceName: emulator-5554, appium:deviceType: phone, appium:fullReset: false, appium:language: en, appium:locale: US, appium:noReset: true, appium:platformVersion: 13.0, platformName: ANDROID}}]
Capabilities {appium:app: https://github.com/saucelab..., appium:appActivity: com.saucelabs.mydemoapp.and..., appium:appPackage: com.saucelabs.mydemoapp.and..., appium:autoGrantPermissions: true, appium:automationName: UiAutomator2, appium:deviceName: emulator-5554, appium:deviceType: phone, appium:fullReset: false, appium:language: en, appium:locale: US, appium:noReset: true, appium:platformVersion: 13.0, platformName: ANDROID}" type="org.openqa.selenium.SessionNotCreatedException">
      <![CDATA[org.openqa.selenium.SessionNotCreatedException: Could not start a new session. Response code 404. Message: The requested resource could not be found, or a request was received using an HTTP method that is not supported by the mapped resource. 
Host info: host: 'codespaces-e2cff2', ip: '127.0.0.1'
Build info: version: '4.13.0', revision: 'ba948ece5b*'
System info: os.name: 'Linux', os.arch: 'amd64', os.version: '6.8.0-1030-azure', java.version: '21.0.9'
Driver info: io.appium.java_client.android.AndroidDriver
Command: [null, newSession {capabilities=[{appium:deviceType=phone, appium:locale=US, appium:language=en, appium:automationName=UiAutomator2, appium:fullReset=false, appium:platformVersion=13.0, appium:noReset=true, appium:autoGrantPermissions=true, appium:appActivity=com.saucelabs.mydemoapp.android.view.activities.SplashActivity, appium:deviceName=emulator-5554, platformName=ANDROID, appium:app=https://github.com/saucelabs/my-demo-app-android/releases/download/v2.2.0/mda-2.2.0-25.apk, appium:appPackage=com.saucelabs.mydemoapp.android}], desiredCapabilities=Capabilities {appium:app: https://github.com/saucelab..., appium:appActivity: com.saucelabs.mydemoapp.and..., appium:appPackage: com.saucelabs.mydemoapp.and..., appium:autoGrantPermissions: true, appium:automationName: UiAutomator2, appium:deviceName: emulator-5554, appium:deviceType: phone, appium:fullReset: false, appium:language: en, appium:locale: US, appium:noReset: true, appium:platformVersion: 13.0, platformName: ANDROID}}]
Capabilities {appium:app: https://github.com/saucelab..., appium:appActivity: com.saucelabs.mydemoapp.and..., appium:appPackage: com.saucelabs.mydemoapp.and..., appium:autoGrantPermissions: true, appium:automationName: UiAutomator2, appium:deviceName: emulator-5554, appium:deviceType: phone, appium:fullReset: false, appium:language: en, appium:locale: US, appium:noReset: true, appium:platformVersion: 13.0, platformName: ANDROID}
at org.openqa.selenium.remote.ProtocolHandshake.createSession(ProtocolHandshake.java:140)
at java.base/jdk.internal.reflect.DirectMethodHandleAccessor.invoke(DirectMethodHandleAccessor.java:103)
at java.base/java.lang.reflect.Method.invoke(Method.java:580)
at io.appium.java_client.remote.AppiumProtocolHandshake.createSession(AppiumProtocolHandshake.java:133)
at io.appium.java_client.remote.AppiumProtocolHandshake.createSession(AppiumProtocolHandshake.java:102)
at io.appium.java_client.remote.AppiumCommandExecutor.createSession(AppiumCommandExecutor.java:182)
at io.appium.java_client.remote.AppiumCommandExecutor.execute(AppiumCommandExecutor.java:250)
at com.zebrunner.carina.webdriver.listener.EventFiringAppiumCommandExecutor.execute(EventFiringAppiumCommandExecutor.java:109)
at org.openqa.selenium.remote.RemoteWebDriver.execute(RemoteWebDriver.java:602)
at io.appium.java_client.AppiumDriver.startSession(AppiumDriver.java:274)
at org.openqa.selenium.remote.RemoteWebDriver.<init>(RemoteWebDriver.java:163)
at io.appium.java_client.AppiumDriver.<init>(AppiumDriver.java:89)
at io.appium.java_client.android.AndroidDriver.<init>(AndroidDriver.java:103)
at com.zebrunner.carina.webdriver.core.factory.impl.MobileFactory.create(MobileFactory.java:111)
at com.zebrunner.carina.webdriver.core.factory.DriverFactory.create(DriverFactory.java:89)
at com.zebrunner.carina.webdriver.IDriverPool.createDriver(IDriverPool.java:404)
at com.zebrunner.carina.webdriver.IDriverPool.getDriver(IDriverPool.java:152)
at com.zebrunner.carina.webdriver.IDriverPool.getDriver(IDriverPool.java:116)
at com.zebrunner.carina.webdriver.IDriverPool.getDriver(IDriverPool.java:104)
at com.automation.stepdefinitions.LoginPageSteps.launchApplication(LoginPageSteps.java:33)
at ✽.I launch the EZ Bank mobile application(file:///workspaces/TestMobileCarina/mobile-automation-ez-bank/src/test/resources/features/login.feature:8)
]]>
    </error>
    <system-out>
      <![CDATA[TEST [Surefire test - runScenario [L06]] FAILED at [12:40:21 2025-11-30] - Could not start a new session. Response code 404. Message: The requested resource could not be found, or a request was received using an HTTP method that is not supported by the mapped resource. 
Host info: host: 'codespaces-e2cff2', ip: '127.0.0.1'
Build info: version: '4.13.0', revision: 'ba948ece5b*'
System info: os.name: 'Linux', os.arch: 'amd64', os.version: '6.8.0-1030-azure', java.version: '21.0.9'
Driver info: io.appium.java_client.android.AndroidDriver
Command: [null, newSession {capabilities=[{appium:deviceType=phone, appium:locale=US, appium:language=en, appium:automationName=UiAutomator2, appium:fullReset=false, appium:platformVersion=13.0, appium:noReset=true, appium:autoGrantPermissions=true, appium:appActivity=com.saucelabs.mydemoapp.android.view.activities.SplashActivity, appium:deviceName=emulator-5554, platformName=ANDROID, appium:app=https://github.com/saucelabs/my-demo-app-android/releases/download/v2.2.0/mda-2.2.0-25.apk, appium:appPackage=com.saucelabs.mydemoapp.android}], desiredCapabilities=Capabilities {appium:app: https://github.com/saucelab..., appium:appActivity: com.saucelabs.mydemoapp.and..., appium:appPackage: com.saucelabs.mydemoapp.and..., appium:autoGrantPermissions: true, appium:automationName: UiAutomator2, appium:deviceName: emulator-5554, appium:deviceType: phone, appium:fullReset: false, appium:language: en, appium:locale: US, appium:noReset: true, appium:platformVersion: 13.0, platformName: ANDROID}}]
Capabilities {appium:app: https://github.com/saucelab..., appium:appActivity: com.saucelabs.mydemoapp.and..., appium:appPackage: com.saucelabs.mydemoapp.and..., appium:autoGrantPermissions: true, appium:automationName: UiAutomator2, appium:deviceName: emulator-5554, appium:deviceType: phone, appium:fullReset: false, appium:language: en, appium:locale: US, appium:noReset: true, appium:platformVersion: 13.0, platformName: ANDROID}

org.openqa.selenium.remote.ProtocolHandshake.createSession(ProtocolHandshake.java:140)
java.base/jdk.internal.reflect.DirectMethodHandleAccessor.invoke(DirectMethodHandleAccessor.java:103)
java.base/java.lang.reflect.Method.invoke(Method.java:580)
io.appium.java_client.remote.AppiumProtocolHandshake.createSession(AppiumProtocolHandshake.java:133)
io.appium.java_client.remote.AppiumProtocolHandshake.createSession(AppiumProtocolHandshake.java:102)
io.appium.java_client.remote.AppiumCommandExecutor.createSession(AppiumCommandExecutor.java:182)
io.appium.java_client.remote.AppiumCommandExecutor.execute(AppiumCommandExecutor.java:250)
com.zebrunner.carina.webdriver.listener.EventFiringAppiumCommandExecutor.execute(EventFiringAppiumCommandExecutor.java:109)
org.openqa.selenium.remote.RemoteWebDriver.execute(RemoteWebDriver.java:602)
io.appium.java_client.AppiumDriver.startSession(AppiumDriver.java:274)
org.openqa.selenium.remote.RemoteWebDriver.<init>(RemoteWebDriver.java:163)
io.appium.java_client.AppiumDriver.<init>(AppiumDriver.java:89)
io.appium.java_client.android.AndroidDriver.<init>(AndroidDriver.java:103)
com.zebrunner.carina.webdriver.core.factory.impl.MobileFactory.create(MobileFactory.java:111)
com.zebrunner.carina.webdriver.core.factory.DriverFactory.create(DriverFactory.java:89)
com.zebrunner.carina.webdriver.IDriverPool.createDriver(IDriverPool.java:404)
com.zebrunner.carina.webdriver.IDriverPool.getDriver(IDriverPool.java:152)
com.zebrunner.carina.webdriver.IDriverPool.getDriver(IDriverPool.java:116)
com.zebrunner.carina.webdriver.IDriverPool.getDriver(IDriverPool.java:104)
com.automation.stepdefinitions.LoginPageSteps.launchApplication(LoginPageSteps.java:33)
✽.I launch the EZ Bank mobile application(file:///workspaces/TestMobileCarina/mobile-automation-ez-bank/src/test/resources/features/login.feature:8)]]>
    </system-out>
  </testcase> <!-- runScenario -->
  <system-out>
    <![CDATA[TEST [Surefire test - runScenario [L01]] FAILED at [12:40:21 2025-11-30] - Could not start a new session. Response code 404. Message: The requested resource could not be found, or a request was received using an HTTP method that is not supported by the mapped resource. 
Host info: host: 'codespaces-e2cff2', ip: '127.0.0.1'
Build info: version: '4.13.0', revision: 'ba948ece5b*'
System info: os.name: 'Linux', os.arch: 'amd64', os.version: '6.8.0-1030-azure', java.version: '21.0.9'
Driver info: io.appium.java_client.android.AndroidDriver
Command: [null, newSession {capabilities=[{appium:deviceType=phone, appium:locale=US, appium:language=en, appium:automationName=UiAutomator2, appium:fullReset=false, appium:platformVersion=13.0, appium:noReset=true, appium:autoGrantPermissions=true, appium:appActivity=com.saucelabs.mydemoapp.android.view.activities.SplashActivity, appium:deviceName=emulator-5554, platformName=ANDROID, appium:app=https://github.com/saucelabs/my-demo-app-android/releases/download/v2.2.0/mda-2.2.0-25.apk, appium:appPackage=com.saucelabs.mydemoapp.android}], desiredCapabilities=Capabilities {appium:app: https://github.com/saucelab..., appium:appActivity: com.saucelabs.mydemoapp.and..., appium:appPackage: com.saucelabs.mydemoapp.and..., appium:autoGrantPermissions: true, appium:automationName: UiAutomator2, appium:deviceName: emulator-5554, appium:deviceType: phone, appium:fullReset: false, appium:language: en, appium:locale: US, appium:noReset: true, appium:platformVersion: 13.0, platformName: ANDROID}}]
Capabilities {appium:app: https://github.com/saucelab..., appium:appActivity: com.saucelabs.mydemoapp.and..., appium:appPackage: com.saucelabs.mydemoapp.and..., appium:autoGrantPermissions: true, appium:automationName: UiAutomator2, appium:deviceName: emulator-5554, appium:deviceType: phone, appium:fullReset: false, appium:language: en, appium:locale: US, appium:noReset: true, appium:platformVersion: 13.0, platformName: ANDROID}

org.openqa.selenium.remote.ProtocolHandshake.createSession(ProtocolHandshake.java:140)
java.base/jdk.internal.reflect.DirectMethodHandleAccessor.invoke(DirectMethodHandleAccessor.java:103)
java.base/java.lang.reflect.Method.invoke(Method.java:580)
io.appium.java_client.remote.AppiumProtocolHandshake.createSession(AppiumProtocolHandshake.java:133)
io.appium.java_client.remote.AppiumProtocolHandshake.createSession(AppiumProtocolHandshake.java:102)
io.appium.java_client.remote.AppiumCommandExecutor.createSession(AppiumCommandExecutor.java:182)
io.appium.java_client.remote.AppiumCommandExecutor.execute(AppiumCommandExecutor.java:250)
com.zebrunner.carina.webdriver.listener.EventFiringAppiumCommandExecutor.execute(EventFiringAppiumCommandExecutor.java:109)
org.openqa.selenium.remote.RemoteWebDriver.execute(RemoteWebDriver.java:602)
io.appium.java_client.AppiumDriver.startSession(AppiumDriver.java:274)
org.openqa.selenium.remote.RemoteWebDriver.<init>(RemoteWebDriver.java:163)
io.appium.java_client.AppiumDriver.<init>(AppiumDriver.java:89)
io.appium.java_client.android.AndroidDriver.<init>(AndroidDriver.java:103)
com.zebrunner.carina.webdriver.core.factory.impl.MobileFactory.create(MobileFactory.java:111)
com.zebrunner.carina.webdriver.core.factory.DriverFactory.create(DriverFactory.java:89)
com.zebrunner.carina.webdriver.IDriverPool.createDriver(IDriverPool.java:404)
com.zebrunner.carina.webdriver.IDriverPool.getDriver(IDriverPool.java:152)
com.zebrunner.carina.webdriver.IDriverPool.getDriver(IDriverPool.java:116)
com.zebrunner.carina.webdriver.IDriverPool.getDriver(IDriverPool.java:104)
com.automation.stepdefinitions.HomePageSteps.iLaunchTheMobileApp(HomePageSteps.java:35)
✽.I launch the mobile app(file:///workspaces/TestMobileCarina/mobile-automation-ez-bank/src/test/resources/features/home_page.feature:8)
TEST [Surefire test - runScenario [L02]] FAILED at [12:40:21 2025-11-30] - Could not start a new session. Response code 404. Message: The requested resource could not be found, or a request was received using an HTTP method that is not supported by the mapped resource. 
Host info: host: 'codespaces-e2cff2', ip: '127.0.0.1'
Build info: version: '4.13.0', revision: 'ba948ece5b*'
System info: os.name: 'Linux', os.arch: 'amd64', os.version: '6.8.0-1030-azure', java.version: '21.0.9'
Driver info: io.appium.java_client.android.AndroidDriver
Command: [null, newSession {capabilities=[{appium:deviceType=phone, appium:locale=US, appium:language=en, appium:automationName=UiAutomator2, appium:fullReset=false, appium:platformVersion=13.0, appium:noReset=true, appium:autoGrantPermissions=true, appium:appActivity=com.saucelabs.mydemoapp.android.view.activities.SplashActivity, appium:deviceName=emulator-5554, platformName=ANDROID, appium:app=https://github.com/saucelabs/my-demo-app-android/releases/download/v2.2.0/mda-2.2.0-25.apk, appium:appPackage=com.saucelabs.mydemoapp.android}], desiredCapabilities=Capabilities {appium:app: https://github.com/saucelab..., appium:appActivity: com.saucelabs.mydemoapp.and..., appium:appPackage: com.saucelabs.mydemoapp.and..., appium:autoGrantPermissions: true, appium:automationName: UiAutomator2, appium:deviceName: emulator-5554, appium:deviceType: phone, appium:fullReset: false, appium:language: en, appium:locale: US, appium:noReset: true, appium:platformVersion: 13.0, platformName: ANDROID}}]
Capabilities {appium:app: https://github.com/saucelab..., appium:appActivity: com.saucelabs.mydemoapp.and..., appium:appPackage: com.saucelabs.mydemoapp.and..., appium:autoGrantPermissions: true, appium:automationName: UiAutomator2, appium:deviceName: emulator-5554, appium:deviceType: phone, appium:fullReset: false, appium:language: en, appium:locale: US, appium:noReset: true, appium:platformVersion: 13.0, platformName: ANDROID}

org.openqa.selenium.remote.ProtocolHandshake.createSession(ProtocolHandshake.java:140)
java.base/jdk.internal.reflect.DirectMethodHandleAccessor.invoke(DirectMethodHandleAccessor.java:103)
java.base/java.lang.reflect.Method.invoke(Method.java:580)
io.appium.java_client.remote.AppiumProtocolHandshake.createSession(AppiumProtocolHandshake.java:133)
io.appium.java_client.remote.AppiumProtocolHandshake.createSession(AppiumProtocolHandshake.java:102)
io.appium.java_client.remote.AppiumCommandExecutor.createSession(AppiumCommandExecutor.java:182)
io.appium.java_client.remote.AppiumCommandExecutor.execute(AppiumCommandExecutor.java:250)
com.zebrunner.carina.webdriver.listener.EventFiringAppiumCommandExecutor.execute(EventFiringAppiumCommandExecutor.java:109)
org.openqa.selenium.remote.RemoteWebDriver.execute(RemoteWebDriver.java:602)
io.appium.java_client.AppiumDriver.startSession(AppiumDriver.java:274)
org.openqa.selenium.remote.RemoteWebDriver.<init>(RemoteWebDriver.java:163)
io.appium.java_client.AppiumDriver.<init>(AppiumDriver.java:89)
io.appium.java_client.android.AndroidDriver.<init>(AndroidDriver.java:103)
com.zebrunner.carina.webdriver.core.factory.impl.MobileFactory.create(MobileFactory.java:111)
com.zebrunner.carina.webdriver.core.factory.DriverFactory.create(DriverFactory.java:89)
com.zebrunner.carina.webdriver.IDriverPool.createDriver(IDriverPool.java:404)
com.zebrunner.carina.webdriver.IDriverPool.getDriver(IDriverPool.java:152)
com.zebrunner.carina.webdriver.IDriverPool.getDriver(IDriverPool.java:116)
com.zebrunner.carina.webdriver.IDriverPool.getDriver(IDriverPool.java:104)
com.automation.stepdefinitions.HomePageSteps.iLaunchTheMobileApp(HomePageSteps.java:35)
✽.I launch the mobile app(file:///workspaces/TestMobileCarina/mobile-automation-ez-bank/src/test/resources/features/home_page.feature:8)
TEST [Surefire test - runScenario [L03]] FAILED at [12:40:21 2025-11-30] - Could not start a new session. Response code 404. Message: The requested resource could not be found, or a request was received using an HTTP method that is not supported by the mapped resource. 
Host info: host: 'codespaces-e2cff2', ip: '127.0.0.1'
Build info: version: '4.13.0', revision: 'ba948ece5b*'
System info: os.name: 'Linux', os.arch: 'amd64', os.version: '6.8.0-1030-azure', java.version: '21.0.9'
Driver info: io.appium.java_client.android.AndroidDriver
Command: [null, newSession {capabilities=[{appium:deviceType=phone, appium:locale=US, appium:language=en, appium:automationName=UiAutomator2, appium:fullReset=false, appium:platformVersion=13.0, appium:noReset=true, appium:autoGrantPermissions=true, appium:appActivity=com.saucelabs.mydemoapp.android.view.activities.SplashActivity, appium:deviceName=emulator-5554, platformName=ANDROID, appium:app=https://github.com/saucelabs/my-demo-app-android/releases/download/v2.2.0/mda-2.2.0-25.apk, appium:appPackage=com.saucelabs.mydemoapp.android}], desiredCapabilities=Capabilities {appium:app: https://github.com/saucelab..., appium:appActivity: com.saucelabs.mydemoapp.and..., appium:appPackage: com.saucelabs.mydemoapp.and..., appium:autoGrantPermissions: true, appium:automationName: UiAutomator2, appium:deviceName: emulator-5554, appium:deviceType: phone, appium:fullReset: false, appium:language: en, appium:locale: US, appium:noReset: true, appium:platformVersion: 13.0, platformName: ANDROID}}]
Capabilities {appium:app: https://github.com/saucelab..., appium:appActivity: com.saucelabs.mydemoapp.and..., appium:appPackage: com.saucelabs.mydemoapp.and..., appium:autoGrantPermissions: true, appium:automationName: UiAutomator2, appium:deviceName: emulator-5554, appium:deviceType: phone, appium:fullReset: false, appium:language: en, appium:locale: US, appium:noReset: true, appium:platformVersion: 13.0, platformName: ANDROID}

org.openqa.selenium.remote.ProtocolHandshake.createSession(ProtocolHandshake.java:140)
java.base/jdk.internal.reflect.DirectMethodHandleAccessor.invoke(DirectMethodHandleAccessor.java:103)
java.base/java.lang.reflect.Method.invoke(Method.java:580)
io.appium.java_client.remote.AppiumProtocolHandshake.createSession(AppiumProtocolHandshake.java:133)
io.appium.java_client.remote.AppiumProtocolHandshake.createSession(AppiumProtocolHandshake.java:102)
io.appium.java_client.remote.AppiumCommandExecutor.createSession(AppiumCommandExecutor.java:182)
io.appium.java_client.remote.AppiumCommandExecutor.execute(AppiumCommandExecutor.java:250)
com.zebrunner.carina.webdriver.listener.EventFiringAppiumCommandExecutor.execute(EventFiringAppiumCommandExecutor.java:109)
org.openqa.selenium.remote.RemoteWebDriver.execute(RemoteWebDriver.java:602)
io.appium.java_client.AppiumDriver.startSession(AppiumDriver.java:274)
org.openqa.selenium.remote.RemoteWebDriver.<init>(RemoteWebDriver.java:163)
io.appium.java_client.AppiumDriver.<init>(AppiumDriver.java:89)
io.appium.java_client.android.AndroidDriver.<init>(AndroidDriver.java:103)
com.zebrunner.carina.webdriver.core.factory.impl.MobileFactory.create(MobileFactory.java:111)
com.zebrunner.carina.webdriver.core.factory.DriverFactory.create(DriverFactory.java:89)
com.zebrunner.carina.webdriver.IDriverPool.createDriver(IDriverPool.java:404)
com.zebrunner.carina.webdriver.IDriverPool.getDriver(IDriverPool.java:152)
com.zebrunner.carina.webdriver.IDriverPool.getDriver(IDriverPool.java:116)
com.zebrunner.carina.webdriver.IDriverPool.getDriver(IDriverPool.java:104)
com.automation.stepdefinitions.LoginPageSteps.launchApplication(LoginPageSteps.java:33)
✽.I launch the EZ Bank mobile application(file:///workspaces/TestMobileCarina/mobile-automation-ez-bank/src/test/resources/features/login.feature:8)
TEST [Surefire test - runScenario [L04]] FAILED at [12:40:21 2025-11-30] - Could not start a new session. Response code 404. Message: The requested resource could not be found, or a request was received using an HTTP method that is not supported by the mapped resource. 
Host info: host: 'codespaces-e2cff2', ip: '127.0.0.1'
Build info: version: '4.13.0', revision: 'ba948ece5b*'
System info: os.name: 'Linux', os.arch: 'amd64', os.version: '6.8.0-1030-azure', java.version: '21.0.9'
Driver info: io.appium.java_client.android.AndroidDriver
Command: [null, newSession {capabilities=[{appium:deviceType=phone, appium:locale=US, appium:language=en, appium:automationName=UiAutomator2, appium:fullReset=false, appium:platformVersion=13.0, appium:noReset=true, appium:autoGrantPermissions=true, appium:appActivity=com.saucelabs.mydemoapp.android.view.activities.SplashActivity, appium:deviceName=emulator-5554, platformName=ANDROID, appium:app=https://github.com/saucelabs/my-demo-app-android/releases/download/v2.2.0/mda-2.2.0-25.apk, appium:appPackage=com.saucelabs.mydemoapp.android}], desiredCapabilities=Capabilities {appium:app: https://github.com/saucelab..., appium:appActivity: com.saucelabs.mydemoapp.and..., appium:appPackage: com.saucelabs.mydemoapp.and..., appium:autoGrantPermissions: true, appium:automationName: UiAutomator2, appium:deviceName: emulator-5554, appium:deviceType: phone, appium:fullReset: false, appium:language: en, appium:locale: US, appium:noReset: true, appium:platformVersion: 13.0, platformName: ANDROID}}]
Capabilities {appium:app: https://github.com/saucelab..., appium:appActivity: com.saucelabs.mydemoapp.and..., appium:appPackage: com.saucelabs.mydemoapp.and..., appium:autoGrantPermissions: true, appium:automationName: UiAutomator2, appium:deviceName: emulator-5554, appium:deviceType: phone, appium:fullReset: false, appium:language: en, appium:locale: US, appium:noReset: true, appium:platformVersion: 13.0, platformName: ANDROID}

org.openqa.selenium.remote.ProtocolHandshake.createSession(ProtocolHandshake.java:140)
java.base/jdk.internal.reflect.DirectMethodHandleAccessor.invoke(DirectMethodHandleAccessor.java:103)
java.base/java.lang.reflect.Method.invoke(Method.java:580)
io.appium.java_client.remote.AppiumProtocolHandshake.createSession(AppiumProtocolHandshake.java:133)
io.appium.java_client.remote.AppiumProtocolHandshake.createSession(AppiumProtocolHandshake.java:102)
io.appium.java_client.remote.AppiumCommandExecutor.createSession(AppiumCommandExecutor.java:182)
io.appium.java_client.remote.AppiumCommandExecutor.execute(AppiumCommandExecutor.java:250)
com.zebrunner.carina.webdriver.listener.EventFiringAppiumCommandExecutor.execute(EventFiringAppiumCommandExecutor.java:109)
org.openqa.selenium.remote.RemoteWebDriver.execute(RemoteWebDriver.java:602)
io.appium.java_client.AppiumDriver.startSession(AppiumDriver.java:274)
org.openqa.selenium.remote.RemoteWebDriver.<init>(RemoteWebDriver.java:163)
io.appium.java_client.AppiumDriver.<init>(AppiumDriver.java:89)
io.appium.java_client.android.AndroidDriver.<init>(AndroidDriver.java:103)
com.zebrunner.carina.webdriver.core.factory.impl.MobileFactory.create(MobileFactory.java:111)
com.zebrunner.carina.webdriver.core.factory.DriverFactory.create(DriverFactory.java:89)
com.zebrunner.carina.webdriver.IDriverPool.createDriver(IDriverPool.java:404)
com.zebrunner.carina.webdriver.IDriverPool.getDriver(IDriverPool.java:152)
com.zebrunner.carina.webdriver.IDriverPool.getDriver(IDriverPool.java:116)
com.zebrunner.carina.webdriver.IDriverPool.getDriver(IDriverPool.java:104)
com.automation.stepdefinitions.LoginPageSteps.launchApplication(LoginPageSteps.java:33)
✽.I launch the EZ Bank mobile application(file:///workspaces/TestMobileCarina/mobile-automation-ez-bank/src/test/resources/features/login.feature:8)
TEST [Surefire test - runScenario [L05]] FAILED at [12:40:21 2025-11-30] - Could not start a new session. Response code 404. Message: The requested resource could not be found, or a request was received using an HTTP method that is not supported by the mapped resource. 
Host info: host: 'codespaces-e2cff2', ip: '127.0.0.1'
Build info: version: '4.13.0', revision: 'ba948ece5b*'
System info: os.name: 'Linux', os.arch: 'amd64', os.version: '6.8.0-1030-azure', java.version: '21.0.9'
Driver info: io.appium.java_client.android.AndroidDriver
Command: [null, newSession {capabilities=[{appium:deviceType=phone, appium:locale=US, appium:language=en, appium:automationName=UiAutomator2, appium:fullReset=false, appium:platformVersion=13.0, appium:noReset=true, appium:autoGrantPermissions=true, appium:appActivity=com.saucelabs.mydemoapp.android.view.activities.SplashActivity, appium:deviceName=emulator-5554, platformName=ANDROID, appium:app=https://github.com/saucelabs/my-demo-app-android/releases/download/v2.2.0/mda-2.2.0-25.apk, appium:appPackage=com.saucelabs.mydemoapp.android}], desiredCapabilities=Capabilities {appium:app: https://github.com/saucelab..., appium:appActivity: com.saucelabs.mydemoapp.and..., appium:appPackage: com.saucelabs.mydemoapp.and..., appium:autoGrantPermissions: true, appium:automationName: UiAutomator2, appium:deviceName: emulator-5554, appium:deviceType: phone, appium:fullReset: false, appium:language: en, appium:locale: US, appium:noReset: true, appium:platformVersion: 13.0, platformName: ANDROID}}]
Capabilities {appium:app: https://github.com/saucelab..., appium:appActivity: com.saucelabs.mydemoapp.and..., appium:appPackage: com.saucelabs.mydemoapp.and..., appium:autoGrantPermissions: true, appium:automationName: UiAutomator2, appium:deviceName: emulator-5554, appium:deviceType: phone, appium:fullReset: false, appium:language: en, appium:locale: US, appium:noReset: true, appium:platformVersion: 13.0, platformName: ANDROID}

org.openqa.selenium.remote.ProtocolHandshake.createSession(ProtocolHandshake.java:140)
java.base/jdk.internal.reflect.DirectMethodHandleAccessor.invoke(DirectMethodHandleAccessor.java:103)
java.base/java.lang.reflect.Method.invoke(Method.java:580)
io.appium.java_client.remote.AppiumProtocolHandshake.createSession(AppiumProtocolHandshake.java:133)
io.appium.java_client.remote.AppiumProtocolHandshake.createSession(AppiumProtocolHandshake.java:102)
io.appium.java_client.remote.AppiumCommandExecutor.createSession(AppiumCommandExecutor.java:182)
io.appium.java_client.remote.AppiumCommandExecutor.execute(AppiumCommandExecutor.java:250)
com.zebrunner.carina.webdriver.listener.EventFiringAppiumCommandExecutor.execute(EventFiringAppiumCommandExecutor.java:109)
org.openqa.selenium.remote.RemoteWebDriver.execute(RemoteWebDriver.java:602)
io.appium.java_client.AppiumDriver.startSession(AppiumDriver.java:274)
org.openqa.selenium.remote.RemoteWebDriver.<init>(RemoteWebDriver.java:163)
io.appium.java_client.AppiumDriver.<init>(AppiumDriver.java:89)
io.appium.java_client.android.AndroidDriver.<init>(AndroidDriver.java:103)
com.zebrunner.carina.webdriver.core.factory.impl.MobileFactory.create(MobileFactory.java:111)
com.zebrunner.carina.webdriver.core.factory.DriverFactory.create(DriverFactory.java:89)
com.zebrunner.carina.webdriver.IDriverPool.createDriver(IDriverPool.java:404)
com.zebrunner.carina.webdriver.IDriverPool.getDriver(IDriverPool.java:152)
com.zebrunner.carina.webdriver.IDriverPool.getDriver(IDriverPool.java:116)
com.zebrunner.carina.webdriver.IDriverPool.getDriver(IDriverPool.java:104)
com.automation.stepdefinitions.LoginPageSteps.launchApplication(LoginPageSteps.java:33)
✽.I launch the EZ Bank mobile application(file:///workspaces/TestMobileCarina/mobile-automation-ez-bank/src/test/resources/features/login.feature:8)
TEST [Surefire test - runScenario [L06]] FAILED at [12:40:21 2025-11-30] - Could not start a new session. Response code 404. Message: The requested resource could not be found, or a request was received using an HTTP method that is not supported by the mapped resource. 
Host info: host: 'codespaces-e2cff2', ip: '127.0.0.1'
Build info: version: '4.13.0', revision: 'ba948ece5b*'
System info: os.name: 'Linux', os.arch: 'amd64', os.version: '6.8.0-1030-azure', java.version: '21.0.9'
Driver info: io.appium.java_client.android.AndroidDriver
Command: [null, newSession {capabilities=[{appium:deviceType=phone, appium:locale=US, appium:language=en, appium:automationName=UiAutomator2, appium:fullReset=false, appium:platformVersion=13.0, appium:noReset=true, appium:autoGrantPermissions=true, appium:appActivity=com.saucelabs.mydemoapp.android.view.activities.SplashActivity, appium:deviceName=emulator-5554, platformName=ANDROID, appium:app=https://github.com/saucelabs/my-demo-app-android/releases/download/v2.2.0/mda-2.2.0-25.apk, appium:appPackage=com.saucelabs.mydemoapp.android}], desiredCapabilities=Capabilities {appium:app: https://github.com/saucelab..., appium:appActivity: com.saucelabs.mydemoapp.and..., appium:appPackage: com.saucelabs.mydemoapp.and..., appium:autoGrantPermissions: true, appium:automationName: UiAutomator2, appium:deviceName: emulator-5554, appium:deviceType: phone, appium:fullReset: false, appium:language: en, appium:locale: US, appium:noReset: true, appium:platformVersion: 13.0, platformName: ANDROID}}]
Capabilities {appium:app: https://github.com/saucelab..., appium:appActivity: com.saucelabs.mydemoapp.and..., appium:appPackage: com.saucelabs.mydemoapp.and..., appium:autoGrantPermissions: true, appium:automationName: UiAutomator2, appium:deviceName: emulator-5554, appium:deviceType: phone, appium:fullReset: false, appium:language: en, appium:locale: US, appium:noReset: true, appium:platformVersion: 13.0, platformName: ANDROID}

org.openqa.selenium.remote.ProtocolHandshake.createSession(ProtocolHandshake.java:140)
java.base/jdk.internal.reflect.DirectMethodHandleAccessor.invoke(DirectMethodHandleAccessor.java:103)
java.base/java.lang.reflect.Method.invoke(Method.java:580)
io.appium.java_client.remote.AppiumProtocolHandshake.createSession(AppiumProtocolHandshake.java:133)
io.appium.java_client.remote.AppiumProtocolHandshake.createSession(AppiumProtocolHandshake.java:102)
io.appium.java_client.remote.AppiumCommandExecutor.createSession(AppiumCommandExecutor.java:182)
io.appium.java_client.remote.AppiumCommandExecutor.execute(AppiumCommandExecutor.java:250)
com.zebrunner.carina.webdriver.listener.EventFiringAppiumCommandExecutor.execute(EventFiringAppiumCommandExecutor.java:109)
org.openqa.selenium.remote.RemoteWebDriver.execute(RemoteWebDriver.java:602)
io.appium.java_client.AppiumDriver.startSession(AppiumDriver.java:274)
org.openqa.selenium.remote.RemoteWebDriver.<init>(RemoteWebDriver.java:163)
io.appium.java_client.AppiumDriver.<init>(AppiumDriver.java:89)
io.appium.java_client.android.AndroidDriver.<init>(AndroidDriver.java:103)
com.zebrunner.carina.webdriver.core.factory.impl.MobileFactory.create(MobileFactory.java:111)
com.zebrunner.carina.webdriver.core.factory.DriverFactory.create(DriverFactory.java:89)
com.zebrunner.carina.webdriver.IDriverPool.createDriver(IDriverPool.java:404)
com.zebrunner.carina.webdriver.IDriverPool.getDriver(IDriverPool.java:152)
com.zebrunner.carina.webdriver.IDriverPool.getDriver(IDriverPool.java:116)
com.zebrunner.carina.webdriver.IDriverPool.getDriver(IDriverPool.java:104)
com.automation.stepdefinitions.LoginPageSteps.launchApplication(LoginPageSteps.java:33)
✽.I launch the EZ Bank mobile application(file:///workspaces/TestMobileCarina/mobile-automation-ez-bank/src/test/resources/features/login.feature:8)]]>
  </system-out>
</testsuite> <!-- com.automation.runners.CucumberTestRunner -->
