[2025-11-30 11:58:26] [1] [WARN] Reporting disabled: using no op test run registrar
[2025-11-30 11:58:26] [1] [INFO] TEST [Surefire test - runScenario [L07]] STARTED at [11:58:26 2025-11-30]
[2025-11-30 11:58:26] [1] [INFO] API base URL is configured from config.properties
[2025-11-30 11:58:26] [1] [INFO] === Sending POST request with authentication ===
[2025-11-30 11:58:27] [1] [INFO] Request method:	POST
Request URI:	https://jsonplaceholder.typicode.com/users
Request params:	<none>
Query params:	<none>
Form params:	<none>
Path params:	<none>
Multiparts:		<none>
Cookies:		pfJSESSIONID=session-id-12345
Headers:		Accept=*/*
				Content-Type=application/json; charset=UTF-8
Body:
{
    "firstName": "John",
    "lastName": "Doe",
    "createdDate": 1764503906890,
    "active": true,
    "email": "john.doe@example.com"
}
HTTP/1.1 201 Created
Date: Sun, 30 Nov 2025 11:58:27 GMT
Content-Type: application/json; charset=utf-8
Content-Length: 143
Connection: keep-alive
access-control-allow-credentials: true
access-control-expose-headers: Location
Cache-Control: no-cache
etag: W/"8f-kZKTJY/qhR4W8O9LGgY7EsscBno"
expires: -1
location: https://jsonplaceholder.typicode.com/users/11
nel: {"report_to":"heroku-nel","response_headers":["Via"],"max_age":3600,"success_fraction":0.01,"failure_fraction":0.1}
pragma: no-cache
report-to: {"group":"heroku-nel","endpoints":[{"url":"https://nel.heroku.com/reports?s=t%2FdKK%2FQrKAABh2YsChnn4%2BIzUA%2B2zXXcCK23VcqkRNM%3D\u0026sid=e11707d5-02a7-43ef-b45e-2cf4d2036f7d\u0026ts=1764503906"}],"max_age":3600}
reporting-endpoints: heroku-nel="https://nel.heroku.com/reports?s=t%2FdKK%2FQrKAABh2YsChnn4%2BIzUA%2B2zXXcCK23VcqkRNM%3D&sid=e11707d5-02a7-43ef-b45e-2cf4d2036f7d&ts=1764503906"
Server: cloudflare
vary: Origin, X-HTTP-Method-Override, Accept-Encoding
via: 2.0 heroku-router
x-content-type-options: nosniff
x-powered-by: Express
x-ratelimit-limit: 1000
x-ratelimit-remaining: 994
x-ratelimit-reset: 1764503960
cf-cache-status: DYNAMIC
CF-RAY: 9a6a2c4a69df4547-AMS
alt-svc: h3=":443"; ma=86400

{
    "firstName": "John",
    "lastName": "Doe",
    "createdDate": 1764503906890,
    "active": true,
    "email": "john.doe@example.com",
    "id": 11
}

[2025-11-30 11:58:27] [1] [INFO] POST request with authentication completed. Response status: 201
[2025-11-30 11:58:27] [1] [INFO] === Verifying response status code ===
[2025-11-30 11:58:27] [1] [INFO] Status code verification completed
[2025-11-30 11:58:27] [1] [INFO] === Verifying session cookie in response ===
[2025-11-30 11:58:27] [1] [INFO] Session cookie verification completed
[2025-11-30 11:58:27] [1] [ERROR] TEST [Surefire test - runScenario [L07]] FAILED at [11:58:27 2025-11-30] - The following asserts failed:
	Session cookie not found in response expected object to not be null

org.testng.asserts.SoftAssert.assertAll(SoftAssert.java:46)
org.testng.asserts.SoftAssert.assertAll(SoftAssert.java:30)
com.automation.stepdefinitions.APIUserSteps.verifyCookie(APIUserSteps.java:209)
âœ½.the response should contain session cookie(file:///workspaces/TestMobileCarina/mobile-automation-ez-bank/src/test/resources/features/user_api.feature:55)
