<div id='container' style='width: 98%; padding: 10px; margin: 0; background: #EBEBE0; color: #717171; font-family: Calibri;'><div id='summary'><h2 align='center' style='background-color: gray; color: white; padding: 10px; margin: 0;'>FAILED: Surefire suite () - DEMO ()</h2><br><h2 style='clear: both; margin: 0;'>Summary:</h2><hr/><table style='width: 1000px;'><tr><td style='width: 100px;'>Environment:</td><td>DEMO - <a href='https://www.gsmarena.com'>https://www.gsmarena.com</a></td></tr><tr><td>Version:</td><td></td></tr><tr><td>Browser:</td><td></td></tr><tr><td>Finished:</td><td>11:57:37 2025-11-30</td></tr><tr class='pass' style='color: #66C266;'><td>Passed: </td><td>0</td></tr><tr class='fail' style='color: #FF5C33;'><td>Failed:</td><td>7</td></tr><tr class='skip' style='color: #FFD700;'><td>Skipped:</td><td>0</td></tr><tr><td>Success rate:</td><td>0%</td></tr></table></div><br><br><div id='results'><h2 style='margin: 0;'>Test results:</h2><hr/><table cellspacing='0' cellpadding='0' style='width: 100%;'><tr><th width='10%' align='center'>Result</th><th width='75%'>Test name</th><th width='10%'>Test files</th></tr><tr><td colspan='4' class='package' style='background: gray; border-style: solid; border-width: 1px; border-color: white; padding: 5px; color: white;'>io.cucumber.testng</td></tr>
<tr class='fail' style='background: #FF5C33;'><td align='center' style='border-style: solid; border-width: 1px; border-color: white; padding: 5px; color: white;'>FAILED</td><td style='border-style: solid; border-width: 1px; border-color: white; padding: 5px; color: white;'><span>Surefire test - runScenario [L01]</span><div style="background:#ffcccc; color: black; padding: 5px; margin: 2px 0px 2px 0px;">Duplicate step definitions in com.automation.stepdefinitions.LoginPageSteps.clickProductsCart() and com.automation.stepdefinitions.HomePageSteps.iClickOnTheProductsCart()<br/><br/>io.cucumber.core.runner.CachingGlue.lambda$prepareGlue$3(CachingGlue.java:278)<br/>java.base/java.util.ArrayList.forEach(ArrayList.java:1596)<br/>io.cucumber.core.runner.CachingGlue.prepareGlue(CachingGlue.java:272)<br/>io.cucumber.core.runner.Runner.runPickle(Runner.java:72)<br/>io.cucumber.testng.TestNGCucumberRunner.lambda$runScenario$1(TestNGCucumberRunner.java:132)<br/>io.cucumber.core.runtime.CucumberExecutionContext.lambda$runTestCase$5(CucumberExecutionContext.java:136)<br/>io.cucumber.core.runtime.RethrowingThrowableCollector.executeAndThrow(RethrowingThrowableCollector.java:23)<br/>io.cucumber.core.runtime.CucumberExecutionContext.runTestCase(CucumberExecutionContext.java:136)<br/>io.cucumber.testng.TestNGCucumberRunner.runScenario(TestNGCucumberRunner.java:129)<br/>io.cucumber.testng.AbstractTestNGCucumberTests.runScenario(AbstractTestNGCucumberTests.java:35)<br/>java.base/jdk.internal.reflect.DirectMethodHandleAccessor.invoke(DirectMethodHandleAccessor.java:103)<br/>java.base/java.lang.reflect.Method.invoke(Method.java:580)<br/>org.testng.internal.invokers.MethodInvocationHelper.invokeMethod(MethodInvocationHelper.java:141)<br/>org.testng.internal.invokers.TestInvoker.invokeMethod(TestInvoker.java:686)<br/>org.testng.internal.invokers.TestInvoker.invokeTestMethod(TestInvoker.java:230)<br/>org.testng.internal.invokers.MethodRunner.runInSequence(MethodRunner.java:63)<br/>org.testng.internal.invokers.TestInvoker$MethodInvocationAgent.invoke(TestInvoker.java:992)<br/>org.testng.internal.invokers.TestInvoker.invokeTestMethods(TestInvoker.java:203)<br/>org.testng.internal.invokers.TestMethodWorker.invokeTestMethods(TestMethodWorker.java:154)<br/>org.testng.internal.invokers.TestMethodWorker.run(TestMethodWorker.java:134)<br/>java.base/java.util.ArrayList.forEach(ArrayList.java:1596)<br/>org.testng.TestRunner.privateRun(TestRunner.java:739)<br/>org.testng.TestRunner.run(TestRunner.java:614)<br/>org.testng.SuiteRunner.runTest(Suit...</div></td><td align='center' style='border-style: solid; border-width: 1px; border-color: white; padding: 5px; color: white;'><a target='_blank' href='file:///workspaces/TestMobileCarina/mobile-automation-ez-bank/reports/1764503852180/6cf1d8e0-2c81-4be2-b60c-fd6a5cae9101/test.log' style='color: white;'>Logs</a></td></tr>
<tr class='fail' style='background: #FF5C33;'><td align='center' style='border-style: solid; border-width: 1px; border-color: white; padding: 5px; color: white;'>FAILED</td><td style='border-style: solid; border-width: 1px; border-color: white; padding: 5px; color: white;'><span>Surefire test - runScenario [L02]</span><div style="background:#ffcccc; color: black; padding: 5px; margin: 2px 0px 2px 0px;">Duplicate step definitions in com.automation.stepdefinitions.LoginPageSteps.clickProductsCart() and com.automation.stepdefinitions.HomePageSteps.iClickOnTheProductsCart()<br/><br/>io.cucumber.core.runner.CachingGlue.lambda$prepareGlue$3(CachingGlue.java:278)<br/>java.base/java.util.ArrayList.forEach(ArrayList.java:1596)<br/>io.cucumber.core.runner.CachingGlue.prepareGlue(CachingGlue.java:272)<br/>io.cucumber.core.runner.Runner.runPickle(Runner.java:72)<br/>io.cucumber.testng.TestNGCucumberRunner.lambda$runScenario$1(TestNGCucumberRunner.java:132)<br/>io.cucumber.core.runtime.CucumberExecutionContext.lambda$runTestCase$5(CucumberExecutionContext.java:136)<br/>io.cucumber.core.runtime.RethrowingThrowableCollector.executeAndThrow(RethrowingThrowableCollector.java:23)<br/>io.cucumber.core.runtime.CucumberExecutionContext.runTestCase(CucumberExecutionContext.java:136)<br/>io.cucumber.testng.TestNGCucumberRunner.runScenario(TestNGCucumberRunner.java:129)<br/>io.cucumber.testng.AbstractTestNGCucumberTests.runScenario(AbstractTestNGCucumberTests.java:35)<br/>java.base/jdk.internal.reflect.DirectMethodHandleAccessor.invoke(DirectMethodHandleAccessor.java:103)<br/>java.base/java.lang.reflect.Method.invoke(Method.java:580)<br/>org.testng.internal.invokers.MethodInvocationHelper.invokeMethod(MethodInvocationHelper.java:141)<br/>org.testng.internal.invokers.TestInvoker.invokeMethod(TestInvoker.java:686)<br/>org.testng.internal.invokers.TestInvoker.invokeTestMethod(TestInvoker.java:230)<br/>org.testng.internal.invokers.MethodRunner.runInSequence(MethodRunner.java:63)<br/>org.testng.internal.invokers.TestInvoker$MethodInvocationAgent.invoke(TestInvoker.java:992)<br/>org.testng.internal.invokers.TestInvoker.invokeTestMethods(TestInvoker.java:203)<br/>org.testng.internal.invokers.TestMethodWorker.invokeTestMethods(TestMethodWorker.java:154)<br/>org.testng.internal.invokers.TestMethodWorker.run(TestMethodWorker.java:134)<br/>java.base/java.util.ArrayList.forEach(ArrayList.java:1596)<br/>org.testng.TestRunner.privateRun(TestRunner.java:739)<br/>org.testng.TestRunner.run(TestRunner.java:614)<br/>org.testng.SuiteRunner.runTest(Suit...</div></td><td align='center' style='border-style: solid; border-width: 1px; border-color: white; padding: 5px; color: white;'><a target='_blank' href='file:///workspaces/TestMobileCarina/mobile-automation-ez-bank/reports/1764503852180/b02a2537-b934-4ddd-a0fc-5346e6eda2a6/test.log' style='color: white;'>Logs</a></td></tr>
<tr class='fail' style='background: #FF5C33;'><td align='center' style='border-style: solid; border-width: 1px; border-color: white; padding: 5px; color: white;'>FAILED</td><td style='border-style: solid; border-width: 1px; border-color: white; padding: 5px; color: white;'><span>Surefire test - runScenario [L03]</span><div style="background:#ffcccc; color: black; padding: 5px; margin: 2px 0px 2px 0px;">Duplicate step definitions in com.automation.stepdefinitions.LoginPageSteps.clickProductsCart() and com.automation.stepdefinitions.HomePageSteps.iClickOnTheProductsCart()<br/><br/>io.cucumber.core.runner.CachingGlue.lambda$prepareGlue$3(CachingGlue.java:278)<br/>java.base/java.util.ArrayList.forEach(ArrayList.java:1596)<br/>io.cucumber.core.runner.CachingGlue.prepareGlue(CachingGlue.java:272)<br/>io.cucumber.core.runner.Runner.runPickle(Runner.java:72)<br/>io.cucumber.testng.TestNGCucumberRunner.lambda$runScenario$1(TestNGCucumberRunner.java:132)<br/>io.cucumber.core.runtime.CucumberExecutionContext.lambda$runTestCase$5(CucumberExecutionContext.java:136)<br/>io.cucumber.core.runtime.RethrowingThrowableCollector.executeAndThrow(RethrowingThrowableCollector.java:23)<br/>io.cucumber.core.runtime.CucumberExecutionContext.runTestCase(CucumberExecutionContext.java:136)<br/>io.cucumber.testng.TestNGCucumberRunner.runScenario(TestNGCucumberRunner.java:129)<br/>io.cucumber.testng.AbstractTestNGCucumberTests.runScenario(AbstractTestNGCucumberTests.java:35)<br/>java.base/jdk.internal.reflect.DirectMethodHandleAccessor.invoke(DirectMethodHandleAccessor.java:103)<br/>java.base/java.lang.reflect.Method.invoke(Method.java:580)<br/>org.testng.internal.invokers.MethodInvocationHelper.invokeMethod(MethodInvocationHelper.java:141)<br/>org.testng.internal.invokers.TestInvoker.invokeMethod(TestInvoker.java:686)<br/>org.testng.internal.invokers.TestInvoker.invokeTestMethod(TestInvoker.java:230)<br/>org.testng.internal.invokers.MethodRunner.runInSequence(MethodRunner.java:63)<br/>org.testng.internal.invokers.TestInvoker$MethodInvocationAgent.invoke(TestInvoker.java:992)<br/>org.testng.internal.invokers.TestInvoker.invokeTestMethods(TestInvoker.java:203)<br/>org.testng.internal.invokers.TestMethodWorker.invokeTestMethods(TestMethodWorker.java:154)<br/>org.testng.internal.invokers.TestMethodWorker.run(TestMethodWorker.java:134)<br/>java.base/java.util.ArrayList.forEach(ArrayList.java:1596)<br/>org.testng.TestRunner.privateRun(TestRunner.java:739)<br/>org.testng.TestRunner.run(TestRunner.java:614)<br/>org.testng.SuiteRunner.runTest(Suit...</div></td><td align='center' style='border-style: solid; border-width: 1px; border-color: white; padding: 5px; color: white;'><a target='_blank' href='file:///workspaces/TestMobileCarina/mobile-automation-ez-bank/reports/1764503852180/7b664ce8-efd5-4478-b7ef-aebc58da0c96/test.log' style='color: white;'>Logs</a></td></tr>
<tr class='fail' style='background: #FF5C33;'><td align='center' style='border-style: solid; border-width: 1px; border-color: white; padding: 5px; color: white;'>FAILED</td><td style='border-style: solid; border-width: 1px; border-color: white; padding: 5px; color: white;'><span>Surefire test - runScenario [L04]</span><div style="background:#ffcccc; color: black; padding: 5px; margin: 2px 0px 2px 0px;">Duplicate step definitions in com.automation.stepdefinitions.LoginPageSteps.clickProductsCart() and com.automation.stepdefinitions.HomePageSteps.iClickOnTheProductsCart()<br/><br/>io.cucumber.core.runner.CachingGlue.lambda$prepareGlue$3(CachingGlue.java:278)<br/>java.base/java.util.ArrayList.forEach(ArrayList.java:1596)<br/>io.cucumber.core.runner.CachingGlue.prepareGlue(CachingGlue.java:272)<br/>io.cucumber.core.runner.Runner.runPickle(Runner.java:72)<br/>io.cucumber.testng.TestNGCucumberRunner.lambda$runScenario$1(TestNGCucumberRunner.java:132)<br/>io.cucumber.core.runtime.CucumberExecutionContext.lambda$runTestCase$5(CucumberExecutionContext.java:136)<br/>io.cucumber.core.runtime.RethrowingThrowableCollector.executeAndThrow(RethrowingThrowableCollector.java:23)<br/>io.cucumber.core.runtime.CucumberExecutionContext.runTestCase(CucumberExecutionContext.java:136)<br/>io.cucumber.testng.TestNGCucumberRunner.runScenario(TestNGCucumberRunner.java:129)<br/>io.cucumber.testng.AbstractTestNGCucumberTests.runScenario(AbstractTestNGCucumberTests.java:35)<br/>java.base/jdk.internal.reflect.DirectMethodHandleAccessor.invoke(DirectMethodHandleAccessor.java:103)<br/>java.base/java.lang.reflect.Method.invoke(Method.java:580)<br/>org.testng.internal.invokers.MethodInvocationHelper.invokeMethod(MethodInvocationHelper.java:141)<br/>org.testng.internal.invokers.TestInvoker.invokeMethod(TestInvoker.java:686)<br/>org.testng.internal.invokers.TestInvoker.invokeTestMethod(TestInvoker.java:230)<br/>org.testng.internal.invokers.MethodRunner.runInSequence(MethodRunner.java:63)<br/>org.testng.internal.invokers.TestInvoker$MethodInvocationAgent.invoke(TestInvoker.java:992)<br/>org.testng.internal.invokers.TestInvoker.invokeTestMethods(TestInvoker.java:203)<br/>org.testng.internal.invokers.TestMethodWorker.invokeTestMethods(TestMethodWorker.java:154)<br/>org.testng.internal.invokers.TestMethodWorker.run(TestMethodWorker.java:134)<br/>java.base/java.util.ArrayList.forEach(ArrayList.java:1596)<br/>org.testng.TestRunner.privateRun(TestRunner.java:739)<br/>org.testng.TestRunner.run(TestRunner.java:614)<br/>org.testng.SuiteRunner.runTest(Suit...</div></td><td align='center' style='border-style: solid; border-width: 1px; border-color: white; padding: 5px; color: white;'><a target='_blank' href='file:///workspaces/TestMobileCarina/mobile-automation-ez-bank/reports/1764503852180/2b472aa2-2c74-45af-9570-755fd6d0a436/test.log' style='color: white;'>Logs</a></td></tr>
<tr class='fail' style='background: #FF5C33;'><td align='center' style='border-style: solid; border-width: 1px; border-color: white; padding: 5px; color: white;'>FAILED</td><td style='border-style: solid; border-width: 1px; border-color: white; padding: 5px; color: white;'><span>Surefire test - runScenario [L05]</span><div style="background:#ffcccc; color: black; padding: 5px; margin: 2px 0px 2px 0px;">Duplicate step definitions in com.automation.stepdefinitions.LoginPageSteps.clickProductsCart() and com.automation.stepdefinitions.HomePageSteps.iClickOnTheProductsCart()<br/><br/>io.cucumber.core.runner.CachingGlue.lambda$prepareGlue$3(CachingGlue.java:278)<br/>java.base/java.util.ArrayList.forEach(ArrayList.java:1596)<br/>io.cucumber.core.runner.CachingGlue.prepareGlue(CachingGlue.java:272)<br/>io.cucumber.core.runner.Runner.runPickle(Runner.java:72)<br/>io.cucumber.testng.TestNGCucumberRunner.lambda$runScenario$1(TestNGCucumberRunner.java:132)<br/>io.cucumber.core.runtime.CucumberExecutionContext.lambda$runTestCase$5(CucumberExecutionContext.java:136)<br/>io.cucumber.core.runtime.RethrowingThrowableCollector.executeAndThrow(RethrowingThrowableCollector.java:23)<br/>io.cucumber.core.runtime.CucumberExecutionContext.runTestCase(CucumberExecutionContext.java:136)<br/>io.cucumber.testng.TestNGCucumberRunner.runScenario(TestNGCucumberRunner.java:129)<br/>io.cucumber.testng.AbstractTestNGCucumberTests.runScenario(AbstractTestNGCucumberTests.java:35)<br/>java.base/jdk.internal.reflect.DirectMethodHandleAccessor.invoke(DirectMethodHandleAccessor.java:103)<br/>java.base/java.lang.reflect.Method.invoke(Method.java:580)<br/>org.testng.internal.invokers.MethodInvocationHelper.invokeMethod(MethodInvocationHelper.java:141)<br/>org.testng.internal.invokers.TestInvoker.invokeMethod(TestInvoker.java:686)<br/>org.testng.internal.invokers.TestInvoker.invokeTestMethod(TestInvoker.java:230)<br/>org.testng.internal.invokers.MethodRunner.runInSequence(MethodRunner.java:63)<br/>org.testng.internal.invokers.TestInvoker$MethodInvocationAgent.invoke(TestInvoker.java:992)<br/>org.testng.internal.invokers.TestInvoker.invokeTestMethods(TestInvoker.java:203)<br/>org.testng.internal.invokers.TestMethodWorker.invokeTestMethods(TestMethodWorker.java:154)<br/>org.testng.internal.invokers.TestMethodWorker.run(TestMethodWorker.java:134)<br/>java.base/java.util.ArrayList.forEach(ArrayList.java:1596)<br/>org.testng.TestRunner.privateRun(TestRunner.java:739)<br/>org.testng.TestRunner.run(TestRunner.java:614)<br/>org.testng.SuiteRunner.runTest(Suit...</div></td><td align='center' style='border-style: solid; border-width: 1px; border-color: white; padding: 5px; color: white;'><a target='_blank' href='file:///workspaces/TestMobileCarina/mobile-automation-ez-bank/reports/1764503852180/b38c9708-2c23-4722-9f8d-11968b2eba29/test.log' style='color: white;'>Logs</a></td></tr>
<tr class='fail' style='background: #FF5C33;'><td align='center' style='border-style: solid; border-width: 1px; border-color: white; padding: 5px; color: white;'>FAILED</td><td style='border-style: solid; border-width: 1px; border-color: white; padding: 5px; color: white;'><span>Surefire test - runScenario [L06]</span><div style="background:#ffcccc; color: black; padding: 5px; margin: 2px 0px 2px 0px;">Duplicate step definitions in com.automation.stepdefinitions.LoginPageSteps.clickProductsCart() and com.automation.stepdefinitions.HomePageSteps.iClickOnTheProductsCart()<br/><br/>io.cucumber.core.runner.CachingGlue.lambda$prepareGlue$3(CachingGlue.java:278)<br/>java.base/java.util.ArrayList.forEach(ArrayList.java:1596)<br/>io.cucumber.core.runner.CachingGlue.prepareGlue(CachingGlue.java:272)<br/>io.cucumber.core.runner.Runner.runPickle(Runner.java:72)<br/>io.cucumber.testng.TestNGCucumberRunner.lambda$runScenario$1(TestNGCucumberRunner.java:132)<br/>io.cucumber.core.runtime.CucumberExecutionContext.lambda$runTestCase$5(CucumberExecutionContext.java:136)<br/>io.cucumber.core.runtime.RethrowingThrowableCollector.executeAndThrow(RethrowingThrowableCollector.java:23)<br/>io.cucumber.core.runtime.CucumberExecutionContext.runTestCase(CucumberExecutionContext.java:136)<br/>io.cucumber.testng.TestNGCucumberRunner.runScenario(TestNGCucumberRunner.java:129)<br/>io.cucumber.testng.AbstractTestNGCucumberTests.runScenario(AbstractTestNGCucumberTests.java:35)<br/>java.base/jdk.internal.reflect.DirectMethodHandleAccessor.invoke(DirectMethodHandleAccessor.java:103)<br/>java.base/java.lang.reflect.Method.invoke(Method.java:580)<br/>org.testng.internal.invokers.MethodInvocationHelper.invokeMethod(MethodInvocationHelper.java:141)<br/>org.testng.internal.invokers.TestInvoker.invokeMethod(TestInvoker.java:686)<br/>org.testng.internal.invokers.TestInvoker.invokeTestMethod(TestInvoker.java:230)<br/>org.testng.internal.invokers.MethodRunner.runInSequence(MethodRunner.java:63)<br/>org.testng.internal.invokers.TestInvoker$MethodInvocationAgent.invoke(TestInvoker.java:992)<br/>org.testng.internal.invokers.TestInvoker.invokeTestMethods(TestInvoker.java:203)<br/>org.testng.internal.invokers.TestMethodWorker.invokeTestMethods(TestMethodWorker.java:154)<br/>org.testng.internal.invokers.TestMethodWorker.run(TestMethodWorker.java:134)<br/>java.base/java.util.ArrayList.forEach(ArrayList.java:1596)<br/>org.testng.TestRunner.privateRun(TestRunner.java:739)<br/>org.testng.TestRunner.run(TestRunner.java:614)<br/>org.testng.SuiteRunner.runTest(Suit...</div></td><td align='center' style='border-style: solid; border-width: 1px; border-color: white; padding: 5px; color: white;'><a target='_blank' href='file:///workspaces/TestMobileCarina/mobile-automation-ez-bank/reports/1764503852180/f45cc18c-0c64-4810-a18c-adae89b472b8/test.log' style='color: white;'>Logs</a></td></tr>
<tr class='fail' style='background: #FF5C33;'><td align='center' style='border-style: solid; border-width: 1px; border-color: white; padding: 5px; color: white;'>FAILED</td><td style='border-style: solid; border-width: 1px; border-color: white; padding: 5px; color: white;'><span>Surefire test - runScenario [L07]</span><div style="background:#ffcccc; color: black; padding: 5px; margin: 2px 0px 2px 0px;">Duplicate step definitions in com.automation.stepdefinitions.LoginPageSteps.clickProductsCart() and com.automation.stepdefinitions.HomePageSteps.iClickOnTheProductsCart()<br/><br/>io.cucumber.core.runner.CachingGlue.lambda$prepareGlue$3(CachingGlue.java:278)<br/>java.base/java.util.ArrayList.forEach(ArrayList.java:1596)<br/>io.cucumber.core.runner.CachingGlue.prepareGlue(CachingGlue.java:272)<br/>io.cucumber.core.runner.Runner.runPickle(Runner.java:72)<br/>io.cucumber.testng.TestNGCucumberRunner.lambda$runScenario$1(TestNGCucumberRunner.java:132)<br/>io.cucumber.core.runtime.CucumberExecutionContext.lambda$runTestCase$5(CucumberExecutionContext.java:136)<br/>io.cucumber.core.runtime.RethrowingThrowableCollector.executeAndThrow(RethrowingThrowableCollector.java:23)<br/>io.cucumber.core.runtime.CucumberExecutionContext.runTestCase(CucumberExecutionContext.java:136)<br/>io.cucumber.testng.TestNGCucumberRunner.runScenario(TestNGCucumberRunner.java:129)<br/>io.cucumber.testng.AbstractTestNGCucumberTests.runScenario(AbstractTestNGCucumberTests.java:35)<br/>java.base/jdk.internal.reflect.DirectMethodHandleAccessor.invoke(DirectMethodHandleAccessor.java:103)<br/>java.base/java.lang.reflect.Method.invoke(Method.java:580)<br/>org.testng.internal.invokers.MethodInvocationHelper.invokeMethod(MethodInvocationHelper.java:141)<br/>org.testng.internal.invokers.TestInvoker.invokeMethod(TestInvoker.java:686)<br/>org.testng.internal.invokers.TestInvoker.invokeTestMethod(TestInvoker.java:230)<br/>org.testng.internal.invokers.MethodRunner.runInSequence(MethodRunner.java:63)<br/>org.testng.internal.invokers.TestInvoker$MethodInvocationAgent.invoke(TestInvoker.java:992)<br/>org.testng.internal.invokers.TestInvoker.invokeTestMethods(TestInvoker.java:203)<br/>org.testng.internal.invokers.TestMethodWorker.invokeTestMethods(TestMethodWorker.java:154)<br/>org.testng.internal.invokers.TestMethodWorker.run(TestMethodWorker.java:134)<br/>java.base/java.util.ArrayList.forEach(ArrayList.java:1596)<br/>org.testng.TestRunner.privateRun(TestRunner.java:739)<br/>org.testng.TestRunner.run(TestRunner.java:614)<br/>org.testng.SuiteRunner.runTest(Suit...</div></td><td align='center' style='border-style: solid; border-width: 1px; border-color: white; padding: 5px; color: white;'><a target='_blank' href='file:///workspaces/TestMobileCarina/mobile-automation-ez-bank/reports/1764503852180/d8268a86-65b7-4da3-a46e-4a9bbe805d70/test.log' style='color: white;'>Logs</a></td></tr>
</table></div></div>
