<?xml version="1.0" encoding="UTF-8"?>
<testsuite xmlns:xsi="http://www.w3.org/2001/XMLSchema-instance" xsi:noNamespaceSchemaLocation="https://maven.apache.org/surefire/maven-surefire-plugin/xsd/surefire-test-report-3.0.xsd" version="3.0" name="com.automation.runners.CucumberTestRunner" time="12.519" tests="6" errors="0" skipped="0" failures="6">
  <properties>
[...]
</properties>
  <testcase name="runScenario[&quot;Verify app logo is displayed&quot;, &quot;Home Page Testing&quot;](1)" classname="com.automation.runners.CucumberTestRunner" time="3.757">
    <failure message="Could not start a new session. Response code 404. Message: The requested resource could not be found, or a request was received using an HTTP method that is not supported by the mapped resource. &#10;Host info: host: &apos;codespaces-e2cff2&apos;, ip: &apos;127.0.0.1&apos;&#10;Build info: version: &apos;4.13.0&apos;, revision: &apos;ba948ece5b*&apos;&#10;System info: os.name: &apos;Linux&apos;, os.arch: &apos;amd64&apos;, os.version: &apos;6.8.0-1030-azure&apos;, java.version: &apos;21.0.9&apos;&#10;Driver info: io.appium.java_client.android.AndroidDriver&#10;Command: [null, newSession {capabilities=[{appium:deviceType=phone, appium:locale=US, appium:language=en, appium:automationName=UiAutomator2, appium:fullReset=false, appium:platformVersion=13.0, appium:noReset=true, appium:autoGrantPermissions=true, appium:appActivity=com.saucelabs.mydemoapp.android.view.activities.SplashActivity, appium:deviceName=emulator-5554, platformName=ANDROID, appium:app=https://github.com/saucelabs/my-demo-app-android/releases/download/v2.2.0/mda-2.2.0-25.apk, appium:appPackage=com.saucelabs.mydemoapp.android}], desiredCapabilities=Capabilities {appium:app: https://github.com/saucelab..., appium:appActivity: com.saucelabs.mydemoapp.and..., appium:appPackage: com.saucelabs.mydemoapp.and..., appium:autoGrantPermissions: true, appium:automationName: UiAutomator2, appium:deviceName: emulator-5554, appium:deviceType: phone, appium:fullReset: false, appium:language: en, appium:locale: US, appium:noReset: true, appium:platformVersion: 13.0, platformName: ANDROID}}]&#10;Capabilities {appium:app: https://github.com/saucelab..., appium:appActivity: com.saucelabs.mydemoapp.and..., appium:appPackage: com.saucelabs.mydemoapp.and..., appium:autoGrantPermissions: true, appium:automationName: UiAutomator2, appium:deviceName: emulator-5554, appium:deviceType: phone, appium:fullReset: false, appium:language: en, appium:locale: US, appium:noReset: true, appium:platformVersion: 13.0, platformName: ANDROID}" type="org.openqa.selenium.SessionNotCreatedException"><![CDATA[org.openqa.selenium.SessionNotCreatedException: 
Could not start a new session. Response code 404. Message: The requested resource could not be found, or a request was received using an HTTP method that is not supported by the mapped resource. 
Host info: host: 'codespaces-e2cff2', ip: '127.0.0.1'
Build info: version: '4.13.0', revision: 'ba948ece5b*'
System info: os.name: 'Linux', os.arch: 'amd64', os.version: '6.8.0-1030-azure', java.version: '21.0.9'
Driver info: io.appium.java_client.android.AndroidDriver
Command: [null, newSession {capabilities=[{appium:deviceType=phone, appium:locale=US, appium:language=en, appium:automationName=UiAutomator2, appium:fullReset=false, appium:platformVersion=13.0, appium:noReset=true, appium:autoGrantPermissions=true, appium:appActivity=com.saucelabs.mydemoapp.android.view.activities.SplashActivity, appium:deviceName=emulator-5554, platformName=ANDROID, appium:app=https://github.com/saucelabs/my-demo-app-android/releases/download/v2.2.0/mda-2.2.0-25.apk, appium:appPackage=com.saucelabs.mydemoapp.android}], desiredCapabilities=Capabilities {appium:app: https://github.com/saucelab..., appium:appActivity: com.saucelabs.mydemoapp.and..., appium:appPackage: com.saucelabs.mydemoapp.and..., appium:autoGrantPermissions: true, appium:automationName: UiAutomator2, appium:deviceName: emulator-5554, appium:deviceType: phone, appium:fullReset: false, appium:language: en, appium:locale: US, appium:noReset: true, appium:platformVersion: 13.0, platformName: ANDROID}}]
Capabilities {appium:app: https://github.com/saucelab..., appium:appActivity: com.saucelabs.mydemoapp.and..., appium:appPackage: com.saucelabs.mydemoapp.and..., appium:autoGrantPermissions: true, appium:automationName: UiAutomator2, appium:deviceName: emulator-5554, appium:deviceType: phone, appium:fullReset: false, appium:language: en, appium:locale: US, appium:noReset: true, appium:platformVersion: 13.0, platformName: ANDROID}
	at org.openqa.selenium.remote.ProtocolHandshake.createSession(ProtocolHandshake.java:140)
	at java.base/jdk.internal.reflect.DirectMethodHandleAccessor.invoke(DirectMethodHandleAccessor.java:103)
	at java.base/java.lang.reflect.Method.invoke(Method.java:580)
	at io.appium.java_client.remote.AppiumProtocolHandshake.createSession(AppiumProtocolHandshake.java:133)
	at io.appium.java_client.remote.AppiumProtocolHandshake.createSession(AppiumProtocolHandshake.java:102)
	at io.appium.java_client.remote.AppiumCommandExecutor.createSession(AppiumCommandExecutor.java:182)
	at io.appium.java_client.remote.AppiumCommandExecutor.execute(AppiumCommandExecutor.java:250)
	at com.zebrunner.carina.webdriver.listener.EventFiringAppiumCommandExecutor.execute(EventFiringAppiumCommandExecutor.java:109)
	at org.openqa.selenium.remote.RemoteWebDriver.execute(RemoteWebDriver.java:602)
	at io.appium.java_client.AppiumDriver.startSession(AppiumDriver.java:274)
	at org.openqa.selenium.remote.RemoteWebDriver.<init>(RemoteWebDriver.java:163)
	at io.appium.java_client.AppiumDriver.<init>(AppiumDriver.java:89)
	at io.appium.java_client.android.AndroidDriver.<init>(AndroidDriver.java:103)
	at com.zebrunner.carina.webdriver.core.factory.impl.MobileFactory.create(MobileFactory.java:111)
	at com.zebrunner.carina.webdriver.core.factory.DriverFactory.create(DriverFactory.java:89)
	at com.zebrunner.carina.webdriver.IDriverPool.createDriver(IDriverPool.java:404)
	at com.zebrunner.carina.webdriver.IDriverPool.getDriver(IDriverPool.java:152)
	at com.zebrunner.carina.webdriver.IDriverPool.getDriver(IDriverPool.java:116)
	at com.zebrunner.carina.webdriver.IDriverPool.getDriver(IDriverPool.java:104)
	at com.automation.stepdefinitions.HomePageSteps.iLaunchTheMobileApp(HomePageSteps.java:35)
	at ✽.I launch the mobile app(file:///workspaces/TestMobileCarina/mobile-automation-ez-bank/src/test/resources/features/home_page.feature:8)
]]></failure>
    <system-out><![CDATA[2025-11-30 12:40:11 CarinaListener [main] [INFO] 
============= Basic configuration =============
env=DEMO
=========== Encryptor configuration ===========
crypto_key_value=*****
=========== WebDriver configuration ===========
url=https://www.gsmarena.com
selenium_url=http://127.0.0.1:4723/wd/hub
auto_screenshot=true
localization_encoding=UTF-8
language=en_US
-------------- Driver capabilities ------------
appPackage=com.saucelabs.mydemoapp.android
appActivity=com.saucelabs.mydemoapp.android.view.activities.SplashActivity
app=https://github.com/saucelabs/my-demo-app-android/releases/download/v2.2.0/mda-2.2.0-25.apk
deviceType=phone
noReset=true
platformVersion=13.0
automationName=UiAutomator2
autoGrantPermissions=true
platformName=ANDROID
deviceName=emulator-5554
fullReset=false
===============================================

2025-11-30 12:40:11 TestRunRegistrar [main-1] [WARN] Reporting disabled: using no op test run registrar
2025-11-30 12:40:16 CarinaListener [main-1] [INFO] Set thread-count=1
2025-11-30 12:40:16 CarinaListener [main-1] [INFO] Set data-provider-thread-count=1
2025-11-30 12:40:16 CarinaListener [main-1] [INFO] CARINA_CORE_VERSION: 1.2.4-local
2025-11-30 12:40:17 TestRunRegistrar [main-1] [WARN] Reporting disabled: using no op test run registrar
2025-11-30 12:40:17 Messager [main-1] [INFO] TEST [Surefire test - runScenario [L01]] STARTED at [12:40:17 2025-11-30]

@mobile @android
Scenario: Verify app logo is displayed  # src/test/resources/features/home_page.feature:11

============================================================
Starting Scenario: Verify app logo is displayed
============================================================
2025-11-30 12:40:17 HomePageSteps [main-1] [INFO] === Launching the mobile app ===
2025-11-30 12:40:17 DriverFactory [main-1] [INFO] Starting driver session...
  Given I launch the mobile app         # com.automation.stepdefinitions.HomePageSteps.iLaunchTheMobileApp()
      org.openqa.selenium.SessionNotCreatedException: Could not start a new session. Response code 404. Message: The requested resource could not be found, or a request was received using an HTTP method that is not supported by the mapped resource. 
Host info: host: 'codespaces-e2cff2', ip: '127.0.0.1'
Build info: version: '4.13.0', revision: 'ba948ece5b*'
System info: os.name: 'Linux', os.arch: 'amd64', os.version: '6.8.0-1030-azure', java.version: '21.0.9'
Driver info: io.appium.java_client.android.AndroidDriver
Command: [null, newSession {capabilities=[{appium:deviceType=phone, appium:locale=US, appium:language=en, appium:automationName=UiAutomator2, appium:fullReset=false, appium:platformVersion=13.0, appium:noReset=true, appium:autoGrantPermissions=true, appium:appActivity=com.saucelabs.mydemoapp.android.view.activities.SplashActivity, appium:deviceName=emulator-5554, platformName=ANDROID, appium:app=https://github.com/saucelabs/my-demo-app-android/releases/download/v2.2.0/mda-2.2.0-25.apk, appium:appPackage=com.saucelabs.mydemoapp.android}], desiredCapabilities=Capabilities {appium:app: https://github.com/saucelab..., appium:appActivity: com.saucelabs.mydemoapp.and..., appium:appPackage: com.saucelabs.mydemoapp.and..., appium:autoGrantPermissions: true, appium:automationName: UiAutomator2, appium:deviceName: emulator-5554, appium:deviceType: phone, appium:fullReset: false, appium:language: en, appium:locale: US, appium:noReset: true, appium:platformVersion: 13.0, platformName: ANDROID}}]
Capabilities {appium:app: https://github.com/saucelab..., appium:appActivity: com.saucelabs.mydemoapp.and..., appium:appPackage: com.saucelabs.mydemoapp.and..., appium:autoGrantPermissions: true, appium:automationName: UiAutomator2, appium:deviceName: emulator-5554, appium:deviceType: phone, appium:fullReset: false, appium:language: en, appium:locale: US, appium:noReset: true, appium:platformVersion: 13.0, platformName: ANDROID}
	at org.openqa.selenium.remote.ProtocolHandshake.createSession(ProtocolHandshake.java:140)
	at java.base/jdk.internal.reflect.DirectMethodHandleAccessor.invoke(DirectMethodHandleAccessor.java:103)
	at java.base/java.lang.reflect.Method.invoke(Method.java:580)
	at io.appium.java_client.remote.AppiumProtocolHandshake.createSession(AppiumProtocolHandshake.java:133)
	at io.appium.java_client.remote.AppiumProtocolHandshake.createSession(AppiumProtocolHandshake.java:102)
	at io.appium.java_client.remote.AppiumCommandExecutor.createSession(AppiumCommandExecutor.java:182)
	at io.appium.java_client.remote.AppiumCommandExecutor.execute(AppiumCommandExecutor.java:250)
	at com.zebrunner.carina.webdriver.listener.EventFiringAppiumCommandExecutor.execute(EventFiringAppiumCommandExecutor.java:109)
	at org.openqa.selenium.remote.RemoteWebDriver.execute(RemoteWebDriver.java:602)
	at io.appium.java_client.AppiumDriver.startSession(AppiumDriver.java:274)
	at org.openqa.selenium.remote.RemoteWebDriver.<init>(RemoteWebDriver.java:163)
	at io.appium.java_client.AppiumDriver.<init>(AppiumDriver.java:89)
	at io.appium.java_client.android.AndroidDriver.<init>(AndroidDriver.java:103)
	at com.zebrunner.carina.webdriver.core.factory.impl.MobileFactory.create(MobileFactory.java:111)
	at com.zebrunner.carina.webdriver.core.factory.DriverFactory.create(DriverFactory.java:89)
	at com.zebrunner.carina.webdriver.IDriverPool.createDriver(IDriverPool.java:404)
	at com.zebrunner.carina.webdriver.IDriverPool.getDriver(IDriverPool.java:152)
	at com.zebrunner.carina.webdriver.IDriverPool.getDriver(IDriverPool.java:116)
	at com.zebrunner.carina.webdriver.IDriverPool.getDriver(IDriverPool.java:104)
	at com.automation.stepdefinitions.HomePageSteps.iLaunchTheMobileApp(HomePageSteps.java:35)
	at ✽.I launch the mobile app(file:///workspaces/TestMobileCarina/mobile-automation-ez-bank/src/test/resources/features/home_page.feature:8)

  And I am on the home page             # com.automation.stepdefinitions.HomePageSteps.iAmOnTheHomePage()
  Then the app logo should be displayed # com.automation.stepdefinitions.HomePageSteps.theAppLogoShouldBeDisplayed()

============================================================
Scenario Failed: Verify app logo is displayed
============================================================

2025-11-30 12:40:21 Messager [main-1] [ERROR] TEST [Surefire test - runScenario [L01]] FAILED at [12:40:21 2025-11-30] - Could not start a new session. Response code 404. Message: The requested resource could not be found, or a request was received using an HTTP method that is not supported by the mapped resource. 
Host info: host: 'codespaces-e2cff2', ip: '127.0.0.1'
Build info: version: '4.13.0', revision: 'ba948ece5b*'
System info: os.name: 'Linux', os.arch: 'amd64', os.version: '6.8.0-1030-azure', java.version: '21.0.9'
Driver info: io.appium.java_client.android.AndroidDriver
Command: [null, newSession {capabilities=[{appium:deviceType=phone, appium:locale=US, appium:language=en, appium:automationName=UiAutomator2, appium:fullReset=false, appium:platformVersion=13.0, appium:noReset=true, appium:autoGrantPermissions=true, appium:appActivity=com.saucelabs.mydemoapp.android.view.activities.SplashActivity, appium:deviceName=emulator-5554, platformName=ANDROID, appium:app=https://github.com/saucelabs/my-demo-app-android/releases/download/v2.2.0/mda-2.2.0-25.apk, appium:appPackage=com.saucelabs.mydemoapp.android}], desiredCapabilities=Capabilities {appium:app: https://github.com/saucelab..., appium:appActivity: com.saucelabs.mydemoapp.and..., appium:appPackage: com.saucelabs.mydemoapp.and..., appium:autoGrantPermissions: true, appium:automationName: UiAutomator2, appium:deviceName: emulator-5554, appium:deviceType: phone, appium:fullReset: false, appium:language: en, appium:locale: US, appium:noReset: true, appium:platformVersion: 13.0, platformName: ANDROID}}]
Capabilities {appium:app: https://github.com/saucelab..., appium:appActivity: com.saucelabs.mydemoapp.and..., appium:appPackage: com.saucelabs.mydemoapp.and..., appium:autoGrantPermissions: true, appium:automationName: UiAutomator2, appium:deviceName: emulator-5554, appium:deviceType: phone, appium:fullReset: false, appium:language: en, appium:locale: US, appium:noReset: true, appium:platformVersion: 13.0, platformName: ANDROID}

org.openqa.selenium.remote.ProtocolHandshake.createSession(ProtocolHandshake.java:140)
java.base/jdk.internal.reflect.DirectMethodHandleAccessor.invoke(DirectMethodHandleAccessor.java:103)
java.base/java.lang.reflect.Method.invoke(Method.java:580)
io.appium.java_client.remote.AppiumProtocolHandshake.createSession(AppiumProtocolHandshake.java:133)
io.appium.java_client.remote.AppiumProtocolHandshake.createSession(AppiumProtocolHandshake.java:102)
io.appium.java_client.remote.AppiumCommandExecutor.createSession(AppiumCommandExecutor.java:182)
io.appium.java_client.remote.AppiumCommandExecutor.execute(AppiumCommandExecutor.java:250)
com.zebrunner.carina.webdriver.listener.EventFiringAppiumCommandExecutor.execute(EventFiringAppiumCommandExecutor.java:109)
org.openqa.selenium.remote.RemoteWebDriver.execute(RemoteWebDriver.java:602)
io.appium.java_client.AppiumDriver.startSession(AppiumDriver.java:274)
org.openqa.selenium.remote.RemoteWebDriver.<init>(RemoteWebDriver.java:163)
io.appium.java_client.AppiumDriver.<init>(AppiumDriver.java:89)
io.appium.java_client.android.AndroidDriver.<init>(AndroidDriver.java:103)
com.zebrunner.carina.webdriver.core.factory.impl.MobileFactory.create(MobileFactory.java:111)
com.zebrunner.carina.webdriver.core.factory.DriverFactory.create(DriverFactory.java:89)
com.zebrunner.carina.webdriver.IDriverPool.createDriver(IDriverPool.java:404)
com.zebrunner.carina.webdriver.IDriverPool.getDriver(IDriverPool.java:152)
com.zebrunner.carina.webdriver.IDriverPool.getDriver(IDriverPool.java:116)
com.zebrunner.carina.webdriver.IDriverPool.getDriver(IDriverPool.java:104)
com.automation.stepdefinitions.HomePageSteps.iLaunchTheMobileApp(HomePageSteps.java:35)
✽.I launch the mobile app(file:///workspaces/TestMobileCarina/mobile-automation-ez-bank/src/test/resources/features/home_page.feature:8)
]]></system-out>
  </testcase>
  <testcase name="runScenario[&quot;Open products cart&quot;, &quot;Home Page Testing&quot;](2)" classname="com.automation.runners.CucumberTestRunner" time="0.116">
    <failure message="Could not start a new session. Response code 404. Message: The requested resource could not be found, or a request was received using an HTTP method that is not supported by the mapped resource. &#10;Host info: host: &apos;codespaces-e2cff2&apos;, ip: &apos;127.0.0.1&apos;&#10;Build info: version: &apos;4.13.0&apos;, revision: &apos;ba948ece5b*&apos;&#10;System info: os.name: &apos;Linux&apos;, os.arch: &apos;amd64&apos;, os.version: &apos;6.8.0-1030-azure&apos;, java.version: &apos;21.0.9&apos;&#10;Driver info: io.appium.java_client.android.AndroidDriver&#10;Command: [null, newSession {capabilities=[{appium:deviceType=phone, appium:locale=US, appium:language=en, appium:automationName=UiAutomator2, appium:fullReset=false, appium:platformVersion=13.0, appium:noReset=true, appium:autoGrantPermissions=true, appium:appActivity=com.saucelabs.mydemoapp.android.view.activities.SplashActivity, appium:deviceName=emulator-5554, platformName=ANDROID, appium:app=https://github.com/saucelabs/my-demo-app-android/releases/download/v2.2.0/mda-2.2.0-25.apk, appium:appPackage=com.saucelabs.mydemoapp.android}], desiredCapabilities=Capabilities {appium:app: https://github.com/saucelab..., appium:appActivity: com.saucelabs.mydemoapp.and..., appium:appPackage: com.saucelabs.mydemoapp.and..., appium:autoGrantPermissions: true, appium:automationName: UiAutomator2, appium:deviceName: emulator-5554, appium:deviceType: phone, appium:fullReset: false, appium:language: en, appium:locale: US, appium:noReset: true, appium:platformVersion: 13.0, platformName: ANDROID}}]&#10;Capabilities {appium:app: https://github.com/saucelab..., appium:appActivity: com.saucelabs.mydemoapp.and..., appium:appPackage: com.saucelabs.mydemoapp.and..., appium:autoGrantPermissions: true, appium:automationName: UiAutomator2, appium:deviceName: emulator-5554, appium:deviceType: phone, appium:fullReset: false, appium:language: en, appium:locale: US, appium:noReset: true, appium:platformVersion: 13.0, platformName: ANDROID}" type="org.openqa.selenium.SessionNotCreatedException"><![CDATA[org.openqa.selenium.SessionNotCreatedException: 
Could not start a new session. Response code 404. Message: The requested resource could not be found, or a request was received using an HTTP method that is not supported by the mapped resource. 
Host info: host: 'codespaces-e2cff2', ip: '127.0.0.1'
Build info: version: '4.13.0', revision: 'ba948ece5b*'
System info: os.name: 'Linux', os.arch: 'amd64', os.version: '6.8.0-1030-azure', java.version: '21.0.9'
Driver info: io.appium.java_client.android.AndroidDriver
Command: [null, newSession {capabilities=[{appium:deviceType=phone, appium:locale=US, appium:language=en, appium:automationName=UiAutomator2, appium:fullReset=false, appium:platformVersion=13.0, appium:noReset=true, appium:autoGrantPermissions=true, appium:appActivity=com.saucelabs.mydemoapp.android.view.activities.SplashActivity, appium:deviceName=emulator-5554, platformName=ANDROID, appium:app=https://github.com/saucelabs/my-demo-app-android/releases/download/v2.2.0/mda-2.2.0-25.apk, appium:appPackage=com.saucelabs.mydemoapp.android}], desiredCapabilities=Capabilities {appium:app: https://github.com/saucelab..., appium:appActivity: com.saucelabs.mydemoapp.and..., appium:appPackage: com.saucelabs.mydemoapp.and..., appium:autoGrantPermissions: true, appium:automationName: UiAutomator2, appium:deviceName: emulator-5554, appium:deviceType: phone, appium:fullReset: false, appium:language: en, appium:locale: US, appium:noReset: true, appium:platformVersion: 13.0, platformName: ANDROID}}]
Capabilities {appium:app: https://github.com/saucelab..., appium:appActivity: com.saucelabs.mydemoapp.and..., appium:appPackage: com.saucelabs.mydemoapp.and..., appium:autoGrantPermissions: true, appium:automationName: UiAutomator2, appium:deviceName: emulator-5554, appium:deviceType: phone, appium:fullReset: false, appium:language: en, appium:locale: US, appium:noReset: true, appium:platformVersion: 13.0, platformName: ANDROID}
	at org.openqa.selenium.remote.ProtocolHandshake.createSession(ProtocolHandshake.java:140)
	at java.base/jdk.internal.reflect.DirectMethodHandleAccessor.invoke(DirectMethodHandleAccessor.java:103)
	at java.base/java.lang.reflect.Method.invoke(Method.java:580)
	at io.appium.java_client.remote.AppiumProtocolHandshake.createSession(AppiumProtocolHandshake.java:133)
	at io.appium.java_client.remote.AppiumProtocolHandshake.createSession(AppiumProtocolHandshake.java:102)
	at io.appium.java_client.remote.AppiumCommandExecutor.createSession(AppiumCommandExecutor.java:182)
	at io.appium.java_client.remote.AppiumCommandExecutor.execute(AppiumCommandExecutor.java:250)
	at com.zebrunner.carina.webdriver.listener.EventFiringAppiumCommandExecutor.execute(EventFiringAppiumCommandExecutor.java:109)
	at org.openqa.selenium.remote.RemoteWebDriver.execute(RemoteWebDriver.java:602)
	at io.appium.java_client.AppiumDriver.startSession(AppiumDriver.java:274)
	at org.openqa.selenium.remote.RemoteWebDriver.<init>(RemoteWebDriver.java:163)
	at io.appium.java_client.AppiumDriver.<init>(AppiumDriver.java:89)
	at io.appium.java_client.android.AndroidDriver.<init>(AndroidDriver.java:103)
	at com.zebrunner.carina.webdriver.core.factory.impl.MobileFactory.create(MobileFactory.java:111)
	at com.zebrunner.carina.webdriver.core.factory.DriverFactory.create(DriverFactory.java:89)
	at com.zebrunner.carina.webdriver.IDriverPool.createDriver(IDriverPool.java:404)
	at com.zebrunner.carina.webdriver.IDriverPool.getDriver(IDriverPool.java:152)
	at com.zebrunner.carina.webdriver.IDriverPool.getDriver(IDriverPool.java:116)
	at com.zebrunner.carina.webdriver.IDriverPool.getDriver(IDriverPool.java:104)
	at com.automation.stepdefinitions.HomePageSteps.iLaunchTheMobileApp(HomePageSteps.java:35)
	at ✽.I launch the mobile app(file:///workspaces/TestMobileCarina/mobile-automation-ez-bank/src/test/resources/features/home_page.feature:8)
]]></failure>
    <system-out><![CDATA[2025-11-30 12:40:21 TestRunRegistrar [main-1] [WARN] Reporting disabled: using no op test run registrar
2025-11-30 12:40:21 Messager [main-1] [INFO] TEST [Surefire test - runScenario [L02]] STARTED at [12:40:21 2025-11-30]

@mobile @android
Scenario: Open products cart        # src/test/resources/features/home_page.feature:14

============================================================
Starting Scenario: Open products cart
============================================================
2025-11-30 12:40:21 HomePageSteps [main-1] [INFO] === Launching the mobile app ===
2025-11-30 12:40:21 DriverFactory [main-1] [INFO] Starting driver session...
  Given I launch the mobile app     # com.automation.stepdefinitions.HomePageSteps.iLaunchTheMobileApp()
      org.openqa.selenium.SessionNotCreatedException: Could not start a new session. Response code 404. Message: The requested resource could not be found, or a request was received using an HTTP method that is not supported by the mapped resource. 
Host info: host: 'codespaces-e2cff2', ip: '127.0.0.1'
Build info: version: '4.13.0', revision: 'ba948ece5b*'
System info: os.name: 'Linux', os.arch: 'amd64', os.version: '6.8.0-1030-azure', java.version: '21.0.9'
Driver info: io.appium.java_client.android.AndroidDriver
Command: [null, newSession {capabilities=[{appium:deviceType=phone, appium:locale=US, appium:language=en, appium:automationName=UiAutomator2, appium:fullReset=false, appium:platformVersion=13.0, appium:noReset=true, appium:autoGrantPermissions=true, appium:appActivity=com.saucelabs.mydemoapp.android.view.activities.SplashActivity, appium:deviceName=emulator-5554, platformName=ANDROID, appium:app=https://github.com/saucelabs/my-demo-app-android/releases/download/v2.2.0/mda-2.2.0-25.apk, appium:appPackage=com.saucelabs.mydemoapp.android}], desiredCapabilities=Capabilities {appium:app: https://github.com/saucelab..., appium:appActivity: com.saucelabs.mydemoapp.and..., appium:appPackage: com.saucelabs.mydemoapp.and..., appium:autoGrantPermissions: true, appium:automationName: UiAutomator2, appium:deviceName: emulator-5554, appium:deviceType: phone, appium:fullReset: false, appium:language: en, appium:locale: US, appium:noReset: true, appium:platformVersion: 13.0, platformName: ANDROID}}]
Capabilities {appium:app: https://github.com/saucelab..., appium:appActivity: com.saucelabs.mydemoapp.and..., appium:appPackage: com.saucelabs.mydemoapp.and..., appium:autoGrantPermissions: true, appium:automationName: UiAutomator2, appium:deviceName: emulator-5554, appium:deviceType: phone, appium:fullReset: false, appium:language: en, appium:locale: US, appium:noReset: true, appium:platformVersion: 13.0, platformName: ANDROID}
	at org.openqa.selenium.remote.ProtocolHandshake.createSession(ProtocolHandshake.java:140)
	at java.base/jdk.internal.reflect.DirectMethodHandleAccessor.invoke(DirectMethodHandleAccessor.java:103)
	at java.base/java.lang.reflect.Method.invoke(Method.java:580)
	at io.appium.java_client.remote.AppiumProtocolHandshake.createSession(AppiumProtocolHandshake.java:133)
	at io.appium.java_client.remote.AppiumProtocolHandshake.createSession(AppiumProtocolHandshake.java:102)
	at io.appium.java_client.remote.AppiumCommandExecutor.createSession(AppiumCommandExecutor.java:182)
	at io.appium.java_client.remote.AppiumCommandExecutor.execute(AppiumCommandExecutor.java:250)
	at com.zebrunner.carina.webdriver.listener.EventFiringAppiumCommandExecutor.execute(EventFiringAppiumCommandExecutor.java:109)
	at org.openqa.selenium.remote.RemoteWebDriver.execute(RemoteWebDriver.java:602)
	at io.appium.java_client.AppiumDriver.startSession(AppiumDriver.java:274)
	at org.openqa.selenium.remote.RemoteWebDriver.<init>(RemoteWebDriver.java:163)
	at io.appium.java_client.AppiumDriver.<init>(AppiumDriver.java:89)
	at io.appium.java_client.android.AndroidDriver.<init>(AndroidDriver.java:103)
	at com.zebrunner.carina.webdriver.core.factory.impl.MobileFactory.create(MobileFactory.java:111)
	at com.zebrunner.carina.webdriver.core.factory.DriverFactory.create(DriverFactory.java:89)
	at com.zebrunner.carina.webdriver.IDriverPool.createDriver(IDriverPool.java:404)
	at com.zebrunner.carina.webdriver.IDriverPool.getDriver(IDriverPool.java:152)
	at com.zebrunner.carina.webdriver.IDriverPool.getDriver(IDriverPool.java:116)
	at com.zebrunner.carina.webdriver.IDriverPool.getDriver(IDriverPool.java:104)
	at com.automation.stepdefinitions.HomePageSteps.iLaunchTheMobileApp(HomePageSteps.java:35)
	at ✽.I launch the mobile app(file:///workspaces/TestMobileCarina/mobile-automation-ez-bank/src/test/resources/features/home_page.feature:8)

  And I am on the home page         # com.automation.stepdefinitions.HomePageSteps.iAmOnTheHomePage()
  When I click on the products cart # com.automation.stepdefinitions.HomePageSteps.iClickOnTheProductsCart()
  Then the cart should open         # com.automation.stepdefinitions.HomePageSteps.theCartShouldOpen()

============================================================
Scenario Failed: Open products cart
============================================================

2025-11-30 12:40:21 Messager [main-1] [ERROR] TEST [Surefire test - runScenario [L02]] FAILED at [12:40:21 2025-11-30] - Could not start a new session. Response code 404. Message: The requested resource could not be found, or a request was received using an HTTP method that is not supported by the mapped resource. 
Host info: host: 'codespaces-e2cff2', ip: '127.0.0.1'
Build info: version: '4.13.0', revision: 'ba948ece5b*'
System info: os.name: 'Linux', os.arch: 'amd64', os.version: '6.8.0-1030-azure', java.version: '21.0.9'
Driver info: io.appium.java_client.android.AndroidDriver
Command: [null, newSession {capabilities=[{appium:deviceType=phone, appium:locale=US, appium:language=en, appium:automationName=UiAutomator2, appium:fullReset=false, appium:platformVersion=13.0, appium:noReset=true, appium:autoGrantPermissions=true, appium:appActivity=com.saucelabs.mydemoapp.android.view.activities.SplashActivity, appium:deviceName=emulator-5554, platformName=ANDROID, appium:app=https://github.com/saucelabs/my-demo-app-android/releases/download/v2.2.0/mda-2.2.0-25.apk, appium:appPackage=com.saucelabs.mydemoapp.android}], desiredCapabilities=Capabilities {appium:app: https://github.com/saucelab..., appium:appActivity: com.saucelabs.mydemoapp.and..., appium:appPackage: com.saucelabs.mydemoapp.and..., appium:autoGrantPermissions: true, appium:automationName: UiAutomator2, appium:deviceName: emulator-5554, appium:deviceType: phone, appium:fullReset: false, appium:language: en, appium:locale: US, appium:noReset: true, appium:platformVersion: 13.0, platformName: ANDROID}}]
Capabilities {appium:app: https://github.com/saucelab..., appium:appActivity: com.saucelabs.mydemoapp.and..., appium:appPackage: com.saucelabs.mydemoapp.and..., appium:autoGrantPermissions: true, appium:automationName: UiAutomator2, appium:deviceName: emulator-5554, appium:deviceType: phone, appium:fullReset: false, appium:language: en, appium:locale: US, appium:noReset: true, appium:platformVersion: 13.0, platformName: ANDROID}

org.openqa.selenium.remote.ProtocolHandshake.createSession(ProtocolHandshake.java:140)
java.base/jdk.internal.reflect.DirectMethodHandleAccessor.invoke(DirectMethodHandleAccessor.java:103)
java.base/java.lang.reflect.Method.invoke(Method.java:580)
io.appium.java_client.remote.AppiumProtocolHandshake.createSession(AppiumProtocolHandshake.java:133)
io.appium.java_client.remote.AppiumProtocolHandshake.createSession(AppiumProtocolHandshake.java:102)
io.appium.java_client.remote.AppiumCommandExecutor.createSession(AppiumCommandExecutor.java:182)
io.appium.java_client.remote.AppiumCommandExecutor.execute(AppiumCommandExecutor.java:250)
com.zebrunner.carina.webdriver.listener.EventFiringAppiumCommandExecutor.execute(EventFiringAppiumCommandExecutor.java:109)
org.openqa.selenium.remote.RemoteWebDriver.execute(RemoteWebDriver.java:602)
io.appium.java_client.AppiumDriver.startSession(AppiumDriver.java:274)
org.openqa.selenium.remote.RemoteWebDriver.<init>(RemoteWebDriver.java:163)
io.appium.java_client.AppiumDriver.<init>(AppiumDriver.java:89)
io.appium.java_client.android.AndroidDriver.<init>(AndroidDriver.java:103)
com.zebrunner.carina.webdriver.core.factory.impl.MobileFactory.create(MobileFactory.java:111)
com.zebrunner.carina.webdriver.core.factory.DriverFactory.create(DriverFactory.java:89)
com.zebrunner.carina.webdriver.IDriverPool.createDriver(IDriverPool.java:404)
com.zebrunner.carina.webdriver.IDriverPool.getDriver(IDriverPool.java:152)
com.zebrunner.carina.webdriver.IDriverPool.getDriver(IDriverPool.java:116)
com.zebrunner.carina.webdriver.IDriverPool.getDriver(IDriverPool.java:104)
com.automation.stepdefinitions.HomePageSteps.iLaunchTheMobileApp(HomePageSteps.java:35)
✽.I launch the mobile app(file:///workspaces/TestMobileCarina/mobile-automation-ez-bank/src/test/resources/features/home_page.feature:8)
]]></system-out>
  </testcase>
  <testcase name="runScenario[&quot;Verify login page is displayed&quot;, &quot;User Login Testing&quot;](3)" classname="com.automation.runners.CucumberTestRunner" time="0.067">
    <failure message="Could not start a new session. Response code 404. Message: The requested resource could not be found, or a request was received using an HTTP method that is not supported by the mapped resource. &#10;Host info: host: &apos;codespaces-e2cff2&apos;, ip: &apos;127.0.0.1&apos;&#10;Build info: version: &apos;4.13.0&apos;, revision: &apos;ba948ece5b*&apos;&#10;System info: os.name: &apos;Linux&apos;, os.arch: &apos;amd64&apos;, os.version: &apos;6.8.0-1030-azure&apos;, java.version: &apos;21.0.9&apos;&#10;Driver info: io.appium.java_client.android.AndroidDriver&#10;Command: [null, newSession {capabilities=[{appium:deviceType=phone, appium:locale=US, appium:language=en, appium:automationName=UiAutomator2, appium:fullReset=false, appium:platformVersion=13.0, appium:noReset=true, appium:autoGrantPermissions=true, appium:appActivity=com.saucelabs.mydemoapp.android.view.activities.SplashActivity, appium:deviceName=emulator-5554, platformName=ANDROID, appium:app=https://github.com/saucelabs/my-demo-app-android/releases/download/v2.2.0/mda-2.2.0-25.apk, appium:appPackage=com.saucelabs.mydemoapp.android}], desiredCapabilities=Capabilities {appium:app: https://github.com/saucelab..., appium:appActivity: com.saucelabs.mydemoapp.and..., appium:appPackage: com.saucelabs.mydemoapp.and..., appium:autoGrantPermissions: true, appium:automationName: UiAutomator2, appium:deviceName: emulator-5554, appium:deviceType: phone, appium:fullReset: false, appium:language: en, appium:locale: US, appium:noReset: true, appium:platformVersion: 13.0, platformName: ANDROID}}]&#10;Capabilities {appium:app: https://github.com/saucelab..., appium:appActivity: com.saucelabs.mydemoapp.and..., appium:appPackage: com.saucelabs.mydemoapp.and..., appium:autoGrantPermissions: true, appium:automationName: UiAutomator2, appium:deviceName: emulator-5554, appium:deviceType: phone, appium:fullReset: false, appium:language: en, appium:locale: US, appium:noReset: true, appium:platformVersion: 13.0, platformName: ANDROID}" type="org.openqa.selenium.SessionNotCreatedException"><![CDATA[org.openqa.selenium.SessionNotCreatedException: 
Could not start a new session. Response code 404. Message: The requested resource could not be found, or a request was received using an HTTP method that is not supported by the mapped resource. 
Host info: host: 'codespaces-e2cff2', ip: '127.0.0.1'
Build info: version: '4.13.0', revision: 'ba948ece5b*'
System info: os.name: 'Linux', os.arch: 'amd64', os.version: '6.8.0-1030-azure', java.version: '21.0.9'
Driver info: io.appium.java_client.android.AndroidDriver
Command: [null, newSession {capabilities=[{appium:deviceType=phone, appium:locale=US, appium:language=en, appium:automationName=UiAutomator2, appium:fullReset=false, appium:platformVersion=13.0, appium:noReset=true, appium:autoGrantPermissions=true, appium:appActivity=com.saucelabs.mydemoapp.android.view.activities.SplashActivity, appium:deviceName=emulator-5554, platformName=ANDROID, appium:app=https://github.com/saucelabs/my-demo-app-android/releases/download/v2.2.0/mda-2.2.0-25.apk, appium:appPackage=com.saucelabs.mydemoapp.android}], desiredCapabilities=Capabilities {appium:app: https://github.com/saucelab..., appium:appActivity: com.saucelabs.mydemoapp.and..., appium:appPackage: com.saucelabs.mydemoapp.and..., appium:autoGrantPermissions: true, appium:automationName: UiAutomator2, appium:deviceName: emulator-5554, appium:deviceType: phone, appium:fullReset: false, appium:language: en, appium:locale: US, appium:noReset: true, appium:platformVersion: 13.0, platformName: ANDROID}}]
Capabilities {appium:app: https://github.com/saucelab..., appium:appActivity: com.saucelabs.mydemoapp.and..., appium:appPackage: com.saucelabs.mydemoapp.and..., appium:autoGrantPermissions: true, appium:automationName: UiAutomator2, appium:deviceName: emulator-5554, appium:deviceType: phone, appium:fullReset: false, appium:language: en, appium:locale: US, appium:noReset: true, appium:platformVersion: 13.0, platformName: ANDROID}
	at org.openqa.selenium.remote.ProtocolHandshake.createSession(ProtocolHandshake.java:140)
	at java.base/jdk.internal.reflect.DirectMethodHandleAccessor.invoke(DirectMethodHandleAccessor.java:103)
	at java.base/java.lang.reflect.Method.invoke(Method.java:580)
	at io.appium.java_client.remote.AppiumProtocolHandshake.createSession(AppiumProtocolHandshake.java:133)
	at io.appium.java_client.remote.AppiumProtocolHandshake.createSession(AppiumProtocolHandshake.java:102)
	at io.appium.java_client.remote.AppiumCommandExecutor.createSession(AppiumCommandExecutor.java:182)
	at io.appium.java_client.remote.AppiumCommandExecutor.execute(AppiumCommandExecutor.java:250)
	at com.zebrunner.carina.webdriver.listener.EventFiringAppiumCommandExecutor.execute(EventFiringAppiumCommandExecutor.java:109)
	at org.openqa.selenium.remote.RemoteWebDriver.execute(RemoteWebDriver.java:602)
	at io.appium.java_client.AppiumDriver.startSession(AppiumDriver.java:274)
	at org.openqa.selenium.remote.RemoteWebDriver.<init>(RemoteWebDriver.java:163)
	at io.appium.java_client.AppiumDriver.<init>(AppiumDriver.java:89)
	at io.appium.java_client.android.AndroidDriver.<init>(AndroidDriver.java:103)
	at com.zebrunner.carina.webdriver.core.factory.impl.MobileFactory.create(MobileFactory.java:111)
	at com.zebrunner.carina.webdriver.core.factory.DriverFactory.create(DriverFactory.java:89)
	at com.zebrunner.carina.webdriver.IDriverPool.createDriver(IDriverPool.java:404)
	at com.zebrunner.carina.webdriver.IDriverPool.getDriver(IDriverPool.java:152)
	at com.zebrunner.carina.webdriver.IDriverPool.getDriver(IDriverPool.java:116)
	at com.zebrunner.carina.webdriver.IDriverPool.getDriver(IDriverPool.java:104)
	at com.automation.stepdefinitions.LoginPageSteps.launchApplication(LoginPageSteps.java:33)
	at ✽.I launch the EZ Bank mobile application(file:///workspaces/TestMobileCarina/mobile-automation-ez-bank/src/test/resources/features/login.feature:8)
]]></failure>
    <system-out><![CDATA[2025-11-30 12:40:21 TestRunRegistrar [main-1] [WARN] Reporting disabled: using no op test run registrar
2025-11-30 12:40:21 Messager [main-1] [INFO] TEST [Surefire test - runScenario [L03]] STARTED at [12:40:21 2025-11-30]

@mobile @login
Scenario: Verify login page is displayed                   # src/test/resources/features/login.feature:10

============================================================
Starting Scenario: Verify login page is displayed
============================================================
2025-11-30 12:40:21 LoginPageSteps [main-1] [INFO] === Launching EZ Bank mobile application ===
2025-11-30 12:40:21 DriverFactory [main-1] [INFO] Starting driver session...
  Given I launch the EZ Bank mobile application            # com.automation.stepdefinitions.LoginPageSteps.launchApplication()
      org.openqa.selenium.SessionNotCreatedException: Could not start a new session. Response code 404. Message: The requested resource could not be found, or a request was received using an HTTP method that is not supported by the mapped resource. 
Host info: host: 'codespaces-e2cff2', ip: '127.0.0.1'
Build info: version: '4.13.0', revision: 'ba948ece5b*'
System info: os.name: 'Linux', os.arch: 'amd64', os.version: '6.8.0-1030-azure', java.version: '21.0.9'
Driver info: io.appium.java_client.android.AndroidDriver
Command: [null, newSession {capabilities=[{appium:deviceType=phone, appium:locale=US, appium:language=en, appium:automationName=UiAutomator2, appium:fullReset=false, appium:platformVersion=13.0, appium:noReset=true, appium:autoGrantPermissions=true, appium:appActivity=com.saucelabs.mydemoapp.android.view.activities.SplashActivity, appium:deviceName=emulator-5554, platformName=ANDROID, appium:app=https://github.com/saucelabs/my-demo-app-android/releases/download/v2.2.0/mda-2.2.0-25.apk, appium:appPackage=com.saucelabs.mydemoapp.android}], desiredCapabilities=Capabilities {appium:app: https://github.com/saucelab..., appium:appActivity: com.saucelabs.mydemoapp.and..., appium:appPackage: com.saucelabs.mydemoapp.and..., appium:autoGrantPermissions: true, appium:automationName: UiAutomator2, appium:deviceName: emulator-5554, appium:deviceType: phone, appium:fullReset: false, appium:language: en, appium:locale: US, appium:noReset: true, appium:platformVersion: 13.0, platformName: ANDROID}}]
Capabilities {appium:app: https://github.com/saucelab..., appium:appActivity: com.saucelabs.mydemoapp.and..., appium:appPackage: com.saucelabs.mydemoapp.and..., appium:autoGrantPermissions: true, appium:automationName: UiAutomator2, appium:deviceName: emulator-5554, appium:deviceType: phone, appium:fullReset: false, appium:language: en, appium:locale: US, appium:noReset: true, appium:platformVersion: 13.0, platformName: ANDROID}
	at org.openqa.selenium.remote.ProtocolHandshake.createSession(ProtocolHandshake.java:140)
	at java.base/jdk.internal.reflect.DirectMethodHandleAccessor.invoke(DirectMethodHandleAccessor.java:103)
	at java.base/java.lang.reflect.Method.invoke(Method.java:580)
	at io.appium.java_client.remote.AppiumProtocolHandshake.createSession(AppiumProtocolHandshake.java:133)
	at io.appium.java_client.remote.AppiumProtocolHandshake.createSession(AppiumProtocolHandshake.java:102)
	at io.appium.java_client.remote.AppiumCommandExecutor.createSession(AppiumCommandExecutor.java:182)
	at io.appium.java_client.remote.AppiumCommandExecutor.execute(AppiumCommandExecutor.java:250)
	at com.zebrunner.carina.webdriver.listener.EventFiringAppiumCommandExecutor.execute(EventFiringAppiumCommandExecutor.java:109)
	at org.openqa.selenium.remote.RemoteWebDriver.execute(RemoteWebDriver.java:602)
	at io.appium.java_client.AppiumDriver.startSession(AppiumDriver.java:274)
	at org.openqa.selenium.remote.RemoteWebDriver.<init>(RemoteWebDriver.java:163)
	at io.appium.java_client.AppiumDriver.<init>(AppiumDriver.java:89)
	at io.appium.java_client.android.AndroidDriver.<init>(AndroidDriver.java:103)
	at com.zebrunner.carina.webdriver.core.factory.impl.MobileFactory.create(MobileFactory.java:111)
	at com.zebrunner.carina.webdriver.core.factory.DriverFactory.create(DriverFactory.java:89)
	at com.zebrunner.carina.webdriver.IDriverPool.createDriver(IDriverPool.java:404)
	at com.zebrunner.carina.webdriver.IDriverPool.getDriver(IDriverPool.java:152)
	at com.zebrunner.carina.webdriver.IDriverPool.getDriver(IDriverPool.java:116)
	at com.zebrunner.carina.webdriver.IDriverPool.getDriver(IDriverPool.java:104)
	at com.automation.stepdefinitions.LoginPageSteps.launchApplication(LoginPageSteps.java:33)
	at ✽.I launch the EZ Bank mobile application(file:///workspaces/TestMobileCarina/mobile-automation-ez-bank/src/test/resources/features/login.feature:8)

  Given I am on the login page                             # com.automation.stepdefinitions.LoginPageSteps.navigateToLoginPage()
  Then the login page should contain the expected elements # com.automation.stepdefinitions.LoginPageSteps.verifyLoginPageElements()

============================================================
Scenario Failed: Verify login page is displayed
============================================================

2025-11-30 12:40:21 Messager [main-1] [ERROR] TEST [Surefire test - runScenario [L03]] FAILED at [12:40:21 2025-11-30] - Could not start a new session. Response code 404. Message: The requested resource could not be found, or a request was received using an HTTP method that is not supported by the mapped resource. 
Host info: host: 'codespaces-e2cff2', ip: '127.0.0.1'
Build info: version: '4.13.0', revision: 'ba948ece5b*'
System info: os.name: 'Linux', os.arch: 'amd64', os.version: '6.8.0-1030-azure', java.version: '21.0.9'
Driver info: io.appium.java_client.android.AndroidDriver
Command: [null, newSession {capabilities=[{appium:deviceType=phone, appium:locale=US, appium:language=en, appium:automationName=UiAutomator2, appium:fullReset=false, appium:platformVersion=13.0, appium:noReset=true, appium:autoGrantPermissions=true, appium:appActivity=com.saucelabs.mydemoapp.android.view.activities.SplashActivity, appium:deviceName=emulator-5554, platformName=ANDROID, appium:app=https://github.com/saucelabs/my-demo-app-android/releases/download/v2.2.0/mda-2.2.0-25.apk, appium:appPackage=com.saucelabs.mydemoapp.android}], desiredCapabilities=Capabilities {appium:app: https://github.com/saucelab..., appium:appActivity: com.saucelabs.mydemoapp.and..., appium:appPackage: com.saucelabs.mydemoapp.and..., appium:autoGrantPermissions: true, appium:automationName: UiAutomator2, appium:deviceName: emulator-5554, appium:deviceType: phone, appium:fullReset: false, appium:language: en, appium:locale: US, appium:noReset: true, appium:platformVersion: 13.0, platformName: ANDROID}}]
Capabilities {appium:app: https://github.com/saucelab..., appium:appActivity: com.saucelabs.mydemoapp.and..., appium:appPackage: com.saucelabs.mydemoapp.and..., appium:autoGrantPermissions: true, appium:automationName: UiAutomator2, appium:deviceName: emulator-5554, appium:deviceType: phone, appium:fullReset: false, appium:language: en, appium:locale: US, appium:noReset: true, appium:platformVersion: 13.0, platformName: ANDROID}

org.openqa.selenium.remote.ProtocolHandshake.createSession(ProtocolHandshake.java:140)
java.base/jdk.internal.reflect.DirectMethodHandleAccessor.invoke(DirectMethodHandleAccessor.java:103)
java.base/java.lang.reflect.Method.invoke(Method.java:580)
io.appium.java_client.remote.AppiumProtocolHandshake.createSession(AppiumProtocolHandshake.java:133)
io.appium.java_client.remote.AppiumProtocolHandshake.createSession(AppiumProtocolHandshake.java:102)
io.appium.java_client.remote.AppiumCommandExecutor.createSession(AppiumCommandExecutor.java:182)
io.appium.java_client.remote.AppiumCommandExecutor.execute(AppiumCommandExecutor.java:250)
com.zebrunner.carina.webdriver.listener.EventFiringAppiumCommandExecutor.execute(EventFiringAppiumCommandExecutor.java:109)
org.openqa.selenium.remote.RemoteWebDriver.execute(RemoteWebDriver.java:602)
io.appium.java_client.AppiumDriver.startSession(AppiumDriver.java:274)
org.openqa.selenium.remote.RemoteWebDriver.<init>(RemoteWebDriver.java:163)
io.appium.java_client.AppiumDriver.<init>(AppiumDriver.java:89)
io.appium.java_client.android.AndroidDriver.<init>(AndroidDriver.java:103)
com.zebrunner.carina.webdriver.core.factory.impl.MobileFactory.create(MobileFactory.java:111)
com.zebrunner.carina.webdriver.core.factory.DriverFactory.create(DriverFactory.java:89)
com.zebrunner.carina.webdriver.IDriverPool.createDriver(IDriverPool.java:404)
com.zebrunner.carina.webdriver.IDriverPool.getDriver(IDriverPool.java:152)
com.zebrunner.carina.webdriver.IDriverPool.getDriver(IDriverPool.java:116)
com.zebrunner.carina.webdriver.IDriverPool.getDriver(IDriverPool.java:104)
com.automation.stepdefinitions.LoginPageSteps.launchApplication(LoginPageSteps.java:33)
✽.I launch the EZ Bank mobile application(file:///workspaces/TestMobileCarina/mobile-automation-ez-bank/src/test/resources/features/login.feature:8)
]]></system-out>
  </testcase>
  <testcase name="runScenario[&quot;Successful user login&quot;, &quot;User Login Testing&quot;](4)" classname="com.automation.runners.CucumberTestRunner" time="0.087">
    <failure message="Could not start a new session. Response code 404. Message: The requested resource could not be found, or a request was received using an HTTP method that is not supported by the mapped resource. &#10;Host info: host: &apos;codespaces-e2cff2&apos;, ip: &apos;127.0.0.1&apos;&#10;Build info: version: &apos;4.13.0&apos;, revision: &apos;ba948ece5b*&apos;&#10;System info: os.name: &apos;Linux&apos;, os.arch: &apos;amd64&apos;, os.version: &apos;6.8.0-1030-azure&apos;, java.version: &apos;21.0.9&apos;&#10;Driver info: io.appium.java_client.android.AndroidDriver&#10;Command: [null, newSession {capabilities=[{appium:deviceType=phone, appium:locale=US, appium:language=en, appium:automationName=UiAutomator2, appium:fullReset=false, appium:platformVersion=13.0, appium:noReset=true, appium:autoGrantPermissions=true, appium:appActivity=com.saucelabs.mydemoapp.android.view.activities.SplashActivity, appium:deviceName=emulator-5554, platformName=ANDROID, appium:app=https://github.com/saucelabs/my-demo-app-android/releases/download/v2.2.0/mda-2.2.0-25.apk, appium:appPackage=com.saucelabs.mydemoapp.android}], desiredCapabilities=Capabilities {appium:app: https://github.com/saucelab..., appium:appActivity: com.saucelabs.mydemoapp.and..., appium:appPackage: com.saucelabs.mydemoapp.and..., appium:autoGrantPermissions: true, appium:automationName: UiAutomator2, appium:deviceName: emulator-5554, appium:deviceType: phone, appium:fullReset: false, appium:language: en, appium:locale: US, appium:noReset: true, appium:platformVersion: 13.0, platformName: ANDROID}}]&#10;Capabilities {appium:app: https://github.com/saucelab..., appium:appActivity: com.saucelabs.mydemoapp.and..., appium:appPackage: com.saucelabs.mydemoapp.and..., appium:autoGrantPermissions: true, appium:automationName: UiAutomator2, appium:deviceName: emulator-5554, appium:deviceType: phone, appium:fullReset: false, appium:language: en, appium:locale: US, appium:noReset: true, appium:platformVersion: 13.0, platformName: ANDROID}" type="org.openqa.selenium.SessionNotCreatedException"><![CDATA[org.openqa.selenium.SessionNotCreatedException: 
Could not start a new session. Response code 404. Message: The requested resource could not be found, or a request was received using an HTTP method that is not supported by the mapped resource. 
Host info: host: 'codespaces-e2cff2', ip: '127.0.0.1'
Build info: version: '4.13.0', revision: 'ba948ece5b*'
System info: os.name: 'Linux', os.arch: 'amd64', os.version: '6.8.0-1030-azure', java.version: '21.0.9'
Driver info: io.appium.java_client.android.AndroidDriver
Command: [null, newSession {capabilities=[{appium:deviceType=phone, appium:locale=US, appium:language=en, appium:automationName=UiAutomator2, appium:fullReset=false, appium:platformVersion=13.0, appium:noReset=true, appium:autoGrantPermissions=true, appium:appActivity=com.saucelabs.mydemoapp.android.view.activities.SplashActivity, appium:deviceName=emulator-5554, platformName=ANDROID, appium:app=https://github.com/saucelabs/my-demo-app-android/releases/download/v2.2.0/mda-2.2.0-25.apk, appium:appPackage=com.saucelabs.mydemoapp.android}], desiredCapabilities=Capabilities {appium:app: https://github.com/saucelab..., appium:appActivity: com.saucelabs.mydemoapp.and..., appium:appPackage: com.saucelabs.mydemoapp.and..., appium:autoGrantPermissions: true, appium:automationName: UiAutomator2, appium:deviceName: emulator-5554, appium:deviceType: phone, appium:fullReset: false, appium:language: en, appium:locale: US, appium:noReset: true, appium:platformVersion: 13.0, platformName: ANDROID}}]
Capabilities {appium:app: https://github.com/saucelab..., appium:appActivity: com.saucelabs.mydemoapp.and..., appium:appPackage: com.saucelabs.mydemoapp.and..., appium:autoGrantPermissions: true, appium:automationName: UiAutomator2, appium:deviceName: emulator-5554, appium:deviceType: phone, appium:fullReset: false, appium:language: en, appium:locale: US, appium:noReset: true, appium:platformVersion: 13.0, platformName: ANDROID}
	at org.openqa.selenium.remote.ProtocolHandshake.createSession(ProtocolHandshake.java:140)
	at java.base/jdk.internal.reflect.DirectMethodHandleAccessor.invoke(DirectMethodHandleAccessor.java:103)
	at java.base/java.lang.reflect.Method.invoke(Method.java:580)
	at io.appium.java_client.remote.AppiumProtocolHandshake.createSession(AppiumProtocolHandshake.java:133)
	at io.appium.java_client.remote.AppiumProtocolHandshake.createSession(AppiumProtocolHandshake.java:102)
	at io.appium.java_client.remote.AppiumCommandExecutor.createSession(AppiumCommandExecutor.java:182)
	at io.appium.java_client.remote.AppiumCommandExecutor.execute(AppiumCommandExecutor.java:250)
	at com.zebrunner.carina.webdriver.listener.EventFiringAppiumCommandExecutor.execute(EventFiringAppiumCommandExecutor.java:109)
	at org.openqa.selenium.remote.RemoteWebDriver.execute(RemoteWebDriver.java:602)
	at io.appium.java_client.AppiumDriver.startSession(AppiumDriver.java:274)
	at org.openqa.selenium.remote.RemoteWebDriver.<init>(RemoteWebDriver.java:163)
	at io.appium.java_client.AppiumDriver.<init>(AppiumDriver.java:89)
	at io.appium.java_client.android.AndroidDriver.<init>(AndroidDriver.java:103)
	at com.zebrunner.carina.webdriver.core.factory.impl.MobileFactory.create(MobileFactory.java:111)
	at com.zebrunner.carina.webdriver.core.factory.DriverFactory.create(DriverFactory.java:89)
	at com.zebrunner.carina.webdriver.IDriverPool.createDriver(IDriverPool.java:404)
	at com.zebrunner.carina.webdriver.IDriverPool.getDriver(IDriverPool.java:152)
	at com.zebrunner.carina.webdriver.IDriverPool.getDriver(IDriverPool.java:116)
	at com.zebrunner.carina.webdriver.IDriverPool.getDriver(IDriverPool.java:104)
	at com.automation.stepdefinitions.LoginPageSteps.launchApplication(LoginPageSteps.java:33)
	at ✽.I launch the EZ Bank mobile application(file:///workspaces/TestMobileCarina/mobile-automation-ez-bank/src/test/resources/features/login.feature:8)
]]></failure>
    <system-out><![CDATA[2025-11-30 12:40:21 TestRunRegistrar [main-1] [WARN] Reporting disabled: using no op test run registrar
2025-11-30 12:40:21 Messager [main-1] [INFO] TEST [Surefire test - runScenario [L04]] STARTED at [12:40:21 2025-11-30]

@mobile @login
Scenario: Successful user login                                     # src/test/resources/features/login.feature:14

============================================================
Starting Scenario: Successful user login
============================================================
2025-11-30 12:40:21 LoginPageSteps [main-1] [INFO] === Launching EZ Bank mobile application ===
2025-11-30 12:40:21 DriverFactory [main-1] [INFO] Starting driver session...
  Given I launch the EZ Bank mobile application                     # com.automation.stepdefinitions.LoginPageSteps.launchApplication()
      org.openqa.selenium.SessionNotCreatedException: Could not start a new session. Response code 404. Message: The requested resource could not be found, or a request was received using an HTTP method that is not supported by the mapped resource. 
Host info: host: 'codespaces-e2cff2', ip: '127.0.0.1'
Build info: version: '4.13.0', revision: 'ba948ece5b*'
System info: os.name: 'Linux', os.arch: 'amd64', os.version: '6.8.0-1030-azure', java.version: '21.0.9'
Driver info: io.appium.java_client.android.AndroidDriver
Command: [null, newSession {capabilities=[{appium:deviceType=phone, appium:locale=US, appium:language=en, appium:automationName=UiAutomator2, appium:fullReset=false, appium:platformVersion=13.0, appium:noReset=true, appium:autoGrantPermissions=true, appium:appActivity=com.saucelabs.mydemoapp.android.view.activities.SplashActivity, appium:deviceName=emulator-5554, platformName=ANDROID, appium:app=https://github.com/saucelabs/my-demo-app-android/releases/download/v2.2.0/mda-2.2.0-25.apk, appium:appPackage=com.saucelabs.mydemoapp.android}], desiredCapabilities=Capabilities {appium:app: https://github.com/saucelab..., appium:appActivity: com.saucelabs.mydemoapp.and..., appium:appPackage: com.saucelabs.mydemoapp.and..., appium:autoGrantPermissions: true, appium:automationName: UiAutomator2, appium:deviceName: emulator-5554, appium:deviceType: phone, appium:fullReset: false, appium:language: en, appium:locale: US, appium:noReset: true, appium:platformVersion: 13.0, platformName: ANDROID}}]
Capabilities {appium:app: https://github.com/saucelab..., appium:appActivity: com.saucelabs.mydemoapp.and..., appium:appPackage: com.saucelabs.mydemoapp.and..., appium:autoGrantPermissions: true, appium:automationName: UiAutomator2, appium:deviceName: emulator-5554, appium:deviceType: phone, appium:fullReset: false, appium:language: en, appium:locale: US, appium:noReset: true, appium:platformVersion: 13.0, platformName: ANDROID}
	at org.openqa.selenium.remote.ProtocolHandshake.createSession(ProtocolHandshake.java:140)
	at java.base/jdk.internal.reflect.DirectMethodHandleAccessor.invoke(DirectMethodHandleAccessor.java:103)
	at java.base/java.lang.reflect.Method.invoke(Method.java:580)
	at io.appium.java_client.remote.AppiumProtocolHandshake.createSession(AppiumProtocolHandshake.java:133)
	at io.appium.java_client.remote.AppiumProtocolHandshake.createSession(AppiumProtocolHandshake.java:102)
	at io.appium.java_client.remote.AppiumCommandExecutor.createSession(AppiumCommandExecutor.java:182)
	at io.appium.java_client.remote.AppiumCommandExecutor.execute(AppiumCommandExecutor.java:250)
	at com.zebrunner.carina.webdriver.listener.EventFiringAppiumCommandExecutor.execute(EventFiringAppiumCommandExecutor.java:109)
	at org.openqa.selenium.remote.RemoteWebDriver.execute(RemoteWebDriver.java:602)
	at io.appium.java_client.AppiumDriver.startSession(AppiumDriver.java:274)
	at org.openqa.selenium.remote.RemoteWebDriver.<init>(RemoteWebDriver.java:163)
	at io.appium.java_client.AppiumDriver.<init>(AppiumDriver.java:89)
	at io.appium.java_client.android.AndroidDriver.<init>(AndroidDriver.java:103)
	at com.zebrunner.carina.webdriver.core.factory.impl.MobileFactory.create(MobileFactory.java:111)
	at com.zebrunner.carina.webdriver.core.factory.DriverFactory.create(DriverFactory.java:89)
	at com.zebrunner.carina.webdriver.IDriverPool.createDriver(IDriverPool.java:404)
	at com.zebrunner.carina.webdriver.IDriverPool.getDriver(IDriverPool.java:152)
	at com.zebrunner.carina.webdriver.IDriverPool.getDriver(IDriverPool.java:116)
	at com.zebrunner.carina.webdriver.IDriverPool.getDriver(IDriverPool.java:104)
	at com.automation.stepdefinitions.LoginPageSteps.launchApplication(LoginPageSteps.java:33)
	at ✽.I launch the EZ Bank mobile application(file:///workspaces/TestMobileCarina/mobile-automation-ez-bank/src/test/resources/features/login.feature:8)

  Given I am on the login page                                      # com.automation.stepdefinitions.LoginPageSteps.navigateToLoginPage()
  When I login with username "test_user" and password "password123" # com.automation.stepdefinitions.LoginPageSteps.loginWithCredentials(java.lang.String,java.lang.String)
  Then I should be logged in successfully                           # com.automation.stepdefinitions.LoginPageSteps.verifySuccessfulLogin()
  And the home page should display all elements                     # com.automation.stepdefinitions.LoginPageSteps.verifyAllHomePageElements()

============================================================
Scenario Failed: Successful user login
============================================================

2025-11-30 12:40:21 Messager [main-1] [ERROR] TEST [Surefire test - runScenario [L04]] FAILED at [12:40:21 2025-11-30] - Could not start a new session. Response code 404. Message: The requested resource could not be found, or a request was received using an HTTP method that is not supported by the mapped resource. 
Host info: host: 'codespaces-e2cff2', ip: '127.0.0.1'
Build info: version: '4.13.0', revision: 'ba948ece5b*'
System info: os.name: 'Linux', os.arch: 'amd64', os.version: '6.8.0-1030-azure', java.version: '21.0.9'
Driver info: io.appium.java_client.android.AndroidDriver
Command: [null, newSession {capabilities=[{appium:deviceType=phone, appium:locale=US, appium:language=en, appium:automationName=UiAutomator2, appium:fullReset=false, appium:platformVersion=13.0, appium:noReset=true, appium:autoGrantPermissions=true, appium:appActivity=com.saucelabs.mydemoapp.android.view.activities.SplashActivity, appium:deviceName=emulator-5554, platformName=ANDROID, appium:app=https://github.com/saucelabs/my-demo-app-android/releases/download/v2.2.0/mda-2.2.0-25.apk, appium:appPackage=com.saucelabs.mydemoapp.android}], desiredCapabilities=Capabilities {appium:app: https://github.com/saucelab..., appium:appActivity: com.saucelabs.mydemoapp.and..., appium:appPackage: com.saucelabs.mydemoapp.and..., appium:autoGrantPermissions: true, appium:automationName: UiAutomator2, appium:deviceName: emulator-5554, appium:deviceType: phone, appium:fullReset: false, appium:language: en, appium:locale: US, appium:noReset: true, appium:platformVersion: 13.0, platformName: ANDROID}}]
Capabilities {appium:app: https://github.com/saucelab..., appium:appActivity: com.saucelabs.mydemoapp.and..., appium:appPackage: com.saucelabs.mydemoapp.and..., appium:autoGrantPermissions: true, appium:automationName: UiAutomator2, appium:deviceName: emulator-5554, appium:deviceType: phone, appium:fullReset: false, appium:language: en, appium:locale: US, appium:noReset: true, appium:platformVersion: 13.0, platformName: ANDROID}

org.openqa.selenium.remote.ProtocolHandshake.createSession(ProtocolHandshake.java:140)
java.base/jdk.internal.reflect.DirectMethodHandleAccessor.invoke(DirectMethodHandleAccessor.java:103)
java.base/java.lang.reflect.Method.invoke(Method.java:580)
io.appium.java_client.remote.AppiumProtocolHandshake.createSession(AppiumProtocolHandshake.java:133)
io.appium.java_client.remote.AppiumProtocolHandshake.createSession(AppiumProtocolHandshake.java:102)
io.appium.java_client.remote.AppiumCommandExecutor.createSession(AppiumCommandExecutor.java:182)
io.appium.java_client.remote.AppiumCommandExecutor.execute(AppiumCommandExecutor.java:250)
com.zebrunner.carina.webdriver.listener.EventFiringAppiumCommandExecutor.execute(EventFiringAppiumCommandExecutor.java:109)
org.openqa.selenium.remote.RemoteWebDriver.execute(RemoteWebDriver.java:602)
io.appium.java_client.AppiumDriver.startSession(AppiumDriver.java:274)
org.openqa.selenium.remote.RemoteWebDriver.<init>(RemoteWebDriver.java:163)
io.appium.java_client.AppiumDriver.<init>(AppiumDriver.java:89)
io.appium.java_client.android.AndroidDriver.<init>(AndroidDriver.java:103)
com.zebrunner.carina.webdriver.core.factory.impl.MobileFactory.create(MobileFactory.java:111)
com.zebrunner.carina.webdriver.core.factory.DriverFactory.create(DriverFactory.java:89)
com.zebrunner.carina.webdriver.IDriverPool.createDriver(IDriverPool.java:404)
com.zebrunner.carina.webdriver.IDriverPool.getDriver(IDriverPool.java:152)
com.zebrunner.carina.webdriver.IDriverPool.getDriver(IDriverPool.java:116)
com.zebrunner.carina.webdriver.IDriverPool.getDriver(IDriverPool.java:104)
com.automation.stepdefinitions.LoginPageSteps.launchApplication(LoginPageSteps.java:33)
✽.I launch the EZ Bank mobile application(file:///workspaces/TestMobileCarina/mobile-automation-ez-bank/src/test/resources/features/login.feature:8)
]]></system-out>
  </testcase>
  <testcase name="runScenario[&quot;Login and verify home page elements&quot;, &quot;User Login Testing&quot;](5)" classname="com.automation.runners.CucumberTestRunner" time="0.071">
    <failure message="Could not start a new session. Response code 404. Message: The requested resource could not be found, or a request was received using an HTTP method that is not supported by the mapped resource. &#10;Host info: host: &apos;codespaces-e2cff2&apos;, ip: &apos;127.0.0.1&apos;&#10;Build info: version: &apos;4.13.0&apos;, revision: &apos;ba948ece5b*&apos;&#10;System info: os.name: &apos;Linux&apos;, os.arch: &apos;amd64&apos;, os.version: &apos;6.8.0-1030-azure&apos;, java.version: &apos;21.0.9&apos;&#10;Driver info: io.appium.java_client.android.AndroidDriver&#10;Command: [null, newSession {capabilities=[{appium:deviceType=phone, appium:locale=US, appium:language=en, appium:automationName=UiAutomator2, appium:fullReset=false, appium:platformVersion=13.0, appium:noReset=true, appium:autoGrantPermissions=true, appium:appActivity=com.saucelabs.mydemoapp.android.view.activities.SplashActivity, appium:deviceName=emulator-5554, platformName=ANDROID, appium:app=https://github.com/saucelabs/my-demo-app-android/releases/download/v2.2.0/mda-2.2.0-25.apk, appium:appPackage=com.saucelabs.mydemoapp.android}], desiredCapabilities=Capabilities {appium:app: https://github.com/saucelab..., appium:appActivity: com.saucelabs.mydemoapp.and..., appium:appPackage: com.saucelabs.mydemoapp.and..., appium:autoGrantPermissions: true, appium:automationName: UiAutomator2, appium:deviceName: emulator-5554, appium:deviceType: phone, appium:fullReset: false, appium:language: en, appium:locale: US, appium:noReset: true, appium:platformVersion: 13.0, platformName: ANDROID}}]&#10;Capabilities {appium:app: https://github.com/saucelab..., appium:appActivity: com.saucelabs.mydemoapp.and..., appium:appPackage: com.saucelabs.mydemoapp.and..., appium:autoGrantPermissions: true, appium:automationName: UiAutomator2, appium:deviceName: emulator-5554, appium:deviceType: phone, appium:fullReset: false, appium:language: en, appium:locale: US, appium:noReset: true, appium:platformVersion: 13.0, platformName: ANDROID}" type="org.openqa.selenium.SessionNotCreatedException"><![CDATA[org.openqa.selenium.SessionNotCreatedException: 
Could not start a new session. Response code 404. Message: The requested resource could not be found, or a request was received using an HTTP method that is not supported by the mapped resource. 
Host info: host: 'codespaces-e2cff2', ip: '127.0.0.1'
Build info: version: '4.13.0', revision: 'ba948ece5b*'
System info: os.name: 'Linux', os.arch: 'amd64', os.version: '6.8.0-1030-azure', java.version: '21.0.9'
Driver info: io.appium.java_client.android.AndroidDriver
Command: [null, newSession {capabilities=[{appium:deviceType=phone, appium:locale=US, appium:language=en, appium:automationName=UiAutomator2, appium:fullReset=false, appium:platformVersion=13.0, appium:noReset=true, appium:autoGrantPermissions=true, appium:appActivity=com.saucelabs.mydemoapp.android.view.activities.SplashActivity, appium:deviceName=emulator-5554, platformName=ANDROID, appium:app=https://github.com/saucelabs/my-demo-app-android/releases/download/v2.2.0/mda-2.2.0-25.apk, appium:appPackage=com.saucelabs.mydemoapp.android}], desiredCapabilities=Capabilities {appium:app: https://github.com/saucelab..., appium:appActivity: com.saucelabs.mydemoapp.and..., appium:appPackage: com.saucelabs.mydemoapp.and..., appium:autoGrantPermissions: true, appium:automationName: UiAutomator2, appium:deviceName: emulator-5554, appium:deviceType: phone, appium:fullReset: false, appium:language: en, appium:locale: US, appium:noReset: true, appium:platformVersion: 13.0, platformName: ANDROID}}]
Capabilities {appium:app: https://github.com/saucelab..., appium:appActivity: com.saucelabs.mydemoapp.and..., appium:appPackage: com.saucelabs.mydemoapp.and..., appium:autoGrantPermissions: true, appium:automationName: UiAutomator2, appium:deviceName: emulator-5554, appium:deviceType: phone, appium:fullReset: false, appium:language: en, appium:locale: US, appium:noReset: true, appium:platformVersion: 13.0, platformName: ANDROID}
	at org.openqa.selenium.remote.ProtocolHandshake.createSession(ProtocolHandshake.java:140)
	at java.base/jdk.internal.reflect.DirectMethodHandleAccessor.invoke(DirectMethodHandleAccessor.java:103)
	at java.base/java.lang.reflect.Method.invoke(Method.java:580)
	at io.appium.java_client.remote.AppiumProtocolHandshake.createSession(AppiumProtocolHandshake.java:133)
	at io.appium.java_client.remote.AppiumProtocolHandshake.createSession(AppiumProtocolHandshake.java:102)
	at io.appium.java_client.remote.AppiumCommandExecutor.createSession(AppiumCommandExecutor.java:182)
	at io.appium.java_client.remote.AppiumCommandExecutor.execute(AppiumCommandExecutor.java:250)
	at com.zebrunner.carina.webdriver.listener.EventFiringAppiumCommandExecutor.execute(EventFiringAppiumCommandExecutor.java:109)
	at org.openqa.selenium.remote.RemoteWebDriver.execute(RemoteWebDriver.java:602)
	at io.appium.java_client.AppiumDriver.startSession(AppiumDriver.java:274)
	at org.openqa.selenium.remote.RemoteWebDriver.<init>(RemoteWebDriver.java:163)
	at io.appium.java_client.AppiumDriver.<init>(AppiumDriver.java:89)
	at io.appium.java_client.android.AndroidDriver.<init>(AndroidDriver.java:103)
	at com.zebrunner.carina.webdriver.core.factory.impl.MobileFactory.create(MobileFactory.java:111)
	at com.zebrunner.carina.webdriver.core.factory.DriverFactory.create(DriverFactory.java:89)
	at com.zebrunner.carina.webdriver.IDriverPool.createDriver(IDriverPool.java:404)
	at com.zebrunner.carina.webdriver.IDriverPool.getDriver(IDriverPool.java:152)
	at com.zebrunner.carina.webdriver.IDriverPool.getDriver(IDriverPool.java:116)
	at com.zebrunner.carina.webdriver.IDriverPool.getDriver(IDriverPool.java:104)
	at com.automation.stepdefinitions.LoginPageSteps.launchApplication(LoginPageSteps.java:33)
	at ✽.I launch the EZ Bank mobile application(file:///workspaces/TestMobileCarina/mobile-automation-ez-bank/src/test/resources/features/login.feature:8)
]]></failure>
    <system-out><![CDATA[2025-11-30 12:40:21 TestRunRegistrar [main-1] [WARN] Reporting disabled: using no op test run registrar
2025-11-30 12:40:21 Messager [main-1] [INFO] TEST [Surefire test - runScenario [L05]] STARTED at [12:40:21 2025-11-30]

@mobile @login
Scenario: Login and verify home page elements   # src/test/resources/features/login.feature:20

============================================================
Starting Scenario: Login and verify home page elements
============================================================
2025-11-30 12:40:21 LoginPageSteps [main-1] [INFO] === Launching EZ Bank mobile application ===
2025-11-30 12:40:21 DriverFactory [main-1] [INFO] Starting driver session...
  Given I launch the EZ Bank mobile application # com.automation.stepdefinitions.LoginPageSteps.launchApplication()
      org.openqa.selenium.SessionNotCreatedException: Could not start a new session. Response code 404. Message: The requested resource could not be found, or a request was received using an HTTP method that is not supported by the mapped resource. 
Host info: host: 'codespaces-e2cff2', ip: '127.0.0.1'
Build info: version: '4.13.0', revision: 'ba948ece5b*'
System info: os.name: 'Linux', os.arch: 'amd64', os.version: '6.8.0-1030-azure', java.version: '21.0.9'
Driver info: io.appium.java_client.android.AndroidDriver
Command: [null, newSession {capabilities=[{appium:deviceType=phone, appium:locale=US, appium:language=en, appium:automationName=UiAutomator2, appium:fullReset=false, appium:platformVersion=13.0, appium:noReset=true, appium:autoGrantPermissions=true, appium:appActivity=com.saucelabs.mydemoapp.android.view.activities.SplashActivity, appium:deviceName=emulator-5554, platformName=ANDROID, appium:app=https://github.com/saucelabs/my-demo-app-android/releases/download/v2.2.0/mda-2.2.0-25.apk, appium:appPackage=com.saucelabs.mydemoapp.android}], desiredCapabilities=Capabilities {appium:app: https://github.com/saucelab..., appium:appActivity: com.saucelabs.mydemoapp.and..., appium:appPackage: com.saucelabs.mydemoapp.and..., appium:autoGrantPermissions: true, appium:automationName: UiAutomator2, appium:deviceName: emulator-5554, appium:deviceType: phone, appium:fullReset: false, appium:language: en, appium:locale: US, appium:noReset: true, appium:platformVersion: 13.0, platformName: ANDROID}}]
Capabilities {appium:app: https://github.com/saucelab..., appium:appActivity: com.saucelabs.mydemoapp.and..., appium:appPackage: com.saucelabs.mydemoapp.and..., appium:autoGrantPermissions: true, appium:automationName: UiAutomator2, appium:deviceName: emulator-5554, appium:deviceType: phone, appium:fullReset: false, appium:language: en, appium:locale: US, appium:noReset: true, appium:platformVersion: 13.0, platformName: ANDROID}
	at org.openqa.selenium.remote.ProtocolHandshake.createSession(ProtocolHandshake.java:140)
	at java.base/jdk.internal.reflect.DirectMethodHandleAccessor.invoke(DirectMethodHandleAccessor.java:103)
	at java.base/java.lang.reflect.Method.invoke(Method.java:580)
	at io.appium.java_client.remote.AppiumProtocolHandshake.createSession(AppiumProtocolHandshake.java:133)
	at io.appium.java_client.remote.AppiumProtocolHandshake.createSession(AppiumProtocolHandshake.java:102)
	at io.appium.java_client.remote.AppiumCommandExecutor.createSession(AppiumCommandExecutor.java:182)
	at io.appium.java_client.remote.AppiumCommandExecutor.execute(AppiumCommandExecutor.java:250)
	at com.zebrunner.carina.webdriver.listener.EventFiringAppiumCommandExecutor.execute(EventFiringAppiumCommandExecutor.java:109)
	at org.openqa.selenium.remote.RemoteWebDriver.execute(RemoteWebDriver.java:602)
	at io.appium.java_client.AppiumDriver.startSession(AppiumDriver.java:274)
	at org.openqa.selenium.remote.RemoteWebDriver.<init>(RemoteWebDriver.java:163)
	at io.appium.java_client.AppiumDriver.<init>(AppiumDriver.java:89)
	at io.appium.java_client.android.AndroidDriver.<init>(AndroidDriver.java:103)
	at com.zebrunner.carina.webdriver.core.factory.impl.MobileFactory.create(MobileFactory.java:111)
	at com.zebrunner.carina.webdriver.core.factory.DriverFactory.create(DriverFactory.java:89)
	at com.zebrunner.carina.webdriver.IDriverPool.createDriver(IDriverPool.java:404)
	at com.zebrunner.carina.webdriver.IDriverPool.getDriver(IDriverPool.java:152)
	at com.zebrunner.carina.webdriver.IDriverPool.getDriver(IDriverPool.java:116)
	at com.zebrunner.carina.webdriver.IDriverPool.getDriver(IDriverPool.java:104)
	at com.automation.stepdefinitions.LoginPageSteps.launchApplication(LoginPageSteps.java:33)
	at ✽.I launch the EZ Bank mobile application(file:///workspaces/TestMobileCarina/mobile-automation-ez-bank/src/test/resources/features/login.feature:8)

  Given I am on the login page                  # com.automation.stepdefinitions.LoginPageSteps.navigateToLoginPage()
  When I enter username "test_user"             # com.automation.stepdefinitions.LoginPageSteps.enterUsername(java.lang.String)
  And I enter password "password123"            # com.automation.stepdefinitions.LoginPageSteps.enterPassword(java.lang.String)
  And I click the login button                  # com.automation.stepdefinitions.LoginPageSteps.clickLoginButton()
  Then I should be logged in successfully       # com.automation.stepdefinitions.LoginPageSteps.verifySuccessfulLogin()
  And I should see the app logo                 # com.automation.stepdefinitions.LoginPageSteps.verifyAppLogo()
  And the app title should be displayed         # com.automation.stepdefinitions.LoginPageSteps.verifyAppTitle()

============================================================
Scenario Failed: Login and verify home page elements
============================================================

2025-11-30 12:40:21 Messager [main-1] [ERROR] TEST [Surefire test - runScenario [L05]] FAILED at [12:40:21 2025-11-30] - Could not start a new session. Response code 404. Message: The requested resource could not be found, or a request was received using an HTTP method that is not supported by the mapped resource. 
Host info: host: 'codespaces-e2cff2', ip: '127.0.0.1'
Build info: version: '4.13.0', revision: 'ba948ece5b*'
System info: os.name: 'Linux', os.arch: 'amd64', os.version: '6.8.0-1030-azure', java.version: '21.0.9'
Driver info: io.appium.java_client.android.AndroidDriver
Command: [null, newSession {capabilities=[{appium:deviceType=phone, appium:locale=US, appium:language=en, appium:automationName=UiAutomator2, appium:fullReset=false, appium:platformVersion=13.0, appium:noReset=true, appium:autoGrantPermissions=true, appium:appActivity=com.saucelabs.mydemoapp.android.view.activities.SplashActivity, appium:deviceName=emulator-5554, platformName=ANDROID, appium:app=https://github.com/saucelabs/my-demo-app-android/releases/download/v2.2.0/mda-2.2.0-25.apk, appium:appPackage=com.saucelabs.mydemoapp.android}], desiredCapabilities=Capabilities {appium:app: https://github.com/saucelab..., appium:appActivity: com.saucelabs.mydemoapp.and..., appium:appPackage: com.saucelabs.mydemoapp.and..., appium:autoGrantPermissions: true, appium:automationName: UiAutomator2, appium:deviceName: emulator-5554, appium:deviceType: phone, appium:fullReset: false, appium:language: en, appium:locale: US, appium:noReset: true, appium:platformVersion: 13.0, platformName: ANDROID}}]
Capabilities {appium:app: https://github.com/saucelab..., appium:appActivity: com.saucelabs.mydemoapp.and..., appium:appPackage: com.saucelabs.mydemoapp.and..., appium:autoGrantPermissions: true, appium:automationName: UiAutomator2, appium:deviceName: emulator-5554, appium:deviceType: phone, appium:fullReset: false, appium:language: en, appium:locale: US, appium:noReset: true, appium:platformVersion: 13.0, platformName: ANDROID}

org.openqa.selenium.remote.ProtocolHandshake.createSession(ProtocolHandshake.java:140)
java.base/jdk.internal.reflect.DirectMethodHandleAccessor.invoke(DirectMethodHandleAccessor.java:103)
java.base/java.lang.reflect.Method.invoke(Method.java:580)
io.appium.java_client.remote.AppiumProtocolHandshake.createSession(AppiumProtocolHandshake.java:133)
io.appium.java_client.remote.AppiumProtocolHandshake.createSession(AppiumProtocolHandshake.java:102)
io.appium.java_client.remote.AppiumCommandExecutor.createSession(AppiumCommandExecutor.java:182)
io.appium.java_client.remote.AppiumCommandExecutor.execute(AppiumCommandExecutor.java:250)
com.zebrunner.carina.webdriver.listener.EventFiringAppiumCommandExecutor.execute(EventFiringAppiumCommandExecutor.java:109)
org.openqa.selenium.remote.RemoteWebDriver.execute(RemoteWebDriver.java:602)
io.appium.java_client.AppiumDriver.startSession(AppiumDriver.java:274)
org.openqa.selenium.remote.RemoteWebDriver.<init>(RemoteWebDriver.java:163)
io.appium.java_client.AppiumDriver.<init>(AppiumDriver.java:89)
io.appium.java_client.android.AndroidDriver.<init>(AndroidDriver.java:103)
com.zebrunner.carina.webdriver.core.factory.impl.MobileFactory.create(MobileFactory.java:111)
com.zebrunner.carina.webdriver.core.factory.DriverFactory.create(DriverFactory.java:89)
com.zebrunner.carina.webdriver.IDriverPool.createDriver(IDriverPool.java:404)
com.zebrunner.carina.webdriver.IDriverPool.getDriver(IDriverPool.java:152)
com.zebrunner.carina.webdriver.IDriverPool.getDriver(IDriverPool.java:116)
com.zebrunner.carina.webdriver.IDriverPool.getDriver(IDriverPool.java:104)
com.automation.stepdefinitions.LoginPageSteps.launchApplication(LoginPageSteps.java:33)
✽.I launch the EZ Bank mobile application(file:///workspaces/TestMobileCarina/mobile-automation-ez-bank/src/test/resources/features/login.feature:8)
]]></system-out>
  </testcase>
  <testcase name="runScenario[&quot;Navigate to products cart after login&quot;, &quot;User Login Testing&quot;](6)" classname="com.automation.runners.CucumberTestRunner" time="0.106">
    <failure message="Could not start a new session. Response code 404. Message: The requested resource could not be found, or a request was received using an HTTP method that is not supported by the mapped resource. &#10;Host info: host: &apos;codespaces-e2cff2&apos;, ip: &apos;127.0.0.1&apos;&#10;Build info: version: &apos;4.13.0&apos;, revision: &apos;ba948ece5b*&apos;&#10;System info: os.name: &apos;Linux&apos;, os.arch: &apos;amd64&apos;, os.version: &apos;6.8.0-1030-azure&apos;, java.version: &apos;21.0.9&apos;&#10;Driver info: io.appium.java_client.android.AndroidDriver&#10;Command: [null, newSession {capabilities=[{appium:deviceType=phone, appium:locale=US, appium:language=en, appium:automationName=UiAutomator2, appium:fullReset=false, appium:platformVersion=13.0, appium:noReset=true, appium:autoGrantPermissions=true, appium:appActivity=com.saucelabs.mydemoapp.android.view.activities.SplashActivity, appium:deviceName=emulator-5554, platformName=ANDROID, appium:app=https://github.com/saucelabs/my-demo-app-android/releases/download/v2.2.0/mda-2.2.0-25.apk, appium:appPackage=com.saucelabs.mydemoapp.android}], desiredCapabilities=Capabilities {appium:app: https://github.com/saucelab..., appium:appActivity: com.saucelabs.mydemoapp.and..., appium:appPackage: com.saucelabs.mydemoapp.and..., appium:autoGrantPermissions: true, appium:automationName: UiAutomator2, appium:deviceName: emulator-5554, appium:deviceType: phone, appium:fullReset: false, appium:language: en, appium:locale: US, appium:noReset: true, appium:platformVersion: 13.0, platformName: ANDROID}}]&#10;Capabilities {appium:app: https://github.com/saucelab..., appium:appActivity: com.saucelabs.mydemoapp.and..., appium:appPackage: com.saucelabs.mydemoapp.and..., appium:autoGrantPermissions: true, appium:automationName: UiAutomator2, appium:deviceName: emulator-5554, appium:deviceType: phone, appium:fullReset: false, appium:language: en, appium:locale: US, appium:noReset: true, appium:platformVersion: 13.0, platformName: ANDROID}" type="org.openqa.selenium.SessionNotCreatedException"><![CDATA[org.openqa.selenium.SessionNotCreatedException: 
Could not start a new session. Response code 404. Message: The requested resource could not be found, or a request was received using an HTTP method that is not supported by the mapped resource. 
Host info: host: 'codespaces-e2cff2', ip: '127.0.0.1'
Build info: version: '4.13.0', revision: 'ba948ece5b*'
System info: os.name: 'Linux', os.arch: 'amd64', os.version: '6.8.0-1030-azure', java.version: '21.0.9'
Driver info: io.appium.java_client.android.AndroidDriver
Command: [null, newSession {capabilities=[{appium:deviceType=phone, appium:locale=US, appium:language=en, appium:automationName=UiAutomator2, appium:fullReset=false, appium:platformVersion=13.0, appium:noReset=true, appium:autoGrantPermissions=true, appium:appActivity=com.saucelabs.mydemoapp.android.view.activities.SplashActivity, appium:deviceName=emulator-5554, platformName=ANDROID, appium:app=https://github.com/saucelabs/my-demo-app-android/releases/download/v2.2.0/mda-2.2.0-25.apk, appium:appPackage=com.saucelabs.mydemoapp.android}], desiredCapabilities=Capabilities {appium:app: https://github.com/saucelab..., appium:appActivity: com.saucelabs.mydemoapp.and..., appium:appPackage: com.saucelabs.mydemoapp.and..., appium:autoGrantPermissions: true, appium:automationName: UiAutomator2, appium:deviceName: emulator-5554, appium:deviceType: phone, appium:fullReset: false, appium:language: en, appium:locale: US, appium:noReset: true, appium:platformVersion: 13.0, platformName: ANDROID}}]
Capabilities {appium:app: https://github.com/saucelab..., appium:appActivity: com.saucelabs.mydemoapp.and..., appium:appPackage: com.saucelabs.mydemoapp.and..., appium:autoGrantPermissions: true, appium:automationName: UiAutomator2, appium:deviceName: emulator-5554, appium:deviceType: phone, appium:fullReset: false, appium:language: en, appium:locale: US, appium:noReset: true, appium:platformVersion: 13.0, platformName: ANDROID}
	at org.openqa.selenium.remote.ProtocolHandshake.createSession(ProtocolHandshake.java:140)
	at java.base/jdk.internal.reflect.DirectMethodHandleAccessor.invoke(DirectMethodHandleAccessor.java:103)
	at java.base/java.lang.reflect.Method.invoke(Method.java:580)
	at io.appium.java_client.remote.AppiumProtocolHandshake.createSession(AppiumProtocolHandshake.java:133)
	at io.appium.java_client.remote.AppiumProtocolHandshake.createSession(AppiumProtocolHandshake.java:102)
	at io.appium.java_client.remote.AppiumCommandExecutor.createSession(AppiumCommandExecutor.java:182)
	at io.appium.java_client.remote.AppiumCommandExecutor.execute(AppiumCommandExecutor.java:250)
	at com.zebrunner.carina.webdriver.listener.EventFiringAppiumCommandExecutor.execute(EventFiringAppiumCommandExecutor.java:109)
	at org.openqa.selenium.remote.RemoteWebDriver.execute(RemoteWebDriver.java:602)
	at io.appium.java_client.AppiumDriver.startSession(AppiumDriver.java:274)
	at org.openqa.selenium.remote.RemoteWebDriver.<init>(RemoteWebDriver.java:163)
	at io.appium.java_client.AppiumDriver.<init>(AppiumDriver.java:89)
	at io.appium.java_client.android.AndroidDriver.<init>(AndroidDriver.java:103)
	at com.zebrunner.carina.webdriver.core.factory.impl.MobileFactory.create(MobileFactory.java:111)
	at com.zebrunner.carina.webdriver.core.factory.DriverFactory.create(DriverFactory.java:89)
	at com.zebrunner.carina.webdriver.IDriverPool.createDriver(IDriverPool.java:404)
	at com.zebrunner.carina.webdriver.IDriverPool.getDriver(IDriverPool.java:152)
	at com.zebrunner.carina.webdriver.IDriverPool.getDriver(IDriverPool.java:116)
	at com.zebrunner.carina.webdriver.IDriverPool.getDriver(IDriverPool.java:104)
	at com.automation.stepdefinitions.LoginPageSteps.launchApplication(LoginPageSteps.java:33)
	at ✽.I launch the EZ Bank mobile application(file:///workspaces/TestMobileCarina/mobile-automation-ez-bank/src/test/resources/features/login.feature:8)
]]></failure>
    <system-out><![CDATA[2025-11-30 12:40:21 TestRunRegistrar [main-1] [WARN] Reporting disabled: using no op test run registrar
2025-11-30 12:40:21 Messager [main-1] [INFO] TEST [Surefire test - runScenario [L06]] STARTED at [12:40:21 2025-11-30]

@mobile @login
Scenario: Navigate to products cart after login                     # src/test/resources/features/login.feature:29

============================================================
Starting Scenario: Navigate to products cart after login
============================================================
2025-11-30 12:40:21 LoginPageSteps [main-1] [INFO] === Launching EZ Bank mobile application ===
2025-11-30 12:40:21 DriverFactory [main-1] [INFO] Starting driver session...
  Given I launch the EZ Bank mobile application                     # com.automation.stepdefinitions.LoginPageSteps.launchApplication()
      org.openqa.selenium.SessionNotCreatedException: Could not start a new session. Response code 404. Message: The requested resource could not be found, or a request was received using an HTTP method that is not supported by the mapped resource. 
Host info: host: 'codespaces-e2cff2', ip: '127.0.0.1'
Build info: version: '4.13.0', revision: 'ba948ece5b*'
System info: os.name: 'Linux', os.arch: 'amd64', os.version: '6.8.0-1030-azure', java.version: '21.0.9'
Driver info: io.appium.java_client.android.AndroidDriver
Command: [null, newSession {capabilities=[{appium:deviceType=phone, appium:locale=US, appium:language=en, appium:automationName=UiAutomator2, appium:fullReset=false, appium:platformVersion=13.0, appium:noReset=true, appium:autoGrantPermissions=true, appium:appActivity=com.saucelabs.mydemoapp.android.view.activities.SplashActivity, appium:deviceName=emulator-5554, platformName=ANDROID, appium:app=https://github.com/saucelabs/my-demo-app-android/releases/download/v2.2.0/mda-2.2.0-25.apk, appium:appPackage=com.saucelabs.mydemoapp.android}], desiredCapabilities=Capabilities {appium:app: https://github.com/saucelab..., appium:appActivity: com.saucelabs.mydemoapp.and..., appium:appPackage: com.saucelabs.mydemoapp.and..., appium:autoGrantPermissions: true, appium:automationName: UiAutomator2, appium:deviceName: emulator-5554, appium:deviceType: phone, appium:fullReset: false, appium:language: en, appium:locale: US, appium:noReset: true, appium:platformVersion: 13.0, platformName: ANDROID}}]
Capabilities {appium:app: https://github.com/saucelab..., appium:appActivity: com.saucelabs.mydemoapp.and..., appium:appPackage: com.saucelabs.mydemoapp.and..., appium:autoGrantPermissions: true, appium:automationName: UiAutomator2, appium:deviceName: emulator-5554, appium:deviceType: phone, appium:fullReset: false, appium:language: en, appium:locale: US, appium:noReset: true, appium:platformVersion: 13.0, platformName: ANDROID}
	at org.openqa.selenium.remote.ProtocolHandshake.createSession(ProtocolHandshake.java:140)
	at java.base/jdk.internal.reflect.DirectMethodHandleAccessor.invoke(DirectMethodHandleAccessor.java:103)
	at java.base/java.lang.reflect.Method.invoke(Method.java:580)
	at io.appium.java_client.remote.AppiumProtocolHandshake.createSession(AppiumProtocolHandshake.java:133)
	at io.appium.java_client.remote.AppiumProtocolHandshake.createSession(AppiumProtocolHandshake.java:102)
	at io.appium.java_client.remote.AppiumCommandExecutor.createSession(AppiumCommandExecutor.java:182)
	at io.appium.java_client.remote.AppiumCommandExecutor.execute(AppiumCommandExecutor.java:250)
	at com.zebrunner.carina.webdriver.listener.EventFiringAppiumCommandExecutor.execute(EventFiringAppiumCommandExecutor.java:109)
	at org.openqa.selenium.remote.RemoteWebDriver.execute(RemoteWebDriver.java:602)
	at io.appium.java_client.AppiumDriver.startSession(AppiumDriver.java:274)
	at org.openqa.selenium.remote.RemoteWebDriver.<init>(RemoteWebDriver.java:163)
	at io.appium.java_client.AppiumDriver.<init>(AppiumDriver.java:89)
	at io.appium.java_client.android.AndroidDriver.<init>(AndroidDriver.java:103)
	at com.zebrunner.carina.webdriver.core.factory.impl.MobileFactory.create(MobileFactory.java:111)
	at com.zebrunner.carina.webdriver.core.factory.DriverFactory.create(DriverFactory.java:89)
	at com.zebrunner.carina.webdriver.IDriverPool.createDriver(IDriverPool.java:404)
	at com.zebrunner.carina.webdriver.IDriverPool.getDriver(IDriverPool.java:152)
	at com.zebrunner.carina.webdriver.IDriverPool.getDriver(IDriverPool.java:116)
	at com.zebrunner.carina.webdriver.IDriverPool.getDriver(IDriverPool.java:104)
	at com.automation.stepdefinitions.LoginPageSteps.launchApplication(LoginPageSteps.java:33)
	at ✽.I launch the EZ Bank mobile application(file:///workspaces/TestMobileCarina/mobile-automation-ez-bank/src/test/resources/features/login.feature:8)

  Given I am on the login page                                      # com.automation.stepdefinitions.LoginPageSteps.navigateToLoginPage()
  When I login with username "test_user" and password "password123" # com.automation.stepdefinitions.LoginPageSteps.loginWithCredentials(java.lang.String,java.lang.String)
  Then I should be logged in successfully                           # com.automation.stepdefinitions.LoginPageSteps.verifySuccessfulLogin()
  When I click on the products cart                                 # com.automation.stepdefinitions.HomePageSteps.iClickOnTheProductsCart()
  Then the app should display the products cart

============================================================
Scenario Failed: Navigate to products cart after login
============================================================

2025-11-30 12:40:21 Messager [main-1] [ERROR] TEST [Surefire test - runScenario [L06]] FAILED at [12:40:21 2025-11-30] - Could not start a new session. Response code 404. Message: The requested resource could not be found, or a request was received using an HTTP method that is not supported by the mapped resource. 
Host info: host: 'codespaces-e2cff2', ip: '127.0.0.1'
Build info: version: '4.13.0', revision: 'ba948ece5b*'
System info: os.name: 'Linux', os.arch: 'amd64', os.version: '6.8.0-1030-azure', java.version: '21.0.9'
Driver info: io.appium.java_client.android.AndroidDriver
Command: [null, newSession {capabilities=[{appium:deviceType=phone, appium:locale=US, appium:language=en, appium:automationName=UiAutomator2, appium:fullReset=false, appium:platformVersion=13.0, appium:noReset=true, appium:autoGrantPermissions=true, appium:appActivity=com.saucelabs.mydemoapp.android.view.activities.SplashActivity, appium:deviceName=emulator-5554, platformName=ANDROID, appium:app=https://github.com/saucelabs/my-demo-app-android/releases/download/v2.2.0/mda-2.2.0-25.apk, appium:appPackage=com.saucelabs.mydemoapp.android}], desiredCapabilities=Capabilities {appium:app: https://github.com/saucelab..., appium:appActivity: com.saucelabs.mydemoapp.and..., appium:appPackage: com.saucelabs.mydemoapp.and..., appium:autoGrantPermissions: true, appium:automationName: UiAutomator2, appium:deviceName: emulator-5554, appium:deviceType: phone, appium:fullReset: false, appium:language: en, appium:locale: US, appium:noReset: true, appium:platformVersion: 13.0, platformName: ANDROID}}]
Capabilities {appium:app: https://github.com/saucelab..., appium:appActivity: com.saucelabs.mydemoapp.and..., appium:appPackage: com.saucelabs.mydemoapp.and..., appium:autoGrantPermissions: true, appium:automationName: UiAutomator2, appium:deviceName: emulator-5554, appium:deviceType: phone, appium:fullReset: false, appium:language: en, appium:locale: US, appium:noReset: true, appium:platformVersion: 13.0, platformName: ANDROID}

org.openqa.selenium.remote.ProtocolHandshake.createSession(ProtocolHandshake.java:140)
java.base/jdk.internal.reflect.DirectMethodHandleAccessor.invoke(DirectMethodHandleAccessor.java:103)
java.base/java.lang.reflect.Method.invoke(Method.java:580)
io.appium.java_client.remote.AppiumProtocolHandshake.createSession(AppiumProtocolHandshake.java:133)
io.appium.java_client.remote.AppiumProtocolHandshake.createSession(AppiumProtocolHandshake.java:102)
io.appium.java_client.remote.AppiumCommandExecutor.createSession(AppiumCommandExecutor.java:182)
io.appium.java_client.remote.AppiumCommandExecutor.execute(AppiumCommandExecutor.java:250)
com.zebrunner.carina.webdriver.listener.EventFiringAppiumCommandExecutor.execute(EventFiringAppiumCommandExecutor.java:109)
org.openqa.selenium.remote.RemoteWebDriver.execute(RemoteWebDriver.java:602)
io.appium.java_client.AppiumDriver.startSession(AppiumDriver.java:274)
org.openqa.selenium.remote.RemoteWebDriver.<init>(RemoteWebDriver.java:163)
io.appium.java_client.AppiumDriver.<init>(AppiumDriver.java:89)
io.appium.java_client.android.AndroidDriver.<init>(AndroidDriver.java:103)
com.zebrunner.carina.webdriver.core.factory.impl.MobileFactory.create(MobileFactory.java:111)
com.zebrunner.carina.webdriver.core.factory.DriverFactory.create(DriverFactory.java:89)
com.zebrunner.carina.webdriver.IDriverPool.createDriver(IDriverPool.java:404)
com.zebrunner.carina.webdriver.IDriverPool.getDriver(IDriverPool.java:152)
com.zebrunner.carina.webdriver.IDriverPool.getDriver(IDriverPool.java:116)
com.zebrunner.carina.webdriver.IDriverPool.getDriver(IDriverPool.java:104)
com.automation.stepdefinitions.LoginPageSteps.launchApplication(LoginPageSteps.java:33)
✽.I launch the EZ Bank mobile application(file:///workspaces/TestMobileCarina/mobile-automation-ez-bank/src/test/resources/features/login.feature:8)
]]></system-out>
  </testcase>
</testsuite>